[1400281200] LOG ROTATION: DAILY
[1400281200] LOG VERSION: 2.0
[1400281200] CURRENT HOST STATE: 84.203.208.42;UP;HARD;1;
[1400281200] CURRENT HOST STATE: 84.203.208.43;UP;HARD;1;
[1400281200] CURRENT HOST STATE: api.clickatell.com;UP;HARD;1;
[1400281200] CURRENT HOST STATE: asterisk.int.mttnow.com;UP;HARD;1;
[1400281200] CURRENT HOST STATE: b2b.easyjet.com;UP;HARD;1;HTTP WARNING: HTTP/1.1 400 Bad Request
[1400281200] CURRENT HOST STATE: bcd.mttnow.com;UP;HARD;1;
[1400281200] CURRENT HOST STATE: eleventh-hour.com;UP;HARD;1;
[1400281200] CURRENT HOST STATE: helpdesk.mttnow.com;UP;HARD;1;
[1400281200] CURRENT HOST STATE: latam.mttnow.com;UP;HARD;1;
[1400281200] CURRENT HOST STATE: localhost;UP;HARD;1;PING OK - Packet loss = 0%, RTA = 1.62 ms
[1400281200] CURRENT HOST STATE: m.abacus.com.sg;UP;HARD;1;
[1400281200] CURRENT HOST STATE: m.atlantisthepalm.com;UP;HARD;1;
[1400281200] CURRENT HOST STATE: m.easyjet.com;UP;HARD;1;HTTP OK - HTTP/1.1 302 Found - 0.259 second response time
[1400281200] CURRENT HOST STATE: m.flybe.com;UP;HARD;1;
[1400281200] CURRENT HOST STATE: m.jumeirah.com;UP;HARD;1;
[1400281200] CURRENT HOST STATE: m.transavia.com;UP;HARD;1;
[1400281200] CURRENT HOST STATE: mobile.jetstar.com;UP;HARD;1;PING OK - Packet loss = 0%, RTA = 197.26 ms
[1400281200] CURRENT HOST STATE: s1-sc5-b-euw;UP;HARD;1;
[1400281200] CURRENT HOST STATE: s1.jq.mttnow.com;UP;HARD;1;
[1400281200] CURRENT HOST STATE: s2-sc5-c-euw;UP;HARD;1;
[1400281200] CURRENT HOST STATE: s2.jq.mttnow.com;UP;HARD;1;
[1400281200] CURRENT HOST STATE: security.mttnow.com;UP;HARD;1;
[1400281200] CURRENT HOST STATE: www.mttnow.com;UP;HARD;1;
[1400281200] CURRENT SERVICE STATE: 84.203.208.42;RBL Check;OK;HARD;1;CHECK_RBL OK - 84.203.208.42 BLACKLISTED on 0 servers of 41
[1400281200] CURRENT SERVICE STATE: 84.203.208.43;RBL Check;OK;HARD;1;CHECK_RBL OK -  (1 server timed out: access.redhawk.org)
[1400281200] CURRENT SERVICE STATE: api.clickatell.com;HTTPS;OK;HARD;1;HTTP OK HTTP/1.1 200 OK - 147 bytes in 1.059 seconds
[1400281200] CURRENT SERVICE STATE: asterisk.int.mttnow.com;Asterisk Trunk Reg Failure;OK;HARD;1;TCP OK - 0.794 second response time on port 7080
[1400281200] CURRENT SERVICE STATE: b2b.easyjet.com;HTTP;OK;HARD;1;WebInject OK - All tests passed successfully in 0.345 seconds
[1400281200] CURRENT SERVICE STATE: b2b.easyjet.com;HTTPS;OK;HARD;1;HTTP OK HTTP/1.1 200 OK - 3328 bytes in 0.604 seconds
[1400281200] CURRENT SERVICE STATE: b2b.easyjet.com;Login Request;OK;HARD;1;WebInject OK - All tests passed successfully in 0.808 seconds
[1400281200] CURRENT SERVICE STATE: b2b.easyjet.com;SSL Cert;OK;HARD;1;OK: certificate expires in 842 days (Mon Sep  5 00:59:59 2016)
[1400281200] CURRENT SERVICE STATE: bcd.mttnow.com;APP - Component Check - ELB;OK;HARD;1;WebInject OK - All tests passed successfully in 1.289 seconds
[1400281200] CURRENT SERVICE STATE: bcd.mttnow.com;APP - Component Check - s1-sc1-c-use;OK;HARD;1;WebInject OK - All tests passed successfully in 1.22 seconds
[1400281200] CURRENT SERVICE STATE: bcd.mttnow.com;APP - Component Check - s2-sc2-d-use;OK;HARD;1;WebInject OK - All tests passed successfully in 1.196 seconds
[1400281200] CURRENT SERVICE STATE: bcd.mttnow.com;APP - Elasticsearch Status;OK;HARD;1;OK: status is green
[1400281200] CURRENT SERVICE STATE: bcd.mttnow.com;APP - Last Registration - s1-sc1-c-use;OK;HARD;1;OK: Value is 60.000
[1400281200] CURRENT SERVICE STATE: bcd.mttnow.com;APP - Last Registration - s2-sc2-d-use;OK;HARD;1;OK: Value is 21.000
[1400281200] CURRENT SERVICE STATE: bcd.mttnow.com;APP - Registrations per hour - ELB;OK;HARD;1;OK: Value is 141.000
[1400281200] CURRENT SERVICE STATE: bcd.mttnow.com;Disk / - adb1-c-use;OK;HARD;1;DISK OK - free space: / 6145 MB (76% inode=92%):
[1400281200] CURRENT SERVICE STATE: bcd.mttnow.com;Disk / - adb2-d-use;OK;HARD;1;DISK OK - free space: / 6145 MB (76% inode=92%):
[1400281200] CURRENT SERVICE STATE: bcd.mttnow.com;Disk / - pms-a-use;OK;HARD;1;DISK OK - free space: / 5693 MB (71% inode=91%):
[1400281200] CURRENT SERVICE STATE: bcd.mttnow.com;Disk / - s1-sc1-c-use;OK;HARD;1;DISK OK - free space: / 4062 MB (50% inode=75%):
[1400281200] CURRENT SERVICE STATE: bcd.mttnow.com;Disk / - s2-sc2-d-use;OK;HARD;1;DISK OK - free space: / 4096 MB (51% inode=75%):
[1400281200] CURRENT SERVICE STATE: bcd.mttnow.com;Disk / - sms1-c-use;OK;HARD;1;DISK OK - free space: / 5698 MB (71% inode=91%):
[1400281200] CURRENT SERVICE STATE: bcd.mttnow.com;Disk / - sms2-d-use;OK;HARD;1;DISK OK - free space: / 5698 MB (71% inode=91%):
[1400281200] CURRENT SERVICE STATE: bcd.mttnow.com;Disk /var - adb1-c-use;OK;HARD;1;DISK OK - free space: /var 278802 MB (97% inode=99%):
[1400281200] CURRENT SERVICE STATE: bcd.mttnow.com;Disk /var - adb2-d-use;OK;HARD;1;DISK OK - free space: /var 278776 MB (97% inode=99%):
[1400281200] CURRENT SERVICE STATE: bcd.mttnow.com;Disk /var - pms-a-use;OK;HARD;1;DISK OK - free space: /var 227756 MB (79% inode=99%):
[1400281200] CURRENT SERVICE STATE: bcd.mttnow.com;Disk /var - s1-sc1-c-use;OK;HARD;1;DISK OK - free space: /var 223306 MB (77% inode=99%):
[1400281200] CURRENT SERVICE STATE: bcd.mttnow.com;Disk /var - s2-sc2-d-use;OK;HARD;1;DISK OK - free space: /var 223409 MB (77% inode=99%):
[1400281200] CURRENT SERVICE STATE: bcd.mttnow.com;Disk /var - sms1-c-use;OK;HARD;1;DISK OK - free space: /var 237592 MB (82% inode=99%):
[1400281200] CURRENT SERVICE STATE: bcd.mttnow.com;Disk /var - sms2-d-use;OK;HARD;1;DISK OK - free space: /var 237542 MB (82% inode=99%):
[1400281200] CURRENT SERVICE STATE: bcd.mttnow.com;NTP Offset - adb1-c-use;OK;HARD;1;NTP OK: Offset 0.0009158849716 secs
[1400281200] CURRENT SERVICE STATE: bcd.mttnow.com;NTP Offset - adb2-d-use;OK;HARD;1;NTP OK: Offset 0.001461744308 secs
[1400281200] CURRENT SERVICE STATE: bcd.mttnow.com;NTP Offset - pms-a-use;OK;HARD;1;NTP OK: Offset -0.001837491989 secs
[1400281200] CURRENT SERVICE STATE: bcd.mttnow.com;NTP Offset - s1-sc1-c-use;OK;HARD;1;NTP OK: Offset 0.00247323513 secs
[1400281200] CURRENT SERVICE STATE: bcd.mttnow.com;NTP Offset - s2-sc2-d-use;OK;HARD;1;NTP OK: Offset 0.008505821228 secs
[1400281200] CURRENT SERVICE STATE: bcd.mttnow.com;NTP Offset - sms1-c-use;OK;HARD;1;NTP OK: Offset -0.0001966953278 secs
[1400281200] CURRENT SERVICE STATE: bcd.mttnow.com;NTP Offset - sms2-d-use;OK;HARD;1;NTP OK: Offset 0.000232219696 secs
[1400281200] CURRENT SERVICE STATE: bcd.mttnow.com;TripSource www site;OK;HARD;1;HTTP OK - HTTP/1.0 301 Moved Permanently - 0.779 second response time
[1400281200] CURRENT SERVICE STATE: eleventh-hour.com;APP - API Status;OK;HARD;1;WebInject OK - All tests passed successfully in 0.759 seconds
[1400281200] CURRENT SERVICE STATE: eleventh-hour.com;Email Errors S1 EUR;OK;HARD;1;OK: Value is 0.000
[1400281200] CURRENT SERVICE STATE: eleventh-hour.com;HTTP - Admin Europe;OK;HARD;1;HTTP OK HTTP/1.1 200 OK - 14568 bytes in 0.751 seconds
[1400281200] CURRENT SERVICE STATE: eleventh-hour.com;Server 1 - Disk /;OK;HARD;1;DISK OK - free space: / 5207 MB (65% inode=87%):
[1400281200] CURRENT SERVICE STATE: eleventh-hour.com;Server 1 - Disk /var;OK;HARD;1;DISK OK - free space: /var 9558 MB (33% inode=98%):
[1400281200] CURRENT SERVICE STATE: eleventh-hour.com;Server 1 - NTP Offset;OK;HARD;1;NTP OK: Offset -0.0002844333649 secs
[1400281200] CURRENT SERVICE STATE: eleventh-hour.com;Tomcat Memory S1 EUR;OK;HARD;1;OK: Value is 963524.000
[1400281200] CURRENT SERVICE STATE: helpdesk.mttnow.com;Eleventh Hour POP3;OK;HARD;1;POP3_ACCOUNT OK - 4 emails for helpdesk@eleventh-hour.com
[1400281200] CURRENT SERVICE STATE: helpdesk.mttnow.com;General POP3;OK;HARD;1;POP3_ACCOUNT OK - 0 emails for helpdesk@mttnow.com
[1400281200] CURRENT SERVICE STATE: helpdesk.mttnow.com;HTTP;OK;HARD;1;HTTP OK - HTTP/1.1 302 Found - 0.271 second response time
[1400281200] CURRENT SERVICE STATE: helpdesk.mttnow.com;Helpdesk Ansaback queue checking;OK;HARD;1;OK: Value is 0.000
[1400281200] CURRENT SERVICE STATE: helpdesk.mttnow.com;Helpdesk Ops Support queue checking;OK;HARD;1;OK: Value is 0.000
[1400281200] CURRENT SERVICE STATE: latam.mttnow.com;APP - Elasticsearch Status;OK;HARD;1;OK: status is green
[1400281200] CURRENT SERVICE STATE: latam.mttnow.com;APP - Email Send Check - elb1-usw;OK;HARD;1;OK : sum:3222 : 3.222 seconds to complete.
[1400281200] CURRENT SERVICE STATE: latam.mttnow.com;APP - Flight Data Check - elb1-usw;OK;HARD;1;WebInject OK - All tests passed successfully in 0.635 seconds
[1400281200] CURRENT SERVICE STATE: latam.mttnow.com;APP - Flight Data Check - s1-sc1-b-usw;OK;HARD;1;WebInject OK - All tests passed successfully in 0.583 seconds
[1400281200] CURRENT SERVICE STATE: latam.mttnow.com;APP - Flight Data Check - s2-sc1-c-usw;OK;HARD;1;WebInject OK - All tests passed successfully in 0.7 seconds
[1400281200] CURRENT SERVICE STATE: latam.mttnow.com;Disk / - s1-sc1-b-usw;OK;HARD;1;DISK OK - free space: / 6046 MB (75% inode=89%):
[1400281200] CURRENT SERVICE STATE: latam.mttnow.com;Disk / - s2-sc1-c-usw;OK;HARD;1;DISK OK - free space: / 6046 MB (75% inode=89%):
[1400281200] CURRENT SERVICE STATE: latam.mttnow.com;Disk /var - s1-sc1-b-usw;OK;HARD;1;DISK OK - free space: /var 25481 MB (53% inode=99%):
[1400281200] CURRENT SERVICE STATE: latam.mttnow.com;Disk /var - s2-sc1-c-usw;OK;HARD;1;DISK OK - free space: /var 29817 MB (62% inode=99%):
[1400281200] CURRENT SERVICE STATE: latam.mttnow.com;Endpoint HTTPS Status - elb1-usw;OK;HARD;1;HTTP OK HTTP/1.1 200 OK - 171 bytes in 0.327 seconds
[1400281200] CURRENT SERVICE STATE: latam.mttnow.com;NTP Offset - s1-sc1-b-usw;OK;HARD;1;NTP OK: Offset -0.0002596378326 secs
[1400281200] CURRENT SERVICE STATE: latam.mttnow.com;NTP Offset - s2-sc1-c-usw;OK;HARD;1;NTP OK: Offset -0.0005202293396 secs
[1400281200] CURRENT SERVICE STATE: localhost;Current Load;OK;HARD;1;OK - load average: 0.00, 0.04, 0.00
[1400281200] CURRENT SERVICE STATE: localhost;Current Users;OK;HARD;1;USERS OK - 0 users currently logged in
[1400281200] CURRENT SERVICE STATE: localhost;PING;OK;HARD;1;PING OK - Packet loss = 0%, RTA = 0.05 ms
[1400281200] CURRENT SERVICE STATE: localhost;Root Partition;OK;HARD;1;DISK OK - free space: / 4024 MB (41% inode=96%):
[1400281200] CURRENT SERVICE STATE: localhost;SSH;OK;HARD;1;SSH OK - OpenSSH_4.3 (protocol 2.0)
[1400281200] CURRENT SERVICE STATE: localhost;Swap Usage;OK;HARD;1;SWAP OK - 100% free (255 MB out of 255 MB)
[1400281200] CURRENT SERVICE STATE: localhost;Total Processes;OK;HARD;1;PROCS OK: 38 processes with STATE = RSZDT
[1400281200] CURRENT SERVICE STATE: m.abacus.com.sg;Disk /;OK;HARD;1;DISK OK - free space: / 4859 MB (60% inode=91%):
[1400281200] CURRENT SERVICE STATE: m.abacus.com.sg;Disk /var;OK;HARD;1;DISK OK - free space: /var 27735 MB (57% inode=99%):
[1400281200] CURRENT SERVICE STATE: m.abacus.com.sg;FOX Check;OK;HARD;1;WebInject OK - All tests passed successfully in 4.577 seconds
[1400281200] CURRENT SERVICE STATE: m.abacus.com.sg;HTTP;OK;HARD;1;HTTP OK - HTTP/1.1 302 Found - 0.449 second response time
[1400281200] CURRENT SERVICE STATE: m.abacus.com.sg;HTTPS;OK;HARD;1;HTTP OK - HTTP/1.1 302 Found - 0.897 second response time
[1400281200] CURRENT SERVICE STATE: m.abacus.com.sg;RBL Check;OK;HARD;1;CHECK_RBL OK -  (1 server timed out: access.redhawk.org)
[1400281200] CURRENT SERVICE STATE: m.abacus.com.sg;SSL Cert;OK;HARD;1;OK: certificate expires in 518 days (Sat Oct 17 03:59:05 2015)
[1400281200] CURRENT SERVICE STATE: m.atlantisthepalm.com;Disk /;OK;HARD;1;DISK OK - free space: / 5624 MB (69% inode=92%):
[1400281200] CURRENT SERVICE STATE: m.atlantisthepalm.com;Disk /var;OK;HARD;1;DISK OK - free space: /var 22773 MB (46% inode=99%):
[1400281200] CURRENT SERVICE STATE: m.atlantisthepalm.com;HTTP;OK;HARD;1;HTTP OK - HTTP/1.1 302 Found - 0.250 second response time
[1400281200] CURRENT SERVICE STATE: m.atlantisthepalm.com;HTTPS;OK;HARD;1;HTTP OK - HTTP/1.1 302 Found - 0.541 second response time
[1400281200] CURRENT SERVICE STATE: m.atlantisthepalm.com;MW - Bookings per week;OK;HARD;1;OK: Value is 309.000
[1400281200] CURRENT SERVICE STATE: m.atlantisthepalm.com;MW - Dolphin Bay;OK;HARD;1;WebInject OK - All tests passed successfully in 11.41 seconds
[1400281200] CURRENT SERVICE STATE: m.atlantisthepalm.com;MW - Payment Details;OK;HARD;1;OK: Value is 1341.000
[1400281200] CURRENT SERVICE STATE: m.atlantisthepalm.com;MW - Payment Details - NIGHT;OK;HARD;1;OK: Value is 1841.000
[1400281200] CURRENT SERVICE STATE: m.atlantisthepalm.com;MW - Redirect check;OK;HARD;1;Script requires fix
[1400281200] CURRENT SERVICE STATE: m.atlantisthepalm.com;MW - Special Offers;OK;HARD;1;WebInject OK - All tests passed successfully in 0.514 seconds
[1400281200] CURRENT SERVICE STATE: m.atlantisthepalm.com;MW - Waterpark;OK;HARD;1;OK: Value is 1154.000
[1400281200] CURRENT SERVICE STATE: m.atlantisthepalm.com;RBL Check;OK;HARD;1;CHECK_RBL OK -  (1 server timed out: access.redhawk.org)
[1400281200] CURRENT SERVICE STATE: m.atlantisthepalm.com;SSL Cert;OK;HARD;1;OK: certificate expires in 695 days (Mon Apr 11 00:59:59 2016)
[1400281200] CURRENT SERVICE STATE: m.easyjet.com;APP - Elasticsearch Status;OK;HARD;1;OK: status is green
[1400281200] CURRENT SERVICE STATE: m.easyjet.com;Apps - Booking excl payment;OK;HARD;1;OK : sum:4151 : 4.151 seconds to complete.
[1400281200] CURRENT SERVICE STATE: m.easyjet.com;Apps - HTTP;OK;HARD;1;HTTP OK - HTTP/1.1 302 Found - 0.257 second response time
[1400281200] CURRENT SERVICE STATE: m.easyjet.com;Apps - HTTPS;OK;HARD;1;HTTP OK - HTTP/1.1 302 Found - 0.568 second response time
[1400281200] CURRENT SERVICE STATE: m.easyjet.com;Apps - Server1 - Booking excl payment;OK;HARD;1;OK : sum:7166 : 7.166 seconds to complete.
[1400281200] CURRENT SERVICE STATE: m.easyjet.com;Apps - Server2 - Booking excl payment;OK;HARD;1;OK : sum:5984 : 5.984 seconds to complete.
[1400281200] CURRENT SERVICE STATE: m.easyjet.com;Apps - User Login;OK;HARD;1;OK : sum:887 : 0.887 seconds to complete.
[1400281200] CURRENT SERVICE STATE: m.easyjet.com;Bookings Per Hour;OK;HARD;1;OK: Value is 136.000
[1400281200] CURRENT SERVICE STATE: m.easyjet.com;Disk / pms-a-euw;OK;HARD;1;DISK OK - free space: / 5558 MB (69% inode=82%):
[1400281200] CURRENT SERVICE STATE: m.easyjet.com;Disk / s1-sc1-b-euw;OK;HARD;1;DISK OK - free space: / 5060 MB (63% inode=81%):
[1400281200] CURRENT SERVICE STATE: m.easyjet.com;Disk / s1-sc2-b-euw;OK;HARD;1;DISK OK - free space: / 5060 MB (63% inode=81%):
[1400281200] CURRENT SERVICE STATE: m.easyjet.com;Disk / s1-sc3-b-euw;OK;HARD;1;DISK OK - free space: / 5059 MB (63% inode=81%):
[1400281200] CURRENT SERVICE STATE: m.easyjet.com;Disk / s1-sc4-b-euw;OK;HARD;1;DISK OK - free space: / 3353 MB (42% inode=81%):
[1400281200] CURRENT SERVICE STATE: m.easyjet.com;Disk / s1-sc5-b-euw;OK;HARD;1;DISK OK - free space: / 5162 MB (64% inode=81%):
[1400281200] CURRENT SERVICE STATE: m.easyjet.com;Disk / s1-sc6-b-euw;OK;HARD;1;DISK OK - free space: / 5059 MB (63% inode=81%):
[1400281200] CURRENT SERVICE STATE: m.easyjet.com;Disk / s1-sc7-b-euw;OK;HARD;1;DISK OK - free space: / 5060 MB (63% inode=81%):
[1400281200] CURRENT SERVICE STATE: m.easyjet.com;Disk / s2-sc1-c-euw;OK;HARD;1;DISK OK - free space: / 5060 MB (63% inode=81%):
[1400281200] CURRENT SERVICE STATE: m.easyjet.com;Disk / s2-sc2-c-euw;OK;HARD;1;DISK OK - free space: / 5060 MB (63% inode=81%):
[1400281200] CURRENT SERVICE STATE: m.easyjet.com;Disk / s2-sc3-c-euw;OK;HARD;1;DISK OK - free space: / 5060 MB (63% inode=81%):
[1400281200] CURRENT SERVICE STATE: m.easyjet.com;Disk / s2-sc4-c-euw;OK;HARD;1;DISK OK - free space: / 3684 MB (46% inode=81%):
[1400281200] CURRENT SERVICE STATE: m.easyjet.com;Disk / s2-sc5-c-euw;OK;HARD;1;DISK OK - free space: / 5162 MB (64% inode=81%):
[1400281200] CURRENT SERVICE STATE: m.easyjet.com;Disk / s2-sc6-c-euw;OK;HARD;1;DISK OK - free space: / 5059 MB (63% inode=81%):
[1400281200] CURRENT SERVICE STATE: m.easyjet.com;Disk / s2-sc7-c-euw;OK;HARD;1;DISK OK - free space: / 5058 MB (63% inode=81%):
[1400281200] CURRENT SERVICE STATE: m.easyjet.com;Disk / sms1-b-euw;OK;HARD;1;DISK OK - free space: / 5558 MB (69% inode=82%):
[1400281200] CURRENT SERVICE STATE: m.easyjet.com;Disk / sms2-c-euw;OK;HARD;1;DISK OK - free space: / 5558 MB (69% inode=82%):
[1400281200] CURRENT SERVICE STATE: m.easyjet.com;Disk /var pms-a-euw;OK;HARD;1;DISK OK - free space: /var 244224 MB (84% inode=99%):
[1400281200] CURRENT SERVICE STATE: m.easyjet.com;Disk /var s1-sc1-b-euw;OK;HARD;1;DISK OK - free space: /var 30983 MB (64% inode=99%):
[1400281200] CURRENT SERVICE STATE: m.easyjet.com;Disk /var s1-sc2-b-euw;OK;HARD;1;DISK OK - free space: /var 27597 MB (57% inode=99%):
[1400281200] CURRENT SERVICE STATE: m.easyjet.com;Disk /var s1-sc3-b-euw;OK;HARD;1;DISK OK - free space: /var 14999 MB (31% inode=99%):
[1400281200] CURRENT SERVICE STATE: m.easyjet.com;Disk /var s1-sc4-b-euw;OK;HARD;1;DISK OK - free space: /var 28730 MB (60% inode=99%):
[1400281200] CURRENT SERVICE STATE: m.easyjet.com;Disk /var s1-sc5-b-euw;OK;HARD;1;DISK OK - free space: /var 177255 MB (61% inode=99%):
[1400281200] CURRENT SERVICE STATE: m.easyjet.com;Disk /var s1-sc6-b-euw;OK;HARD;1;DISK OK - free space: /var 30600 MB (63% inode=99%):
[1400281200] CURRENT SERVICE STATE: m.easyjet.com;Disk /var s1-sc7-b-euw;OK;HARD;1;DISK OK - free space: /var 25581 MB (53% inode=99%):
[1400281200] CURRENT SERVICE STATE: m.easyjet.com;Disk /var s2-sc1-c-euw;OK;HARD;1;DISK OK - free space: /var 30973 MB (64% inode=99%):
[1400281200] CURRENT SERVICE STATE: m.easyjet.com;Disk /var s2-sc2-c-euw;OK;HARD;1;DISK OK - free space: /var 27495 MB (57% inode=99%):
[1400281200] CURRENT SERVICE STATE: m.easyjet.com;Disk /var s2-sc3-c-euw;OK;HARD;1;DISK OK - free space: /var 14917 MB (31% inode=99%):
[1400281200] CURRENT SERVICE STATE: m.easyjet.com;Disk /var s2-sc4-c-euw;OK;HARD;1;DISK OK - free space: /var 28746 MB (60% inode=99%):
[1400281200] CURRENT SERVICE STATE: m.easyjet.com;Disk /var s2-sc5-c-euw;OK;HARD;1;DISK OK - free space: /var 175547 MB (60% inode=99%):
[1400281200] CURRENT SERVICE STATE: m.easyjet.com;Disk /var s2-sc6-c-euw;OK;HARD;1;DISK OK - free space: /var 30563 MB (63% inode=99%):
[1400281200] CURRENT SERVICE STATE: m.easyjet.com;Disk /var s2-sc7-c-euw;OK;HARD;1;DISK OK - free space: /var 25350 MB (52% inode=99%):
[1400281200] CURRENT SERVICE STATE: m.easyjet.com;Disk /var sms1-b-euw;OK;HARD;1;DISK OK - free space: /var 249363 MB (86% inode=99%):
[1400281200] CURRENT SERVICE STATE: m.easyjet.com;Disk /var sms2-c-euw;OK;HARD;1;DISK OK - free space: /var 249367 MB (86% inode=99%):
[1400281200] CURRENT SERVICE STATE: m.easyjet.com;HTTP;OK;HARD;1;HTTP OK - HTTP/1.1 302 Found - 0.340 second response time
[1400281200] CURRENT SERVICE STATE: m.easyjet.com;HTTP - V2.4.0 check;OK;HARD;1;HTTP OK HTTP/1.1 200 OK - 5455 bytes in 0.281 seconds
[1400281200] CURRENT SERVICE STATE: m.easyjet.com;HTTP - deep check;OK;HARD;1;HTTP OK HTTP/1.1 200 OK - 6261 bytes in 0.462 seconds
[1400281200] CURRENT SERVICE STATE: m.easyjet.com;HTTPS;OK;HARD;1;HTTP OK - HTTP/1.1 302 Found - 5.691 second response time
[1400281200] CURRENT SERVICE STATE: m.easyjet.com;MW - ELB - MYSQL connections Booking;OK;HARD;1;OK: Value is 43.000
[1400281200] CURRENT SERVICE STATE: m.easyjet.com;MW - ELB - MYSQL connections Mediator;OK;HARD;1;OK: Value is 17.000
[1400281200] CURRENT SERVICE STATE: m.easyjet.com;MW - Server 1 - Flight Status;OK;HARD;1;OK: Value is 31.000
[1400281200] CURRENT SERVICE STATE: m.easyjet.com;MW - Server 1 - Flight Status - NIGHT;OK;HARD;1;OK: Value is 20.000
[1400281200] CURRENT SERVICE STATE: m.easyjet.com;MW - Server 1 - Payment Details;OK;HARD;1;OK: Value is 1.000
[1400281200] CURRENT SERVICE STATE: m.easyjet.com;MW - Server 1 - Payment Details - NIGHT;OK;HARD;1;OK: Value is 2.000
[1400281200] CURRENT SERVICE STATE: m.easyjet.com;MW - Server 1 - Session Timeouts Per Day;OK;HARD;1;OK: Value is 0.000
[1400281200] CURRENT SERVICE STATE: m.easyjet.com;MW - Server 2 - Flight Status;OK;HARD;1;OK: Value is 14.000
[1400281200] CURRENT SERVICE STATE: m.easyjet.com;MW - Server 2 - Flight Status - NIGHT;OK;HARD;1;OK: Value is 7.000
[1400281200] CURRENT SERVICE STATE: m.easyjet.com;MW - Server 2 - Payment Details - NIGHT;OK;HARD;1;OK: Value is 770.000
[1400281200] CURRENT SERVICE STATE: m.easyjet.com;MW - Server 2 - Session Timeouts Per Day;OK;HARD;1;OK: Value is 0.000
[1400281200] CURRENT SERVICE STATE: m.easyjet.com;MW - Server 2 Payment Details;OK;HARD;1;OK: Value is 310.000
[1400281200] CURRENT SERVICE STATE: m.easyjet.com;NTP Offset pms-a-euw;OK;HARD;1;NTP OK: Offset 0.001330494881 secs
[1400281200] CURRENT SERVICE STATE: m.easyjet.com;NTP Offset s1-sc1-b-euw;OK;HARD;1;NTP OK: Offset -0.005526304245 secs
[1400281200] CURRENT SERVICE STATE: m.easyjet.com;NTP Offset s1-sc2-b-euw;OK;HARD;1;NTP OK: Offset 0.005635499954 secs
[1400281200] CURRENT SERVICE STATE: m.easyjet.com;NTP Offset s1-sc3-b-euw;OK;HARD;1;NTP OK: Offset 0.001533031464 secs
[1400281200] CURRENT SERVICE STATE: m.easyjet.com;NTP Offset s1-sc4-b-euw;OK;HARD;1;NTP OK: Offset -0.00440788269 secs
[1400281200] CURRENT SERVICE STATE: m.easyjet.com;NTP Offset s1-sc5-b-euw;OK;HARD;1;NTP OK: Offset -0.01599013805 secs
[1400281200] CURRENT SERVICE STATE: m.easyjet.com;NTP Offset s1-sc6-b-euw;OK;HARD;1;NTP OK: Offset 0.0006141662598 secs
[1400281200] CURRENT SERVICE STATE: m.easyjet.com;NTP Offset s1-sc7-b-euw;OK;HARD;1;NTP OK: Offset -0.0004076957703 secs
[1400281200] CURRENT SERVICE STATE: m.easyjet.com;NTP Offset s2-sc1-c-euw;OK;HARD;1;NTP OK: Offset -0.000240445137 secs
[1400281200] CURRENT SERVICE STATE: m.easyjet.com;NTP Offset s2-sc2-c-euw;OK;HARD;1;NTP OK: Offset -0.008863449097 secs
[1400281200] CURRENT SERVICE STATE: m.easyjet.com;NTP Offset s2-sc3-c-euw;OK;HARD;1;NTP OK: Offset 0.002977371216 secs
[1400281200] CURRENT SERVICE STATE: m.easyjet.com;NTP Offset s2-sc4-c-euw;OK;HARD;1;NTP OK: Offset -0.0001411437988 secs
[1400281200] CURRENT SERVICE STATE: m.easyjet.com;NTP Offset s2-sc5-c-euw;OK;HARD;1;NTP OK: Offset -0.001445770264 secs
[1400281200] CURRENT SERVICE STATE: m.easyjet.com;NTP Offset s2-sc6-c-euw;OK;HARD;1;NTP OK: Offset -0.0004403591156 secs
[1400281200] CURRENT SERVICE STATE: m.easyjet.com;NTP Offset s2-sc7-c-euw;OK;HARD;1;NTP OK: Offset -0.005033016205 secs
[1400281200] CURRENT SERVICE STATE: m.easyjet.com;NTP Offset sms1-b-euw;OK;HARD;1;NTP OK: Offset 0.006502628326 secs
[1400281200] CURRENT SERVICE STATE: m.easyjet.com;NTP Offset sms2-c-euw;OK;HARD;1;NTP OK: Offset 0.0005791187286 secs
[1400281200] CURRENT SERVICE STATE: m.easyjet.com;SSL Cert;OK;HARD;1;OK: certificate expires in 1058 days (Sun Apr  9 00:59:59 2017)
[1400281200] CURRENT SERVICE STATE: m.easyjet.com;Server 1 - Last Checkin;OK;HARD;1;OK: Value is 4.000
[1400281200] CURRENT SERVICE STATE: m.easyjet.com;Server 2 - Last Checkin;OK;HARD;1;OK: Value is 2.000
[1400281200] CURRENT SERVICE STATE: m.flybe.com;Disk /;OK;HARD;1;DISK OK - free space: / 4937 MB (61% inode=90%):
[1400281200] CURRENT SERVICE STATE: m.flybe.com;Disk /var;OK;HARD;1;DISK OK - free space: /var 25727 MB (53% inode=99%):
[1400281200] CURRENT SERVICE STATE: m.flybe.com;HTTP - Apache;OK;HARD;1;HTTP OK - HTTP/1.1 302 Found - 0.249 second response time
[1400281200] CURRENT SERVICE STATE: m.flybe.com;HTTP - Tomcat;OK;HARD;1;HTTP OK - HTTP/1.1 302 Moved Temporarily - 0.266 second response time
[1400281200] CURRENT SERVICE STATE: m.flybe.com;MW - Availability Results;OK;HARD;1;OK: Value is 4.000
[1400281200] CURRENT SERVICE STATE: m.flybe.com;MW - Availability Results - NIGHT;OK;HARD;1;OK: Value is 1.000
[1400281200] CURRENT SERVICE STATE: m.flybe.com;MW - Bookings per hour;OK;HARD;1;OK: Value is 44.000
[1400281200] CURRENT SERVICE STATE: m.flybe.com;MW - Payment Details;OK;HARD;1;OK: Value is 83.000
[1400281200] CURRENT SERVICE STATE: m.flybe.com;MW - Payment Details - NIGHT;OK;HARD;1;OK: Value is 111.000
[1400281200] CURRENT SERVICE STATE: m.flybe.com;MW - Search Page;OK;HARD;1;OK: Value is 4.000
[1400281200] CURRENT SERVICE STATE: m.flybe.com;MW - Search Page - NIGHT;OK;HARD;1;OK: Value is 0.000
[1400281200] CURRENT SERVICE STATE: m.flybe.com;MW - Session Timeouts Per Day;OK;HARD;1;OK: Value is 0.000
[1400281200] CURRENT SERVICE STATE: m.flybe.com;NTP Offset;OK;HARD;1;NTP OK: Offset 0.002054572105 secs
[1400281200] CURRENT SERVICE STATE: m.flybe.com;RBL Check;OK;HARD;1;CHECK_RBL OK - m.flybe.com BLACKLISTED on 0 servers of 41
[1400281200] CURRENT SERVICE STATE: m.flybe.com;SSL Cert;OK;HARD;1;OK: certificate expires in 348 days (Thu Apr 30 16:00:00 2015)
[1400281200] CURRENT SERVICE STATE: m.jumeirah.com;HTTP;OK;HARD;1;HTTP OK - HTTP/1.1 302 Found - 0.255 second response time
[1400281200] CURRENT SERVICE STATE: m.jumeirah.com;HTTPS;OK;HARD;1;HTTP OK - HTTP/1.1 302 Found - 0.714 second response time
[1400281200] CURRENT SERVICE STATE: m.jumeirah.com;MW - Standard Booking;OK;HARD;1;OK : sum:15190 : 15.19 seconds to complete.
[1400281200] CURRENT SERVICE STATE: m.jumeirah.com;MW - Table Reservation;OK;HARD;1;OK : sum:4030 : 4.03 seconds to complete.
[1400281200] CURRENT SERVICE STATE: m.jumeirah.com;RBL Check;OK;HARD;1;CHECK_RBL OK -  (1 server timed out: access.redhawk.org)
[1400281200] CURRENT SERVICE STATE: m.jumeirah.com;SSL Cert;OK;HARD;1;OK: certificate expires in 212 days (Mon Dec 15 12:00:00 2014)
[1400281200] CURRENT SERVICE STATE: m.transavia.com;APPS - Availability Results;OK;HARD;1;OK: Value is 3.000
[1400281200] CURRENT SERVICE STATE: m.transavia.com;APPS - Availability Results - NIGHT;OK;HARD;1;OK: Value is 2.000
[1400281200] CURRENT SERVICE STATE: m.transavia.com;APPS - Bookings per hour;OK;HARD;1;OK: Value is 24.000
[1400281200] CURRENT SERVICE STATE: m.transavia.com;APPS - Payment Details;OK;HARD;1;OK: Value is 9.000
[1400281200] CURRENT SERVICE STATE: m.transavia.com;APPS - Payment Details - NIGHT;OK;HARD;1;OK: Value is 310.000
[1400281200] CURRENT SERVICE STATE: m.transavia.com;Disk /;OK;HARD;1;DISK OK - free space: / 4612 MB (57% inode=92%):
[1400281200] CURRENT SERVICE STATE: m.transavia.com;Disk /var;OK;HARD;1;DISK OK - free space: /var 29004 MB (59% inode=99%):
[1400281200] CURRENT SERVICE STATE: m.transavia.com;HTTP - Apache;OK;HARD;1;HTTP OK - HTTP/1.1 302 Moved Temporarily - 0.510 second response time
[1400281200] CURRENT SERVICE STATE: m.transavia.com;HTTP - Tomcat;OK;HARD;1;HTTP OK HTTP/1.1 200 OK - 2218 bytes in 0.258 seconds
[1400281200] CURRENT SERVICE STATE: m.transavia.com;RBL Check;OK;HARD;1;CHECK_RBL OK - m.transavia.com BLACKLISTED on 0 servers of 41
[1400281200] CURRENT SERVICE STATE: m.transavia.com;SSL Cert;OK;HARD;1;OK: certificate expires in 328 days (Fri Apr 10 00:59:59 2015)
[1400281200] CURRENT SERVICE STATE: mobile.jetstar.com;Disk S1 /;OK;HARD;1;DISK OK - free space: / 3567 MB (35% inode=92%):
[1400281200] CURRENT SERVICE STATE: mobile.jetstar.com;Disk S1 /var;OK;HARD;1;DISK OK - free space: /var 61468 MB (42% inode=99%):
[1400281200] CURRENT SERVICE STATE: mobile.jetstar.com;Disk S2 /;OK;HARD;1;DISK OK - free space: / 3575 MB (35% inode=92%):
[1400281200] CURRENT SERVICE STATE: mobile.jetstar.com;Disk S2 /var;OK;HARD;1;DISK OK - free space: /var 56034 MB (39% inode=99%):
[1400281200] CURRENT SERVICE STATE: mobile.jetstar.com;HTTP - LB - Check App;OK;HARD;1;HTTP OK - HTTP/1.1 302 Moved Temporarily - 0.440 second response time
[1400281200] CURRENT SERVICE STATE: mobile.jetstar.com;HTTP - LB - Check App JP;OK;HARD;1;HTTP OK - HTTP/1.1 302 Moved Temporarily - 0.463 second response time
[1400281200] CURRENT SERVICE STATE: mobile.jetstar.com;HTTP - S1 - Check App;OK;HARD;1;HTTP OK - HTTP/1.1 302 Moved Temporarily - 0.554 second response time
[1400281200] CURRENT SERVICE STATE: mobile.jetstar.com;HTTP - S1 - Check App JP;OK;HARD;1;HTTP OK - HTTP/1.1 302 Moved Temporarily - 0.442 second response time
[1400281200] CURRENT SERVICE STATE: mobile.jetstar.com;HTTP - S2 - Check App;OK;HARD;1;HTTP OK - HTTP/1.1 302 Moved Temporarily - 0.440 second response time
[1400281200] CURRENT SERVICE STATE: mobile.jetstar.com;HTTP - S2 - Check App JP;OK;HARD;1;HTTP OK - HTTP/1.1 302 Moved Temporarily - 0.453 second response time
[1400281200] CURRENT SERVICE STATE: mobile.jetstar.com;MW - Bookings per day JP;WARNING;HARD;4;WARNING: Value is 3.000
[1400281200] CURRENT SERVICE STATE: mobile.jetstar.com;MW - Bookings per hour;OK;HARD;1;OK: Value is 59.000
[1400281200] CURRENT SERVICE STATE: mobile.jetstar.com;MW - Checkins per hour;OK;HARD;1;OK: Value is 66.000
[1400281200] CURRENT SERVICE STATE: mobile.jetstar.com;MW - S1 - Flight Status;OK;HARD;1;OK: Value is 17.000
[1400281200] CURRENT SERVICE STATE: mobile.jetstar.com;MW - S1 - Payment Details;OK;HARD;1;OK: Value is 10.000
[1400281200] CURRENT SERVICE STATE: mobile.jetstar.com;MW - S2 - Flight Status;OK;HARD;1;OK: Value is 6.000
[1400281200] CURRENT SERVICE STATE: mobile.jetstar.com;MW - S2 - Payment Details;OK;HARD;1;OK: Value is 4.000
[1400281200] CURRENT SERVICE STATE: mobile.jetstar.com;RBL Check;OK;HARD;1;CHECK_RBL OK -  (1 server timed out: access.redhawk.org)
[1400281200] CURRENT SERVICE STATE: mobile.jetstar.com;SSL Cert;OK;HARD;1;OK: certificate expires in 653 days (Sun Feb 28 23:59:59 2016)
[1400281200] CURRENT SERVICE STATE: security.mttnow.com;Amazon AMI Patch RSS Check;OK;HARD;1;OK: No Matches in last 1 days
[1400281200] CURRENT SERVICE STATE: security.mttnow.com;Samhain File Integrity;CRITICAL;HARD;4;POP3_ACCOUNT CRITICAL - 646 emails for la.samhain@mttnow.com
[1400281200] CURRENT SERVICE STATE: www.mttnow.com;Disk /;OK;HARD;1;DISK OK - free space: /var 1221 MB (25% inode=94%):
[1400281200] CURRENT SERVICE STATE: www.mttnow.com;Disk /var;OK;HARD;1;DISK OK - free space: / 5832 MB (60% inode=76%):
[1400281200] CURRENT SERVICE STATE: www.mttnow.com;HTTP;OK;HARD;1;HTTP OK - HTTP/1.0 301 Moved Permanently - 0.800 second response time
[1400281200] CURRENT SERVICE STATE: www.mttnow.com;RBL Check;OK;HARD;1;CHECK_RBL OK - www.mttnow.com BLACKLISTED on 0 servers of 41
[1400281200] CURRENT SERVICE STATE: www.mttnow.com;Webapp - Deep check;OK;HARD;1;WebInject OK - All tests passed successfully in 2.249 seconds
[1400282477] Auto-save of retention data completed successfully.
[1400284497] SERVICE ALERT: bcd.mttnow.com;NTP Offset - adb2-d-use;WARNING;SOFT;1;NTP WARNING: Offset 0.06202995777 secs
[1400284617] SERVICE ALERT: bcd.mttnow.com;NTP Offset - adb2-d-use;WARNING;SOFT;2;NTP WARNING: Offset 0.06950938702 secs
[1400284737] SERVICE ALERT: bcd.mttnow.com;NTP Offset - adb2-d-use;OK;SOFT;3;NTP OK: Offset -0.001404523849 secs
[1400286077] Auto-save of retention data completed successfully.
[1400288937] SERVICE ALERT: m.easyjet.com;MW - Server 2 - Payment Details - NIGHT;WARNING;SOFT;1;WARNING: Value is 1277.000
[1400289077] SERVICE ALERT: m.easyjet.com;MW - Server 2 Payment Details;WARNING;SOFT;1;WARNING: Value is 1417.000
[1400289177] SERVICE ALERT: m.easyjet.com;MW - Server 2 - Payment Details - NIGHT;WARNING;SOFT;2;WARNING: Value is 1517.000
[1400289317] SERVICE ALERT: m.easyjet.com;MW - Server 2 Payment Details;WARNING;SOFT;2;WARNING: Value is 1657.000
[1400289417] SERVICE ALERT: m.easyjet.com;MW - Server 2 - Payment Details - NIGHT;WARNING;SOFT;3;WARNING: Value is 1757.000
[1400289557] SERVICE ALERT: m.easyjet.com;MW - Server 2 Payment Details;WARNING;SOFT;3;WARNING: Value is 1897.000
[1400289657] SERVICE ALERT: m.easyjet.com;MW - Server 2 - Payment Details - NIGHT;WARNING;HARD;4;WARNING: Value is 1997.000
[1400289677] Auto-save of retention data completed successfully.
[1400289797] SERVICE ALERT: m.easyjet.com;MW - Server 2 Payment Details;WARNING;HARD;4;WARNING: Value is 2137.000
[1400290257] SERVICE ALERT: m.easyjet.com;MW - Server 2 - Payment Details - NIGHT;CRITICAL;HARD;4;CRITICAL: Value is 2597.000
[1400290397] SERVICE ALERT: m.easyjet.com;MW - Server 2 Payment Details;OK;HARD;4;OK: Value is 51.000
[1400290477] SERVICE ALERT: latam.mttnow.com;NTP Offset - s1-sc1-b-usw;WARNING;SOFT;1;NTP WARNING: Offset 0.06049776077 secs
[1400290597] SERVICE ALERT: latam.mttnow.com;NTP Offset - s1-sc1-b-usw;OK;SOFT;2;NTP OK: Offset -1.47819519e-05 secs
[1400290857] SERVICE ALERT: m.easyjet.com;MW - Server 2 - Payment Details - NIGHT;OK;HARD;4;OK: Value is 511.000
[1400290947] SERVICE ALERT: m.easyjet.com;MW - Server 1 - Payment Details - NIGHT;WARNING;SOFT;1;WARNING: Value is 1301.000
[1400290967] SERVICE ALERT: m.easyjet.com;MW - Server 1 - Payment Details;WARNING;SOFT;1;WARNING: Value is 1327.000
[1400291187] SERVICE ALERT: m.easyjet.com;MW - Server 1 - Payment Details - NIGHT;OK;SOFT;2;OK: Value is 0.000
[1400291207] SERVICE ALERT: m.easyjet.com;MW - Server 1 - Payment Details;OK;SOFT;2;OK: Value is 25.000
[1400291597] SERVICE ALERT: m.easyjet.com;MW - Server 2 Payment Details;WARNING;SOFT;1;WARNING: Value is 1251.000
[1400291837] SERVICE ALERT: m.easyjet.com;MW - Server 2 Payment Details;WARNING;SOFT;2;WARNING: Value is 1491.000
[1400292057] SERVICE ALERT: m.easyjet.com;MW - Server 2 - Payment Details - NIGHT;WARNING;SOFT;1;WARNING: Value is 1711.000
[1400292077] SERVICE ALERT: m.easyjet.com;MW - Server 2 Payment Details;WARNING;SOFT;3;WARNING: Value is 1731.000
[1400292297] SERVICE ALERT: m.easyjet.com;MW - Server 2 - Payment Details - NIGHT;WARNING;SOFT;2;WARNING: Value is 1951.000
[1400292317] SERVICE ALERT: m.easyjet.com;MW - Server 2 Payment Details;WARNING;HARD;4;WARNING: Value is 1971.000
[1400292537] SERVICE ALERT: m.easyjet.com;MW - Server 2 - Payment Details - NIGHT;WARNING;SOFT;3;WARNING: Value is 2191.000
[1400292587] SERVICE ALERT: m.easyjet.com;MW - Server 1 - Flight Status;WARNING;SOFT;1;WARNING: Value is 1393.000
[1400292647] SERVICE ALERT: m.easyjet.com;MW - Server 1 - Flight Status - NIGHT;WARNING;SOFT;1;WARNING: Value is 1460.000
[1400292777] SERVICE ALERT: m.easyjet.com;MW - Server 2 - Payment Details - NIGHT;OK;SOFT;4;OK: Value is 58.000
[1400292827] SERVICE ALERT: m.easyjet.com;MW - Server 1 - Flight Status;WARNING;SOFT;2;WARNING: Value is 1633.000
[1400292887] SERVICE ALERT: m.easyjet.com;MW - Server 1 - Flight Status - NIGHT;OK;SOFT;2;OK: Value is 65.000
[1400292917] SERVICE ALERT: m.easyjet.com;MW - Server 2 Payment Details;OK;HARD;4;OK: Value is 74.000
[1400292917] SERVICE FLAPPING ALERT: m.easyjet.com;MW - Server 2 Payment Details;STARTED; Service appears to have started flapping (23.9% change >= 20.0% threshold)
[1400292987] SERVICE ALERT: m.easyjet.com;MW - Server 1 - Payment Details - NIGHT;WARNING;SOFT;1;WARNING: Value is 1681.000
[1400293007] SERVICE ALERT: m.easyjet.com;MW - Server 1 - Payment Details;WARNING;SOFT;1;WARNING: Value is 1707.000
[1400293007] SERVICE ALERT: m.flybe.com;MW - Payment Details;WARNING;SOFT;1;WARNING: Value is 2735.000
[1400293067] SERVICE ALERT: m.easyjet.com;MW - Server 1 - Flight Status;OK;SOFT;3;OK: Value is 238.000
[1400293227] SERVICE ALERT: m.easyjet.com;MW - Server 1 - Payment Details - NIGHT;WARNING;SOFT;2;WARNING: Value is 1921.000
[1400293247] SERVICE ALERT: m.easyjet.com;MW - Server 1 - Payment Details;WARNING;SOFT;2;WARNING: Value is 1947.000
[1400293247] SERVICE ALERT: m.flybe.com;MW - Payment Details;WARNING;SOFT;2;WARNING: Value is 2975.000
[1400293277] Auto-save of retention data completed successfully.
[1400293297] SERVICE ALERT: m.easyjet.com;MW - Server 2 - Flight Status - NIGHT;WARNING;SOFT;1;WARNING: Value is 1285.000
[1400293307] SERVICE ALERT: m.easyjet.com;MW - Server 2 - Flight Status;WARNING;SOFT;1;WARNING: Value is 1292.000
[1400293467] SERVICE ALERT: m.easyjet.com;MW - Server 1 - Payment Details - NIGHT;OK;SOFT;3;OK: Value is 30.000
[1400293487] SERVICE ALERT: m.easyjet.com;MW - Server 1 - Payment Details;OK;SOFT;3;OK: Value is 56.000
[1400293487] SERVICE ALERT: m.flybe.com;MW - Payment Details;WARNING;SOFT;3;WARNING: Value is 3215.000
[1400293537] SERVICE ALERT: m.easyjet.com;MW - Server 2 - Flight Status - NIGHT;WARNING;SOFT;2;WARNING: Value is 1525.000
[1400293547] SERVICE ALERT: m.easyjet.com;MW - Server 2 - Flight Status;WARNING;SOFT;2;WARNING: Value is 1532.000
[1400293727] SERVICE ALERT: m.flybe.com;MW - Payment Details;WARNING;HARD;4;WARNING: Value is 3455.000
[1400293777] SERVICE ALERT: m.easyjet.com;MW - Server 2 - Flight Status - NIGHT;WARNING;SOFT;3;WARNING: Value is 1765.000
[1400293787] SERVICE ALERT: m.easyjet.com;MW - Server 2 - Flight Status;WARNING;SOFT;3;WARNING: Value is 1772.000
[1400294017] SERVICE ALERT: m.easyjet.com;MW - Server 2 - Flight Status - NIGHT;WARNING;HARD;4;WARNING: Value is 2005.000
[1400294027] SERVICE ALERT: m.easyjet.com;MW - Server 2 - Flight Status;WARNING;HARD;4;WARNING: Value is 2012.000
[1400294577] SERVICE ALERT: m.easyjet.com;MW - Server 2 - Payment Details - NIGHT;WARNING;SOFT;1;WARNING: Value is 1340.000
[1400294617] SERVICE ALERT: m.easyjet.com;MW - Server 2 - Flight Status - NIGHT;OK;HARD;4;OK: Value is 9.000
[1400294627] SERVICE ALERT: m.easyjet.com;MW - Server 2 - Flight Status;OK;HARD;4;OK: Value is 16.000
[1400294717] SERVICE ALERT: m.easyjet.com;MW - Server 2 Payment Details;WARNING;SOFT;1;WARNING: Value is 1480.000
[1400294817] SERVICE ALERT: m.easyjet.com;MW - Server 2 - Payment Details - NIGHT;WARNING;SOFT;2;WARNING: Value is 1580.000
[1400294957] SERVICE ALERT: m.easyjet.com;MW - Server 2 Payment Details;WARNING;SOFT;2;WARNING: Value is 1720.000
[1400295057] SERVICE ALERT: m.easyjet.com;MW - Server 2 - Payment Details - NIGHT;WARNING;SOFT;3;WARNING: Value is 1820.000
[1400295197] SERVICE ALERT: m.easyjet.com;MW - Server 2 Payment Details;WARNING;SOFT;3;WARNING: Value is 1960.000
[1400295297] SERVICE ALERT: m.easyjet.com;MW - Server 2 - Payment Details - NIGHT;WARNING;HARD;4;WARNING: Value is 2060.000
[1400295297] SERVICE FLAPPING ALERT: m.easyjet.com;MW - Server 2 - Payment Details - NIGHT;STARTED; Service appears to have started flapping (22.6% change >= 20.0% threshold)
[1400295437] SERVICE ALERT: m.easyjet.com;MW - Server 2 Payment Details;WARNING;HARD;4;WARNING: Value is 2200.000
[1400295527] SERVICE ALERT: m.flybe.com;MW - Payment Details;CRITICAL;HARD;4;CRITICAL: Value is 5255.000
[1400295897] SERVICE ALERT: m.easyjet.com;MW - Server 2 - Payment Details - NIGHT;OK;HARD;4;OK: Value is 48.000
[1400296037] SERVICE ALERT: m.easyjet.com;MW - Server 2 Payment Details;OK;HARD;4;OK: Value is 134.000
[1400296217] SERVICE ALERT: m.flybe.com;MW - Payment Details - NIGHT;WARNING;SOFT;1;WARNING: Value is 5946.000
[1400296457] SERVICE ALERT: m.flybe.com;MW - Payment Details - NIGHT;WARNING;SOFT;2;WARNING: Value is 6186.000
[1400296697] SERVICE ALERT: m.flybe.com;MW - Payment Details - NIGHT;OK;SOFT;3;OK: Value is 143.000
[1400296727] SERVICE ALERT: m.flybe.com;MW - Payment Details;OK;HARD;4;OK: Value is 172.000
[1400296877] Auto-save of retention data completed successfully.
[1400297067] SERVICE ALERT: m.easyjet.com;MW - Server 1 - Payment Details - NIGHT;WARNING;SOFT;1;WARNING: Value is 1315.000
[1400297087] SERVICE ALERT: m.easyjet.com;MW - Server 1 - Payment Details;WARNING;SOFT;1;WARNING: Value is 1341.000
[1400297307] SERVICE ALERT: m.easyjet.com;MW - Server 1 - Payment Details - NIGHT;OK;SOFT;2;OK: Value is 67.000
[1400297327] SERVICE ALERT: m.easyjet.com;MW - Server 1 - Payment Details;OK;SOFT;2;OK: Value is 93.000
[1400297657] SERVICE ALERT: m.transavia.com;APPS - Payment Details;WARNING;SOFT;1;WARNING: Value is 2850.000
[1400297897] SERVICE ALERT: m.transavia.com;APPS - Payment Details;WARNING;SOFT;2;WARNING: Value is 3090.000
[1400298137] SERVICE ALERT: m.transavia.com;APPS - Payment Details;WARNING;SOFT;3;WARNING: Value is 3330.000
[1400298377] SERVICE ALERT: m.transavia.com;APPS - Payment Details;WARNING;HARD;4;WARNING: Value is 3570.000
[1400298437] SERVICE ALERT: m.easyjet.com;MW - Server 2 Payment Details;WARNING;SOFT;1;WARNING: Value is 1323.000
[1400298677] SERVICE ALERT: m.easyjet.com;MW - Server 2 Payment Details;WARNING;SOFT;2;WARNING: Value is 1563.000
[1400298897] SERVICE ALERT: m.easyjet.com;MW - Server 2 - Payment Details - NIGHT;WARNING;SOFT;1;WARNING: Value is 1783.000
[1400298917] SERVICE ALERT: m.easyjet.com;MW - Server 2 Payment Details;WARNING;SOFT;3;WARNING: Value is 1803.000
[1400299137] SERVICE ALERT: m.easyjet.com;MW - Server 2 - Payment Details - NIGHT;OK;SOFT;2;OK: Value is 3.000
[1400299157] SERVICE ALERT: m.easyjet.com;MW - Server 2 Payment Details;OK;SOFT;4;OK: Value is 23.000
[1400299727] SERVICE ALERT: m.flybe.com;MW - Payment Details;WARNING;SOFT;1;WARNING: Value is 2631.000
[1400299967] SERVICE ALERT: m.flybe.com;MW - Payment Details;WARNING;SOFT;2;WARNING: Value is 2871.000
[1400300177] SERVICE ALERT: m.transavia.com;APPS - Payment Details;CRITICAL;HARD;4;CRITICAL: Value is 5370.000
[1400300207] SERVICE ALERT: m.flybe.com;MW - Payment Details;OK;SOFT;3;OK: Value is 4.000
[1400300407] SERVICE ALERT: m.transavia.com;APPS - Payment Details - NIGHT;WARNING;SOFT;1;WARNING: Value is 5595.000
[1400300407] SERVICE ALERT: m.transavia.com;APPS - Payment Details - NIGHT;WARNING;SOFT;2;WARNING: Value is 5595.000
[1400300407] SERVICE ALERT: m.transavia.com;APPS - Payment Details - NIGHT;WARNING;SOFT;3;WARNING: Value is 5595.000
[1400300477] Auto-save of retention data completed successfully.
[1400300647] SERVICE ALERT: m.transavia.com;APPS - Payment Details - NIGHT;WARNING;HARD;4;WARNING: Value is 5835.000
[1400301007] SERVICE ALERT: mobile.jetstar.com;MW - Bookings per day JP;CRITICAL;HARD;4;CRITICAL: Value is 1.000
[1400302107] SERVICE ALERT: m.easyjet.com;MW - Server 1 - Payment Details - NIGHT;WARNING;SOFT;1;WARNING: Value is 1682.000
[1400302127] SERVICE ALERT: m.easyjet.com;MW - Server 1 - Payment Details;WARNING;SOFT;1;WARNING: Value is 1708.000
[1400302347] SERVICE ALERT: m.easyjet.com;MW - Server 1 - Payment Details - NIGHT;WARNING;SOFT;2;WARNING: Value is 1922.000
[1400302367] SERVICE ALERT: m.easyjet.com;MW - Server 1 - Payment Details;WARNING;SOFT;2;WARNING: Value is 1948.000
[1400302447] SERVICE ALERT: m.transavia.com;APPS - Payment Details - NIGHT;OK;HARD;4;OK: Value is 421.000
[1400302577] SERVICE ALERT: m.transavia.com;APPS - Payment Details;OK;HARD;4;OK: Value is 556.000
[1400302587] SERVICE ALERT: m.easyjet.com;MW - Server 1 - Payment Details - NIGHT;OK;SOFT;3;OK: Value is 16.000
[1400302607] SERVICE ALERT: m.easyjet.com;MW - Server 1 - Payment Details;OK;SOFT;3;OK: Value is 18.000
[1400304077] Auto-save of retention data completed successfully.
[1400306177] SERVICE ALERT: m.transavia.com;APPS - Payment Details;WARNING;SOFT;1;WARNING: Value is 2427.000
[1400306417] SERVICE ALERT: m.transavia.com;APPS - Payment Details;WARNING;SOFT;2;WARNING: Value is 2667.000
[1400306467] SERVICE ALERT: m.transavia.com;APPS - Bookings per hour;CRITICAL;SOFT;1;CRITICAL: Value is 1.000
[1400306657] SERVICE ALERT: m.transavia.com;APPS - Payment Details;OK;SOFT;3;OK: Value is 26.000
[1400306707] SERVICE ALERT: m.transavia.com;APPS - Bookings per hour;CRITICAL;SOFT;2;CRITICAL: Value is 1.000
[1400306947] SERVICE ALERT: m.transavia.com;APPS - Bookings per hour;CRITICAL;SOFT;3;CRITICAL: Value is 1.000
[1400307187] SERVICE ALERT: m.transavia.com;APPS - Bookings per hour;CRITICAL;HARD;4;CRITICAL: Value is 1.000
[1400307187] SERVICE NOTIFICATION: gmcdaid;m.transavia.com;APPS - Bookings per hour;CRITICAL;notify-service-by-sms;CRITICAL: Value is 1.000
[1400307188] SERVICE NOTIFICATION: gmcdaid;m.transavia.com;APPS - Bookings per hour;CRITICAL;notify-service-by-email;CRITICAL: Value is 1.000
[1400307188] SERVICE NOTIFICATION: abrinyov;m.transavia.com;APPS - Bookings per hour;CRITICAL;notify-service-by-sms;CRITICAL: Value is 1.000
[1400307189] SERVICE NOTIFICATION: abrinyov;m.transavia.com;APPS - Bookings per hour;CRITICAL;notify-service-by-email;CRITICAL: Value is 1.000
[1400307189] SERVICE NOTIFICATION: mnevzorova;m.transavia.com;APPS - Bookings per hour;CRITICAL;notify-service-by-sms;CRITICAL: Value is 1.000
[1400307189] SERVICE NOTIFICATION: mnevzorova;m.transavia.com;APPS - Bookings per hour;CRITICAL;notify-service-by-email;CRITICAL: Value is 1.000
[1400307189] SERVICE NOTIFICATION: nagiosadmin;m.transavia.com;APPS - Bookings per hour;CRITICAL;notify-service-by-email;CRITICAL: Value is 1.000
[1400307189] SERVICE NOTIFICATION: ctwomey;m.transavia.com;APPS - Bookings per hour;CRITICAL;notify-service-by-email;CRITICAL: Value is 1.000
[1400307537] SERVICE ALERT: m.easyjet.com;MW - Server 2 - Payment Details - NIGHT;WARNING;SOFT;1;WARNING: Value is 1579.000
[1400307557] SERVICE ALERT: m.easyjet.com;MW - Server 2 Payment Details;WARNING;SOFT;1;WARNING: Value is 1599.000
[1400307677] Auto-save of retention data completed successfully.
[1400307697] SERVICE ALERT: m.jumeirah.com;MW - Standard Booking;WARNING;SOFT;1;WARNING : sum:72069 : 72.069 seconds to complete. (warning 60)
[1400307777] SERVICE ALERT: m.easyjet.com;MW - Server 2 - Payment Details - NIGHT;OK;SOFT;2;OK: Value is 81.000
[1400307777] SERVICE FLAPPING ALERT: m.easyjet.com;MW - Server 2 - Payment Details - NIGHT;STOPPED; Service appears to have stopped flapping (3.8% change < 5.0% threshold)
[1400307797] SERVICE ALERT: m.easyjet.com;MW - Server 2 Payment Details;OK;SOFT;2;OK: Value is 101.000
[1400307877] SERVICE ALERT: m.jumeirah.com;MW - Standard Booking;OK;SOFT;2;OK : sum:14952 : 14.952 seconds to complete.
[1400308397] SERVICE FLAPPING ALERT: m.easyjet.com;MW - Server 2 Payment Details;STOPPED; Service appears to have stopped flapping (3.8% change < 5.0% threshold)
[1400310187] SERVICE ALERT: m.transavia.com;APPS - Bookings per hour;WARNING;HARD;4;WARNING: Value is 2.000
[1400310187] SERVICE NOTIFICATION: gmcdaid;m.transavia.com;APPS - Bookings per hour;WARNING;notify-service-by-sms;WARNING: Value is 2.000
[1400310187] SERVICE NOTIFICATION: gmcdaid;m.transavia.com;APPS - Bookings per hour;WARNING;notify-service-by-email;WARNING: Value is 2.000
[1400310187] SERVICE NOTIFICATION: abrinyov;m.transavia.com;APPS - Bookings per hour;WARNING;notify-service-by-sms;WARNING: Value is 2.000
[1400310188] SERVICE NOTIFICATION: abrinyov;m.transavia.com;APPS - Bookings per hour;WARNING;notify-service-by-email;WARNING: Value is 2.000
[1400310188] SERVICE NOTIFICATION: mnevzorova;m.transavia.com;APPS - Bookings per hour;WARNING;notify-service-by-sms;WARNING: Value is 2.000
[1400310189] SERVICE NOTIFICATION: mnevzorova;m.transavia.com;APPS - Bookings per hour;WARNING;notify-service-by-email;WARNING: Value is 2.000
[1400310189] SERVICE NOTIFICATION: nagiosadmin;m.transavia.com;APPS - Bookings per hour;WARNING;notify-service-by-email;WARNING: Value is 2.000
[1400310189] SERVICE NOTIFICATION: ctwomey;m.transavia.com;APPS - Bookings per hour;WARNING;notify-service-by-email;WARNING: Value is 2.000
[1400310787] SERVICE ALERT: m.transavia.com;APPS - Bookings per hour;OK;HARD;4;OK: Value is 4.000
[1400310787] SERVICE NOTIFICATION: gmcdaid;m.transavia.com;APPS - Bookings per hour;OK;notify-service-by-sms;OK: Value is 4.000
[1400310787] SERVICE NOTIFICATION: gmcdaid;m.transavia.com;APPS - Bookings per hour;OK;notify-service-by-email;OK: Value is 4.000
[1400310787] SERVICE NOTIFICATION: abrinyov;m.transavia.com;APPS - Bookings per hour;OK;notify-service-by-sms;OK: Value is 4.000
[1400310788] SERVICE NOTIFICATION: abrinyov;m.transavia.com;APPS - Bookings per hour;OK;notify-service-by-email;OK: Value is 4.000
[1400310788] SERVICE NOTIFICATION: mnevzorova;m.transavia.com;APPS - Bookings per hour;OK;notify-service-by-sms;OK: Value is 4.000
[1400310788] SERVICE NOTIFICATION: mnevzorova;m.transavia.com;APPS - Bookings per hour;OK;notify-service-by-email;OK: Value is 4.000
[1400310788] SERVICE NOTIFICATION: nagiosadmin;m.transavia.com;APPS - Bookings per hour;OK;notify-service-by-email;OK: Value is 4.000
[1400310789] SERVICE NOTIFICATION: ctwomey;m.transavia.com;APPS - Bookings per hour;OK;notify-service-by-email;OK: Value is 4.000
[1400311277] Auto-save of retention data completed successfully.
[1400314877] Auto-save of retention data completed successfully.
[1400317207] SERVICE ALERT: security.mttnow.com;Amazon AMI Patch RSS Check;CRITICAL;SOFT;1;CRITICAL: ALAS-2014-298: mysql51 Security Update - Multiple Vulnerabilities (http://aws.amazon.com/amazon-linux-ami/security-bulletins/ALAS-2014-298/)
[1400317507] SERVICE ALERT: security.mttnow.com;Amazon AMI Patch RSS Check;CRITICAL;SOFT;2;CRITICAL: ALAS-2014-298: mysql51 Security Update - Multiple Vulnerabilities (http://aws.amazon.com/amazon-linux-ami/security-bulletins/ALAS-2014-298/)
[1400317807] SERVICE ALERT: security.mttnow.com;Amazon AMI Patch RSS Check;CRITICAL;SOFT;3;CRITICAL: ALAS-2014-298: mysql51 Security Update - Multiple Vulnerabilities (http://aws.amazon.com/amazon-linux-ami/security-bulletins/ALAS-2014-298/)
[1400318107] SERVICE ALERT: security.mttnow.com;Amazon AMI Patch RSS Check;CRITICAL;HARD;4;CRITICAL: ALAS-2014-298: mysql51 Security Update - Multiple Vulnerabilities (http://aws.amazon.com/amazon-linux-ami/security-bulletins/ALAS-2014-298/)
[1400318107] SERVICE NOTIFICATION: abrinyov;security.mttnow.com;Amazon AMI Patch RSS Check;CRITICAL;notify-service-by-sms;CRITICAL: ALAS-2014-298: mysql51 Security Update - Multiple Vulnerabilities (http://aws.amazon.com/amazon-linux-ami/security-bulletins/ALAS-2014-298/)
[1400318107] SERVICE NOTIFICATION: abrinyov;security.mttnow.com;Amazon AMI Patch RSS Check;CRITICAL;notify-service-by-email;CRITICAL: ALAS-2014-298: mysql51 Security Update - Multiple Vulnerabilities (http://aws.amazon.com/amazon-linux-ami/security-bulletins/ALAS-2014-298/)
[1400318108] SERVICE NOTIFICATION: mnevzorova;security.mttnow.com;Amazon AMI Patch RSS Check;CRITICAL;notify-service-by-sms;CRITICAL: ALAS-2014-298: mysql51 Security Update - Multiple Vulnerabilities (http://aws.amazon.com/amazon-linux-ami/security-bulletins/ALAS-2014-298/)
[1400318108] SERVICE NOTIFICATION: mnevzorova;security.mttnow.com;Amazon AMI Patch RSS Check;CRITICAL;notify-service-by-email;CRITICAL: ALAS-2014-298: mysql51 Security Update - Multiple Vulnerabilities (http://aws.amazon.com/amazon-linux-ami/security-bulletins/ALAS-2014-298/)
[1400318108] SERVICE NOTIFICATION: nagiosadmin;security.mttnow.com;Amazon AMI Patch RSS Check;CRITICAL;notify-service-by-email;CRITICAL: ALAS-2014-298: mysql51 Security Update - Multiple Vulnerabilities (http://aws.amazon.com/amazon-linux-ami/security-bulletins/ALAS-2014-298/)
[1400318109] SERVICE NOTIFICATION: gmcdaid;security.mttnow.com;Amazon AMI Patch RSS Check;CRITICAL;notify-service-by-sms;CRITICAL: ALAS-2014-298: mysql51 Security Update - Multiple Vulnerabilities (http://aws.amazon.com/amazon-linux-ami/security-bulletins/ALAS-2014-298/)
[1400318109] SERVICE NOTIFICATION: gmcdaid;security.mttnow.com;Amazon AMI Patch RSS Check;CRITICAL;notify-service-by-email;CRITICAL: ALAS-2014-298: mysql51 Security Update - Multiple Vulnerabilities (http://aws.amazon.com/amazon-linux-ami/security-bulletins/ALAS-2014-298/)
[1400318477] Auto-save of retention data completed successfully.
[1400321707] SERVICE NOTIFICATION: abrinyov;security.mttnow.com;Amazon AMI Patch RSS Check;CRITICAL;notify-service-by-sms;CRITICAL: ALAS-2014-298: mysql51 Security Update - Multiple Vulnerabilities (http://aws.amazon.com/amazon-linux-ami/security-bulletins/ALAS-2014-298/)
[1400321707] SERVICE NOTIFICATION: abrinyov;security.mttnow.com;Amazon AMI Patch RSS Check;CRITICAL;notify-service-by-email;CRITICAL: ALAS-2014-298: mysql51 Security Update - Multiple Vulnerabilities (http://aws.amazon.com/amazon-linux-ami/security-bulletins/ALAS-2014-298/)
[1400321707] SERVICE NOTIFICATION: mnevzorova;security.mttnow.com;Amazon AMI Patch RSS Check;CRITICAL;notify-service-by-sms;CRITICAL: ALAS-2014-298: mysql51 Security Update - Multiple Vulnerabilities (http://aws.amazon.com/amazon-linux-ami/security-bulletins/ALAS-2014-298/)
[1400321708] SERVICE NOTIFICATION: mnevzorova;security.mttnow.com;Amazon AMI Patch RSS Check;CRITICAL;notify-service-by-email;CRITICAL: ALAS-2014-298: mysql51 Security Update - Multiple Vulnerabilities (http://aws.amazon.com/amazon-linux-ami/security-bulletins/ALAS-2014-298/)
[1400321708] SERVICE NOTIFICATION: nagiosadmin;security.mttnow.com;Amazon AMI Patch RSS Check;CRITICAL;notify-service-by-email;CRITICAL: ALAS-2014-298: mysql51 Security Update - Multiple Vulnerabilities (http://aws.amazon.com/amazon-linux-ami/security-bulletins/ALAS-2014-298/)
[1400321708] SERVICE NOTIFICATION: gmcdaid;security.mttnow.com;Amazon AMI Patch RSS Check;CRITICAL;notify-service-by-sms;CRITICAL: ALAS-2014-298: mysql51 Security Update - Multiple Vulnerabilities (http://aws.amazon.com/amazon-linux-ami/security-bulletins/ALAS-2014-298/)
[1400321708] SERVICE NOTIFICATION: gmcdaid;security.mttnow.com;Amazon AMI Patch RSS Check;CRITICAL;notify-service-by-email;CRITICAL: ALAS-2014-298: mysql51 Security Update - Multiple Vulnerabilities (http://aws.amazon.com/amazon-linux-ami/security-bulletins/ALAS-2014-298/)
[1400322077] Auto-save of retention data completed successfully.
[1400324417] SERVICE ALERT: m.atlantisthepalm.com;MW - Dolphin Bay;CRITICAL;SOFT;1;WebInject CRITICAL - Couldn't display Time Slots
[1400324667] SERVICE ALERT: m.atlantisthepalm.com;MW - Dolphin Bay;OK;SOFT;2;WebInject OK - All tests passed successfully in 17.964 seconds
[1400325677] Auto-save of retention data completed successfully.
[1400329277] Auto-save of retention data completed successfully.
[1400332877] Auto-save of retention data completed successfully.
[1400334607] SERVICE ALERT: mobile.jetstar.com;MW - Bookings per day JP;WARNING;HARD;4;WARNING: Value is 2.000
[1400336477] Auto-save of retention data completed successfully.
[1400340077] Auto-save of retention data completed successfully.
[1400340977] SERVICE ALERT: m.jumeirah.com;MW - Standard Booking;WARNING;SOFT;1;WARNING : sum:110618 : 110.618 seconds to complete. (warning 60)
[1400341117] SERVICE ALERT: m.jumeirah.com;MW - Standard Booking;OK;SOFT;2;OK : sum:15208 : 15.208 seconds to complete.
[1400343677] Auto-save of retention data completed successfully.
[1400347277] Auto-save of retention data completed successfully.
[1400350877] Auto-save of retention data completed successfully.
[1400351747] SERVICE ALERT: bcd.mttnow.com;NTP Offset - adb1-c-use;WARNING;SOFT;1;NTP WARNING: Offset -0.08053100109 secs
[1400351867] SERVICE ALERT: bcd.mttnow.com;NTP Offset - adb1-c-use;OK;SOFT;2;NTP OK: Offset -0.0008763074875 secs
[1400352577] SERVICE ALERT: mobile.jetstar.com;MW - Bookings per hour;WARNING;SOFT;1;WARNING: Value is 9.000
[1400352817] SERVICE ALERT: mobile.jetstar.com;MW - Bookings per hour;WARNING;SOFT;2;WARNING: Value is 9.000
[1400353057] SERVICE ALERT: mobile.jetstar.com;MW - Bookings per hour;OK;SOFT;3;OK: Value is 11.000
[1400354257] SERVICE ALERT: mobile.jetstar.com;MW - Bookings per hour;WARNING;SOFT;1;WARNING: Value is 8.000
[1400354477] Auto-save of retention data completed successfully.
[1400354497] SERVICE ALERT: mobile.jetstar.com;MW - Bookings per hour;WARNING;SOFT;2;WARNING: Value is 8.000
[1400354737] SERVICE ALERT: mobile.jetstar.com;MW - Bookings per hour;OK;SOFT;3;OK: Value is 10.000
[1400355707] SERVICE ALERT: m.jumeirah.com;MW - Table Reservation;WARNING;SOFT;1;WARNING : sum:61208 : 61.208 seconds to complete. (warning 60)
[1400355897] SERVICE ALERT: m.jumeirah.com;MW - Table Reservation;OK;SOFT;2;OK : sum:4105 : 4.105 seconds to complete.
[1400355937] SERVICE ALERT: mobile.jetstar.com;MW - Bookings per hour;WARNING;SOFT;1;WARNING: Value is 9.000
[1400356177] SERVICE ALERT: mobile.jetstar.com;MW - Bookings per hour;WARNING;SOFT;2;WARNING: Value is 9.000
[1400356417] SERVICE ALERT: mobile.jetstar.com;MW - Bookings per hour;WARNING;SOFT;3;WARNING: Value is 8.000
[1400356657] SERVICE ALERT: mobile.jetstar.com;MW - Bookings per hour;WARNING;HARD;4;WARNING: Value is 6.000
[1400356657] SERVICE NOTIFICATION: gmcdaid;mobile.jetstar.com;MW - Bookings per hour;WARNING;notify-service-by-sms;WARNING: Value is 6.000
[1400356657] SERVICE NOTIFICATION: gmcdaid;mobile.jetstar.com;MW - Bookings per hour;WARNING;notify-service-by-email;WARNING: Value is 6.000
[1400356657] SERVICE NOTIFICATION: abrinyov;mobile.jetstar.com;MW - Bookings per hour;WARNING;notify-service-by-sms;WARNING: Value is 6.000
[1400356658] SERVICE NOTIFICATION: abrinyov;mobile.jetstar.com;MW - Bookings per hour;WARNING;notify-service-by-email;WARNING: Value is 6.000
[1400356658] SERVICE NOTIFICATION: mnevzorova;mobile.jetstar.com;MW - Bookings per hour;WARNING;notify-service-by-sms;WARNING: Value is 6.000
[1400356659] SERVICE NOTIFICATION: mnevzorova;mobile.jetstar.com;MW - Bookings per hour;WARNING;notify-service-by-email;WARNING: Value is 6.000
[1400356659] SERVICE NOTIFICATION: nagiosadmin;mobile.jetstar.com;MW - Bookings per hour;WARNING;notify-service-by-email;WARNING: Value is 6.000
[1400358077] Auto-save of retention data completed successfully.
[1400360257] SERVICE ALERT: mobile.jetstar.com;MW - Bookings per hour;OK;HARD;4;OK: Value is 10.000
[1400360257] SERVICE NOTIFICATION: gmcdaid;mobile.jetstar.com;MW - Bookings per hour;OK;notify-service-by-sms;OK: Value is 10.000
[1400360257] SERVICE NOTIFICATION: gmcdaid;mobile.jetstar.com;MW - Bookings per hour;OK;notify-service-by-email;OK: Value is 10.000
[1400360257] SERVICE NOTIFICATION: abrinyov;mobile.jetstar.com;MW - Bookings per hour;OK;notify-service-by-sms;OK: Value is 10.000
[1400360258] SERVICE NOTIFICATION: abrinyov;mobile.jetstar.com;MW - Bookings per hour;OK;notify-service-by-email;OK: Value is 10.000
[1400360258] SERVICE NOTIFICATION: mnevzorova;mobile.jetstar.com;MW - Bookings per hour;OK;notify-service-by-sms;OK: Value is 10.000
[1400360259] SERVICE NOTIFICATION: mnevzorova;mobile.jetstar.com;MW - Bookings per hour;OK;notify-service-by-email;OK: Value is 10.000
[1400360259] SERVICE NOTIFICATION: nagiosadmin;mobile.jetstar.com;MW - Bookings per hour;OK;notify-service-by-email;OK: Value is 10.000
[1400361307] SERVICE ALERT: bcd.mttnow.com;APP - Registrations per hour - ELB;WARNING;SOFT;1;WARNING: Value is 59.000
[1400361367] SERVICE ALERT: bcd.mttnow.com;APP - Registrations per hour - ELB;WARNING;SOFT;2;WARNING: Value is 59.000
[1400361427] SERVICE ALERT: bcd.mttnow.com;APP - Registrations per hour - ELB;WARNING;SOFT;3;WARNING: Value is 59.000
[1400361487] SERVICE ALERT: bcd.mttnow.com;APP - Registrations per hour - ELB;WARNING;HARD;4;WARNING: Value is 59.000
[1400361487] SERVICE NOTIFICATION: mbutler;bcd.mttnow.com;APP - Registrations per hour - ELB;WARNING;notify-service-by-email;WARNING: Value is 59.000
[1400361487] SERVICE NOTIFICATION: lirimie;bcd.mttnow.com;APP - Registrations per hour - ELB;WARNING;notify-service-by-email;WARNING: Value is 59.000
[1400361487] SERVICE NOTIFICATION: pclavel;bcd.mttnow.com;APP - Registrations per hour - ELB;WARNING;notify-service-by-email;WARNING: Value is 59.000
[1400361487] SERVICE NOTIFICATION: cburge;bcd.mttnow.com;APP - Registrations per hour - ELB;WARNING;notify-service-by-email;WARNING: Value is 59.000
[1400361487] SERVICE NOTIFICATION: gmcdaid;bcd.mttnow.com;APP - Registrations per hour - ELB;WARNING;notify-service-by-sms;WARNING: Value is 59.000
[1400361487] SERVICE NOTIFICATION: gmcdaid;bcd.mttnow.com;APP - Registrations per hour - ELB;WARNING;notify-service-by-email;WARNING: Value is 59.000
[1400361487] SERVICE NOTIFICATION: abrinyov;bcd.mttnow.com;APP - Registrations per hour - ELB;WARNING;notify-service-by-sms;WARNING: Value is 59.000
[1400361488] SERVICE NOTIFICATION: abrinyov;bcd.mttnow.com;APP - Registrations per hour - ELB;WARNING;notify-service-by-email;WARNING: Value is 59.000
[1400361488] SERVICE NOTIFICATION: mnevzorova;bcd.mttnow.com;APP - Registrations per hour - ELB;WARNING;notify-service-by-sms;WARNING: Value is 59.000
[1400361489] SERVICE NOTIFICATION: mnevzorova;bcd.mttnow.com;APP - Registrations per hour - ELB;WARNING;notify-service-by-email;WARNING: Value is 59.000
[1400361489] SERVICE NOTIFICATION: nagiosadmin;bcd.mttnow.com;APP - Registrations per hour - ELB;WARNING;notify-service-by-email;WARNING: Value is 59.000
[1400361677] Auto-save of retention data completed successfully.
[1400365087] SERVICE NOTIFICATION: mbutler;bcd.mttnow.com;APP - Registrations per hour - ELB;WARNING;notify-service-by-email;WARNING: Value is 54.000
[1400365087] SERVICE NOTIFICATION: lirimie;bcd.mttnow.com;APP - Registrations per hour - ELB;WARNING;notify-service-by-email;WARNING: Value is 54.000
[1400365087] SERVICE NOTIFICATION: pclavel;bcd.mttnow.com;APP - Registrations per hour - ELB;WARNING;notify-service-by-email;WARNING: Value is 54.000
[1400365087] SERVICE NOTIFICATION: cburge;bcd.mttnow.com;APP - Registrations per hour - ELB;WARNING;notify-service-by-email;WARNING: Value is 54.000
[1400365087] SERVICE NOTIFICATION: gmcdaid;bcd.mttnow.com;APP - Registrations per hour - ELB;WARNING;notify-service-by-sms;WARNING: Value is 54.000
[1400365087] SERVICE NOTIFICATION: gmcdaid;bcd.mttnow.com;APP - Registrations per hour - ELB;WARNING;notify-service-by-email;WARNING: Value is 54.000
[1400365087] SERVICE NOTIFICATION: abrinyov;bcd.mttnow.com;APP - Registrations per hour - ELB;WARNING;notify-service-by-sms;WARNING: Value is 54.000
[1400365088] SERVICE NOTIFICATION: abrinyov;bcd.mttnow.com;APP - Registrations per hour - ELB;WARNING;notify-service-by-email;WARNING: Value is 54.000
[1400365088] SERVICE NOTIFICATION: mnevzorova;bcd.mttnow.com;APP - Registrations per hour - ELB;WARNING;notify-service-by-sms;WARNING: Value is 54.000
[1400365089] SERVICE NOTIFICATION: mnevzorova;bcd.mttnow.com;APP - Registrations per hour - ELB;WARNING;notify-service-by-email;WARNING: Value is 54.000
[1400365089] SERVICE NOTIFICATION: nagiosadmin;bcd.mttnow.com;APP - Registrations per hour - ELB;WARNING;notify-service-by-email;WARNING: Value is 54.000
[1400365277] Auto-save of retention data completed successfully.
[1400366787] SERVICE ALERT: m.jumeirah.com;MW - Table Reservation;WARNING;SOFT;1;WARNING : sum:95430 : 95.43 seconds to complete. (warning 60)
[1400366937] SERVICE ALERT: m.jumeirah.com;MW - Table Reservation;OK;SOFT;2;OK : sum:4091 : 4.091 seconds to complete.
