[1400454000] LOG ROTATION: DAILY
[1400454000] LOG VERSION: 2.0
[1400454000] CURRENT HOST STATE: 84.203.208.42;UP;HARD;1;
[1400454000] CURRENT HOST STATE: 84.203.208.43;UP;HARD;1;
[1400454000] CURRENT HOST STATE: api.clickatell.com;UP;HARD;1;
[1400454000] CURRENT HOST STATE: asterisk.int.mttnow.com;UP;HARD;1;
[1400454000] CURRENT HOST STATE: b2b.easyjet.com;UP;HARD;1;HTTP WARNING: HTTP/1.1 400 Bad Request
[1400454000] CURRENT HOST STATE: bcd.mttnow.com;UP;HARD;1;
[1400454000] CURRENT HOST STATE: eleventh-hour.com;UP;HARD;1;
[1400454000] CURRENT HOST STATE: helpdesk.mttnow.com;UP;HARD;1;
[1400454000] CURRENT HOST STATE: latam.mttnow.com;UP;HARD;1;
[1400454000] CURRENT HOST STATE: localhost;UP;HARD;1;PING OK - Packet loss = 0%, RTA = 1.62 ms
[1400454000] CURRENT HOST STATE: m.abacus.com.sg;UP;HARD;1;
[1400454000] CURRENT HOST STATE: m.atlantisthepalm.com;UP;HARD;1;
[1400454000] CURRENT HOST STATE: m.easyjet.com;UP;HARD;1;HTTP OK - HTTP/1.1 302 Found - 0.259 second response time
[1400454000] CURRENT HOST STATE: m.flybe.com;UP;HARD;1;
[1400454000] CURRENT HOST STATE: m.jumeirah.com;UP;HARD;1;
[1400454000] CURRENT HOST STATE: m.transavia.com;UP;HARD;1;
[1400454000] CURRENT HOST STATE: mobile.jetstar.com;UP;HARD;1;PING OK - Packet loss = 0%, RTA = 197.26 ms
[1400454000] CURRENT HOST STATE: s1-sc5-b-euw;UP;HARD;1;
[1400454000] CURRENT HOST STATE: s1.jq.mttnow.com;UP;HARD;1;
[1400454000] CURRENT HOST STATE: s2-sc5-c-euw;UP;HARD;1;
[1400454000] CURRENT HOST STATE: s2.jq.mttnow.com;UP;HARD;1;
[1400454000] CURRENT HOST STATE: security.mttnow.com;UP;HARD;1;
[1400454000] CURRENT HOST STATE: www.mttnow.com;UP;HARD;1;
[1400454000] CURRENT SERVICE STATE: 84.203.208.42;RBL Check;OK;HARD;1;CHECK_RBL OK - 84.203.208.42 BLACKLISTED on 0 servers of 41
[1400454000] CURRENT SERVICE STATE: 84.203.208.43;RBL Check;OK;HARD;1;CHECK_RBL OK -  (1 server timed out: access.redhawk.org)
[1400454000] CURRENT SERVICE STATE: api.clickatell.com;HTTPS;OK;HARD;1;HTTP OK HTTP/1.1 200 OK - 147 bytes in 1.228 seconds
[1400454000] CURRENT SERVICE STATE: asterisk.int.mttnow.com;Asterisk Trunk Reg Failure;OK;HARD;1;TCP OK - 0.805 second response time on port 7080
[1400454000] CURRENT SERVICE STATE: b2b.easyjet.com;HTTP;OK;HARD;1;WebInject OK - All tests passed successfully in 0.375 seconds
[1400454000] CURRENT SERVICE STATE: b2b.easyjet.com;HTTPS;OK;HARD;1;HTTP OK HTTP/1.1 200 OK - 3328 bytes in 0.611 seconds
[1400454000] CURRENT SERVICE STATE: b2b.easyjet.com;Login Request;OK;HARD;1;WebInject OK - All tests passed successfully in 5.775 seconds
[1400454000] CURRENT SERVICE STATE: b2b.easyjet.com;SSL Cert;OK;HARD;1;OK: certificate expires in 840 days (Mon Sep  5 00:59:59 2016)
[1400454000] CURRENT SERVICE STATE: bcd.mttnow.com;APP - Component Check - ELB;OK;HARD;1;WebInject OK - All tests passed successfully in 1.209 seconds
[1400454000] CURRENT SERVICE STATE: bcd.mttnow.com;APP - Component Check - s1-sc1-c-use;OK;HARD;1;WebInject OK - All tests passed successfully in 1.139 seconds
[1400454000] CURRENT SERVICE STATE: bcd.mttnow.com;APP - Component Check - s2-sc2-d-use;OK;HARD;1;WebInject OK - All tests passed successfully in 1.192 seconds
[1400454000] CURRENT SERVICE STATE: bcd.mttnow.com;APP - Elasticsearch Status;OK;HARD;1;OK: status is green
[1400454000] CURRENT SERVICE STATE: bcd.mttnow.com;APP - Last Registration - s1-sc1-c-use;OK;HARD;1;OK: Value is 2313.000
[1400454000] CURRENT SERVICE STATE: bcd.mttnow.com;APP - Last Registration - s2-sc2-d-use;OK;HARD;1;OK: Value is 74.000
[1400454000] CURRENT SERVICE STATE: bcd.mttnow.com;APP - Registrations per hour - ELB;OK;HARD;1;OK: Value is 64.000
[1400454000] CURRENT SERVICE STATE: bcd.mttnow.com;Disk / - adb1-c-use;OK;HARD;1;DISK OK - free space: / 6145 MB (76% inode=92%):
[1400454000] CURRENT SERVICE STATE: bcd.mttnow.com;Disk / - adb2-d-use;OK;HARD;1;DISK OK - free space: / 6145 MB (76% inode=92%):
[1400454000] CURRENT SERVICE STATE: bcd.mttnow.com;Disk / - pms-a-use;OK;HARD;1;DISK OK - free space: / 5693 MB (71% inode=91%):
[1400454000] CURRENT SERVICE STATE: bcd.mttnow.com;Disk / - s1-sc1-c-use;OK;HARD;1;DISK OK - free space: / 4061 MB (50% inode=75%):
[1400454000] CURRENT SERVICE STATE: bcd.mttnow.com;Disk / - s2-sc2-d-use;OK;HARD;1;DISK OK - free space: / 4095 MB (51% inode=75%):
[1400454000] CURRENT SERVICE STATE: bcd.mttnow.com;Disk / - sms1-c-use;OK;HARD;1;DISK OK - free space: / 5698 MB (71% inode=91%):
[1400454000] CURRENT SERVICE STATE: bcd.mttnow.com;Disk / - sms2-d-use;OK;HARD;1;DISK OK - free space: / 5698 MB (71% inode=91%):
[1400454000] CURRENT SERVICE STATE: bcd.mttnow.com;Disk /var - adb1-c-use;OK;HARD;1;DISK OK - free space: /var 278669 MB (97% inode=99%):
[1400454000] CURRENT SERVICE STATE: bcd.mttnow.com;Disk /var - adb2-d-use;OK;HARD;1;DISK OK - free space: /var 278648 MB (97% inode=99%):
[1400454000] CURRENT SERVICE STATE: bcd.mttnow.com;Disk /var - pms-a-use;OK;HARD;1;DISK OK - free space: /var 227677 MB (79% inode=99%):
[1400454000] CURRENT SERVICE STATE: bcd.mttnow.com;Disk /var - s1-sc1-c-use;OK;HARD;1;DISK OK - free space: /var 224236 MB (78% inode=99%):
[1400454000] CURRENT SERVICE STATE: bcd.mttnow.com;Disk /var - s2-sc2-d-use;OK;HARD;1;DISK OK - free space: /var 224351 MB (78% inode=99%):
[1400454000] CURRENT SERVICE STATE: bcd.mttnow.com;Disk /var - sms1-c-use;OK;HARD;1;DISK OK - free space: /var 237553 MB (82% inode=99%):
[1400454000] CURRENT SERVICE STATE: bcd.mttnow.com;Disk /var - sms2-d-use;OK;HARD;1;DISK OK - free space: /var 237527 MB (82% inode=99%):
[1400454000] CURRENT SERVICE STATE: bcd.mttnow.com;NTP Offset - adb1-c-use;OK;HARD;1;NTP OK: Offset -0.0001680850983 secs
[1400454000] CURRENT SERVICE STATE: bcd.mttnow.com;NTP Offset - adb2-d-use;OK;HARD;1;NTP OK: Offset -0.002150058746 secs
[1400454000] CURRENT SERVICE STATE: bcd.mttnow.com;NTP Offset - pms-a-use;OK;HARD;1;NTP OK: Offset -0.000165104866 secs
[1400454000] CURRENT SERVICE STATE: bcd.mttnow.com;NTP Offset - s1-sc1-c-use;OK;HARD;1;NTP OK: Offset -0.004639744759 secs
[1400454000] CURRENT SERVICE STATE: bcd.mttnow.com;NTP Offset - s2-sc2-d-use;OK;HARD;1;NTP OK: Offset -0.00288772583 secs
[1400454000] CURRENT SERVICE STATE: bcd.mttnow.com;NTP Offset - sms1-c-use;OK;HARD;1;NTP OK: Offset -0.002497315407 secs
[1400454000] CURRENT SERVICE STATE: bcd.mttnow.com;NTP Offset - sms2-d-use;OK;HARD;1;NTP OK: Offset -0.002382040024 secs
[1400454000] CURRENT SERVICE STATE: bcd.mttnow.com;TripSource www site;OK;HARD;1;HTTP OK - HTTP/1.0 301 Moved Permanently - 0.745 second response time
[1400454000] CURRENT SERVICE STATE: eleventh-hour.com;APP - API Status;OK;HARD;1;WebInject OK - All tests passed successfully in 0.864 seconds
[1400454000] CURRENT SERVICE STATE: eleventh-hour.com;Email Errors S1 EUR;OK;HARD;1;OK: Value is 0.000
[1400454000] CURRENT SERVICE STATE: eleventh-hour.com;HTTP - Admin Europe;OK;HARD;1;HTTP OK HTTP/1.1 200 OK - 14568 bytes in 0.692 seconds
[1400454000] CURRENT SERVICE STATE: eleventh-hour.com;Server 1 - Disk /;OK;HARD;1;DISK OK - free space: / 5207 MB (65% inode=87%):
[1400454000] CURRENT SERVICE STATE: eleventh-hour.com;Server 1 - Disk /var;OK;HARD;1;DISK OK - free space: /var 9492 MB (33% inode=98%):
[1400454000] CURRENT SERVICE STATE: eleventh-hour.com;Server 1 - NTP Offset;OK;HARD;1;NTP OK: Offset -0.0002453327179 secs
[1400454000] CURRENT SERVICE STATE: eleventh-hour.com;Tomcat Memory S1 EUR;OK;HARD;1;OK: Value is 962128.000
[1400454000] CURRENT SERVICE STATE: helpdesk.mttnow.com;Eleventh Hour POP3;OK;HARD;1;POP3_ACCOUNT OK - 4 emails for helpdesk@eleventh-hour.com
[1400454000] CURRENT SERVICE STATE: helpdesk.mttnow.com;General POP3;OK;HARD;1;POP3_ACCOUNT OK - 0 emails for helpdesk@mttnow.com
[1400454000] CURRENT SERVICE STATE: helpdesk.mttnow.com;HTTP;OK;HARD;1;HTTP OK - HTTP/1.1 302 Found - 0.264 second response time
[1400454000] CURRENT SERVICE STATE: helpdesk.mttnow.com;Helpdesk Ansaback queue checking;OK;HARD;1;OK: Value is 0.000
[1400454000] CURRENT SERVICE STATE: helpdesk.mttnow.com;Helpdesk Ops Support queue checking;OK;HARD;1;OK: Value is 0.000
[1400454000] CURRENT SERVICE STATE: latam.mttnow.com;APP - Elasticsearch Status;OK;HARD;1;OK: status is green
[1400454000] CURRENT SERVICE STATE: latam.mttnow.com;APP - Email Send Check - elb1-usw;OK;HARD;1;OK : sum:3478 : 3.478 seconds to complete.
[1400454000] CURRENT SERVICE STATE: latam.mttnow.com;APP - Flight Data Check - elb1-usw;OK;HARD;1;WebInject OK - All tests passed successfully in 0.662 seconds
[1400454000] CURRENT SERVICE STATE: latam.mttnow.com;APP - Flight Data Check - s1-sc1-b-usw;OK;HARD;1;WebInject OK - All tests passed successfully in 0.458 seconds
[1400454000] CURRENT SERVICE STATE: latam.mttnow.com;APP - Flight Data Check - s2-sc1-c-usw;OK;HARD;1;WebInject OK - All tests passed successfully in 0.602 seconds
[1400454000] CURRENT SERVICE STATE: latam.mttnow.com;Disk / - s1-sc1-b-usw;OK;HARD;1;DISK OK - free space: / 6046 MB (75% inode=89%):
[1400454000] CURRENT SERVICE STATE: latam.mttnow.com;Disk / - s2-sc1-c-usw;OK;HARD;1;DISK OK - free space: / 6046 MB (75% inode=89%):
[1400454000] CURRENT SERVICE STATE: latam.mttnow.com;Disk /var - s1-sc1-b-usw;OK;HARD;1;DISK OK - free space: /var 27698 MB (57% inode=99%):
[1400454000] CURRENT SERVICE STATE: latam.mttnow.com;Disk /var - s2-sc1-c-usw;OK;HARD;1;DISK OK - free space: /var 32927 MB (68% inode=99%):
[1400454000] CURRENT SERVICE STATE: latam.mttnow.com;Endpoint HTTPS Status - elb1-usw;OK;HARD;1;HTTP OK HTTP/1.1 200 OK - 171 bytes in 0.334 seconds
[1400454000] CURRENT SERVICE STATE: latam.mttnow.com;NTP Offset - s1-sc1-b-usw;OK;HARD;1;NTP OK: Offset -0.0005332231522 secs
[1400454000] CURRENT SERVICE STATE: latam.mttnow.com;NTP Offset - s2-sc1-c-usw;OK;HARD;1;NTP OK: Offset -0.01942193508 secs
[1400454000] CURRENT SERVICE STATE: localhost;Current Load;OK;HARD;1;OK - load average: 0.05, 0.06, 0.07
[1400454000] CURRENT SERVICE STATE: localhost;Current Users;OK;HARD;1;USERS OK - 0 users currently logged in
[1400454000] CURRENT SERVICE STATE: localhost;PING;OK;HARD;1;PING OK - Packet loss = 0%, RTA = 0.06 ms
[1400454000] CURRENT SERVICE STATE: localhost;Root Partition;OK;HARD;1;DISK OK - free space: / 4029 MB (41% inode=96%):
[1400454000] CURRENT SERVICE STATE: localhost;SSH;OK;HARD;1;SSH OK - OpenSSH_4.3 (protocol 2.0)
[1400454000] CURRENT SERVICE STATE: localhost;Swap Usage;OK;HARD;1;SWAP OK - 100% free (255 MB out of 255 MB)
[1400454000] CURRENT SERVICE STATE: localhost;Total Processes;OK;HARD;1;PROCS OK: 30 processes with STATE = RSZDT
[1400454000] CURRENT SERVICE STATE: m.abacus.com.sg;Disk /;OK;HARD;1;DISK OK - free space: / 4859 MB (60% inode=91%):
[1400454000] CURRENT SERVICE STATE: m.abacus.com.sg;Disk /var;OK;HARD;1;DISK OK - free space: /var 27953 MB (57% inode=99%):
[1400454000] CURRENT SERVICE STATE: m.abacus.com.sg;FOX Check;OK;HARD;1;WebInject OK - All tests passed successfully in 5.14 seconds
[1400454000] CURRENT SERVICE STATE: m.abacus.com.sg;HTTP;OK;HARD;1;HTTP OK - HTTP/1.1 302 Found - 0.534 second response time
[1400454000] CURRENT SERVICE STATE: m.abacus.com.sg;HTTPS;OK;HARD;1;HTTP OK - HTTP/1.1 302 Found - 0.974 second response time
[1400454000] CURRENT SERVICE STATE: m.abacus.com.sg;RBL Check;OK;HARD;1;CHECK_RBL OK -  (1 server timed out: access.redhawk.org)
[1400454000] CURRENT SERVICE STATE: m.abacus.com.sg;SSL Cert;OK;HARD;1;OK: certificate expires in 516 days (Sat Oct 17 03:59:05 2015)
[1400454000] CURRENT SERVICE STATE: m.atlantisthepalm.com;Disk /;OK;HARD;1;DISK OK - free space: / 5623 MB (69% inode=92%):
[1400454000] CURRENT SERVICE STATE: m.atlantisthepalm.com;Disk /var;OK;HARD;1;DISK OK - free space: /var 23198 MB (47% inode=99%):
[1400454000] CURRENT SERVICE STATE: m.atlantisthepalm.com;HTTP;OK;HARD;1;HTTP OK - HTTP/1.1 302 Found - 0.257 second response time
[1400454000] CURRENT SERVICE STATE: m.atlantisthepalm.com;HTTPS;OK;HARD;1;HTTP OK - HTTP/1.1 302 Found - 0.535 second response time
[1400454000] CURRENT SERVICE STATE: m.atlantisthepalm.com;MW - Bookings per week;OK;HARD;1;OK: Value is 339.000
[1400454000] CURRENT SERVICE STATE: m.atlantisthepalm.com;MW - Dolphin Bay;OK;HARD;1;WebInject OK - All tests passed successfully in 11.984 seconds
[1400454000] CURRENT SERVICE STATE: m.atlantisthepalm.com;MW - Payment Details;OK;HARD;1;OK: Value is 635.000
[1400454000] CURRENT SERVICE STATE: m.atlantisthepalm.com;MW - Payment Details - NIGHT;OK;HARD;1;OK: Value is 274.000
[1400454000] CURRENT SERVICE STATE: m.atlantisthepalm.com;MW - Redirect check;OK;HARD;1;Script requires fix
[1400454000] CURRENT SERVICE STATE: m.atlantisthepalm.com;MW - Special Offers;OK;HARD;1;WebInject OK - All tests passed successfully in 0.543 seconds
[1400454000] CURRENT SERVICE STATE: m.atlantisthepalm.com;MW - Waterpark;OK;HARD;1;OK: Value is 1442.000
[1400454000] CURRENT SERVICE STATE: m.atlantisthepalm.com;RBL Check;OK;HARD;1;CHECK_RBL OK - m.atlantisthepalm.com BLACKLISTED on 0 servers of 41
[1400454000] CURRENT SERVICE STATE: m.atlantisthepalm.com;SSL Cert;OK;HARD;1;OK: certificate expires in 693 days (Mon Apr 11 00:59:59 2016)
[1400454000] CURRENT SERVICE STATE: m.easyjet.com;APP - Elasticsearch Status;OK;HARD;1;OK: status is green
[1400454000] CURRENT SERVICE STATE: m.easyjet.com;Apps - Booking excl payment;OK;HARD;1;OK : sum:4021 : 4.021 seconds to complete.
[1400454000] CURRENT SERVICE STATE: m.easyjet.com;Apps - HTTP;OK;HARD;1;HTTP OK - HTTP/1.1 302 Found - 0.257 second response time
[1400454000] CURRENT SERVICE STATE: m.easyjet.com;Apps - HTTPS;OK;HARD;1;HTTP OK - HTTP/1.1 302 Found - 0.583 second response time
[1400454000] CURRENT SERVICE STATE: m.easyjet.com;Apps - Server1 - Booking excl payment;OK;HARD;1;OK : sum:6997 : 6.997 seconds to complete.
[1400454000] CURRENT SERVICE STATE: m.easyjet.com;Apps - Server2 - Booking excl payment;OK;HARD;1;OK : sum:6096 : 6.096 seconds to complete.
[1400454000] CURRENT SERVICE STATE: m.easyjet.com;Apps - User Login;OK;HARD;1;OK : sum:1004 : 1.004 seconds to complete.
[1400454000] CURRENT SERVICE STATE: m.easyjet.com;Bookings Per Hour;OK;HARD;1;OK: Value is 128.000
[1400454000] CURRENT SERVICE STATE: m.easyjet.com;Disk / pms-a-euw;OK;HARD;1;DISK OK - free space: / 5558 MB (69% inode=82%):
[1400454000] CURRENT SERVICE STATE: m.easyjet.com;Disk / s1-sc1-b-euw;OK;HARD;1;DISK OK - free space: / 5060 MB (63% inode=81%):
[1400454000] CURRENT SERVICE STATE: m.easyjet.com;Disk / s1-sc2-b-euw;OK;HARD;1;DISK OK - free space: / 5060 MB (63% inode=81%):
[1400454000] CURRENT SERVICE STATE: m.easyjet.com;Disk / s1-sc3-b-euw;OK;HARD;1;DISK OK - free space: / 5059 MB (63% inode=81%):
[1400454000] CURRENT SERVICE STATE: m.easyjet.com;Disk / s1-sc4-b-euw;OK;HARD;1;DISK OK - free space: / 3353 MB (42% inode=81%):
[1400454000] CURRENT SERVICE STATE: m.easyjet.com;Disk / s1-sc5-b-euw;OK;HARD;1;DISK OK - free space: / 5162 MB (64% inode=81%):
[1400454000] CURRENT SERVICE STATE: m.easyjet.com;Disk / s1-sc6-b-euw;OK;HARD;1;DISK OK - free space: / 5059 MB (63% inode=81%):
[1400454000] CURRENT SERVICE STATE: m.easyjet.com;Disk / s1-sc7-b-euw;OK;HARD;1;DISK OK - free space: / 5060 MB (63% inode=81%):
[1400454000] CURRENT SERVICE STATE: m.easyjet.com;Disk / s2-sc1-c-euw;OK;HARD;1;DISK OK - free space: / 5060 MB (63% inode=81%):
[1400454000] CURRENT SERVICE STATE: m.easyjet.com;Disk / s2-sc2-c-euw;OK;HARD;1;DISK OK - free space: / 5060 MB (63% inode=81%):
[1400454000] CURRENT SERVICE STATE: m.easyjet.com;Disk / s2-sc3-c-euw;OK;HARD;1;DISK OK - free space: / 5060 MB (63% inode=81%):
[1400454000] CURRENT SERVICE STATE: m.easyjet.com;Disk / s2-sc4-c-euw;OK;HARD;1;DISK OK - free space: / 3684 MB (46% inode=81%):
[1400454000] CURRENT SERVICE STATE: m.easyjet.com;Disk / s2-sc5-c-euw;OK;HARD;1;DISK OK - free space: / 5162 MB (64% inode=81%):
[1400454000] CURRENT SERVICE STATE: m.easyjet.com;Disk / s2-sc6-c-euw;OK;HARD;1;DISK OK - free space: / 5059 MB (63% inode=81%):
[1400454000] CURRENT SERVICE STATE: m.easyjet.com;Disk / s2-sc7-c-euw;OK;HARD;1;DISK OK - free space: / 5058 MB (63% inode=81%):
[1400454000] CURRENT SERVICE STATE: m.easyjet.com;Disk / sms1-b-euw;OK;HARD;1;DISK OK - free space: / 5558 MB (69% inode=82%):
[1400454000] CURRENT SERVICE STATE: m.easyjet.com;Disk / sms2-c-euw;OK;HARD;1;DISK OK - free space: / 5558 MB (69% inode=82%):
[1400454000] CURRENT SERVICE STATE: m.easyjet.com;Disk /var pms-a-euw;OK;HARD;1;DISK OK - free space: /var 244152 MB (84% inode=99%):
[1400454000] CURRENT SERVICE STATE: m.easyjet.com;Disk /var s1-sc1-b-euw;OK;HARD;1;DISK OK - free space: /var 30952 MB (64% inode=99%):
[1400454000] CURRENT SERVICE STATE: m.easyjet.com;Disk /var s1-sc2-b-euw;OK;HARD;1;DISK OK - free space: /var 27433 MB (57% inode=99%):
[1400454000] CURRENT SERVICE STATE: m.easyjet.com;Disk /var s1-sc3-b-euw;OK;HARD;1;DISK OK - free space: /var 14863 MB (31% inode=99%):
[1400454000] CURRENT SERVICE STATE: m.easyjet.com;Disk /var s1-sc4-b-euw;OK;HARD;1;DISK OK - free space: /var 28729 MB (60% inode=99%):
[1400454000] CURRENT SERVICE STATE: m.easyjet.com;Disk /var s1-sc5-b-euw;OK;HARD;1;DISK OK - free space: /var 169439 MB (58% inode=99%):
[1400454000] CURRENT SERVICE STATE: m.easyjet.com;Disk /var s1-sc6-b-euw;OK;HARD;1;DISK OK - free space: /var 30573 MB (63% inode=99%):
[1400454000] CURRENT SERVICE STATE: m.easyjet.com;Disk /var s1-sc7-b-euw;OK;HARD;1;DISK OK - free space: /var 25373 MB (53% inode=99%):
[1400454000] CURRENT SERVICE STATE: m.easyjet.com;Disk /var s2-sc1-c-euw;OK;HARD;1;DISK OK - free space: /var 30941 MB (64% inode=99%):
[1400454000] CURRENT SERVICE STATE: m.easyjet.com;Disk /var s2-sc2-c-euw;OK;HARD;1;DISK OK - free space: /var 27332 MB (57% inode=99%):
[1400454000] CURRENT SERVICE STATE: m.easyjet.com;Disk /var s2-sc3-c-euw;OK;HARD;1;DISK OK - free space: /var 14785 MB (30% inode=99%):
[1400454000] CURRENT SERVICE STATE: m.easyjet.com;Disk /var s2-sc4-c-euw;OK;HARD;1;DISK OK - free space: /var 28744 MB (60% inode=99%):
[1400454000] CURRENT SERVICE STATE: m.easyjet.com;Disk /var s2-sc5-c-euw;OK;HARD;1;DISK OK - free space: /var 167256 MB (57% inode=99%):
[1400454000] CURRENT SERVICE STATE: m.easyjet.com;Disk /var s2-sc6-c-euw;OK;HARD;1;DISK OK - free space: /var 30535 MB (63% inode=99%):
[1400454000] CURRENT SERVICE STATE: m.easyjet.com;Disk /var s2-sc7-c-euw;OK;HARD;1;DISK OK - free space: /var 25129 MB (52% inode=99%):
[1400454000] CURRENT SERVICE STATE: m.easyjet.com;Disk /var sms1-b-euw;OK;HARD;1;DISK OK - free space: /var 249318 MB (86% inode=99%):
[1400454000] CURRENT SERVICE STATE: m.easyjet.com;Disk /var sms2-c-euw;OK;HARD;1;DISK OK - free space: /var 249322 MB (86% inode=99%):
[1400454000] CURRENT SERVICE STATE: m.easyjet.com;HTTP;OK;HARD;1;HTTP OK - HTTP/1.1 302 Found - 0.351 second response time
[1400454000] CURRENT SERVICE STATE: m.easyjet.com;HTTP - V2.4.0 check;OK;HARD;1;HTTP OK HTTP/1.1 200 OK - 5455 bytes in 0.275 seconds
[1400454000] CURRENT SERVICE STATE: m.easyjet.com;HTTP - deep check;OK;HARD;1;HTTP OK HTTP/1.1 200 OK - 6261 bytes in 0.487 seconds
[1400454000] CURRENT SERVICE STATE: m.easyjet.com;HTTPS;OK;HARD;1;HTTP OK - HTTP/1.1 302 Found - 0.621 second response time
[1400454000] CURRENT SERVICE STATE: m.easyjet.com;MW - ELB - MYSQL connections Booking;OK;HARD;1;OK: Value is 56.000
[1400454000] CURRENT SERVICE STATE: m.easyjet.com;MW - ELB - MYSQL connections Mediator;OK;HARD;1;OK: Value is 17.000
[1400454000] CURRENT SERVICE STATE: m.easyjet.com;MW - Server 1 - Flight Status;OK;HARD;1;OK: Value is 235.000
[1400454000] CURRENT SERVICE STATE: m.easyjet.com;MW - Server 1 - Flight Status - NIGHT;OK;HARD;1;OK: Value is 182.000
[1400454000] CURRENT SERVICE STATE: m.easyjet.com;MW - Server 1 - Payment Details;OK;HARD;1;OK: Value is 239.000
[1400454000] CURRENT SERVICE STATE: m.easyjet.com;MW - Server 1 - Payment Details - NIGHT;OK;HARD;1;OK: Value is 213.000
[1400454000] CURRENT SERVICE STATE: m.easyjet.com;MW - Server 1 - Session Timeouts Per Day;OK;HARD;1;OK: Value is 0.000
[1400454000] CURRENT SERVICE STATE: m.easyjet.com;MW - Server 2 - Flight Status;OK;HARD;1;OK: Value is 22.000
[1400454000] CURRENT SERVICE STATE: m.easyjet.com;MW - Server 2 - Flight Status - NIGHT;OK;HARD;1;OK: Value is 15.000
[1400454000] CURRENT SERVICE STATE: m.easyjet.com;MW - Server 2 - Payment Details - NIGHT;OK;HARD;1;OK: Value is 297.000
[1400454000] CURRENT SERVICE STATE: m.easyjet.com;MW - Server 2 - Session Timeouts Per Day;OK;HARD;1;OK: Value is 0.000
[1400454000] CURRENT SERVICE STATE: m.easyjet.com;MW - Server 2 Payment Details;OK;HARD;1;OK: Value is 317.000
[1400454000] CURRENT SERVICE STATE: m.easyjet.com;NTP Offset pms-a-euw;OK;HARD;1;NTP OK: Offset 0.004472374916 secs
[1400454000] CURRENT SERVICE STATE: m.easyjet.com;NTP Offset s1-sc1-b-euw;OK;HARD;1;NTP OK: Offset 0.003187656403 secs
[1400454000] CURRENT SERVICE STATE: m.easyjet.com;NTP Offset s1-sc2-b-euw;OK;HARD;1;NTP OK: Offset 0.004267930984 secs
[1400454000] CURRENT SERVICE STATE: m.easyjet.com;NTP Offset s1-sc3-b-euw;OK;HARD;1;NTP OK: Offset 0.002212047577 secs
[1400454000] CURRENT SERVICE STATE: m.easyjet.com;NTP Offset s1-sc4-b-euw;OK;HARD;1;NTP OK: Offset 0.0004681348801 secs
[1400454000] CURRENT SERVICE STATE: m.easyjet.com;NTP Offset s1-sc5-b-euw;OK;HARD;1;NTP OK: Offset -0.01162576675 secs
[1400454000] CURRENT SERVICE STATE: m.easyjet.com;NTP Offset s1-sc6-b-euw;OK;HARD;1;NTP OK: Offset 0.00297999382 secs
[1400454000] CURRENT SERVICE STATE: m.easyjet.com;NTP Offset s1-sc7-b-euw;OK;HARD;1;NTP OK: Offset 0.003418326378 secs
[1400454000] CURRENT SERVICE STATE: m.easyjet.com;NTP Offset s2-sc1-c-euw;OK;HARD;1;NTP OK: Offset 0.001247406006 secs
[1400454000] CURRENT SERVICE STATE: m.easyjet.com;NTP Offset s2-sc2-c-euw;OK;HARD;1;NTP OK: Offset 0.001291275024 secs
[1400454000] CURRENT SERVICE STATE: m.easyjet.com;NTP Offset s2-sc3-c-euw;OK;HARD;1;NTP OK: Offset -0.003916978836 secs
[1400454000] CURRENT SERVICE STATE: m.easyjet.com;NTP Offset s2-sc4-c-euw;OK;HARD;1;NTP OK: Offset 0.002883672714 secs
[1400454000] CURRENT SERVICE STATE: m.easyjet.com;NTP Offset s2-sc5-c-euw;OK;HARD;1;NTP OK: Offset 0.00237429142 secs
[1400454000] CURRENT SERVICE STATE: m.easyjet.com;NTP Offset s2-sc6-c-euw;OK;HARD;1;NTP OK: Offset 0.000966668129 secs
[1400454000] CURRENT SERVICE STATE: m.easyjet.com;NTP Offset s2-sc7-c-euw;OK;HARD;1;NTP OK: Offset 0.001055717468 secs
[1400454000] CURRENT SERVICE STATE: m.easyjet.com;NTP Offset sms1-b-euw;OK;HARD;1;NTP OK: Offset 0.002828240395 secs
[1400454000] CURRENT SERVICE STATE: m.easyjet.com;NTP Offset sms2-c-euw;OK;HARD;1;NTP OK: Offset 0.004303574562 secs
[1400454000] CURRENT SERVICE STATE: m.easyjet.com;SSL Cert;OK;HARD;1;OK: certificate expires in 1056 days (Sun Apr  9 00:59:59 2017)
[1400454000] CURRENT SERVICE STATE: m.easyjet.com;Server 1 - Last Checkin;OK;HARD;1;OK: Value is 6.000
[1400454000] CURRENT SERVICE STATE: m.easyjet.com;Server 2 - Last Checkin;OK;HARD;1;OK: Value is 10.000
[1400454000] CURRENT SERVICE STATE: m.flybe.com;Disk /;OK;HARD;1;DISK OK - free space: / 4936 MB (61% inode=90%):
[1400454000] CURRENT SERVICE STATE: m.flybe.com;Disk /var;OK;HARD;1;DISK OK - free space: /var 23671 MB (49% inode=99%):
[1400454000] CURRENT SERVICE STATE: m.flybe.com;HTTP - Apache;OK;HARD;1;HTTP OK - HTTP/1.1 302 Found - 0.316 second response time
[1400454000] CURRENT SERVICE STATE: m.flybe.com;HTTP - Tomcat;OK;HARD;1;HTTP OK - HTTP/1.1 302 Moved Temporarily - 0.256 second response time
[1400454000] CURRENT SERVICE STATE: m.flybe.com;MW - Availability Results;OK;HARD;1;OK: Value is 3.000
[1400454000] CURRENT SERVICE STATE: m.flybe.com;MW - Availability Results - NIGHT;OK;HARD;1;OK: Value is 0.000
[1400454000] CURRENT SERVICE STATE: m.flybe.com;MW - Bookings per hour;OK;HARD;1;OK: Value is 35.000
[1400454000] CURRENT SERVICE STATE: m.flybe.com;MW - Payment Details;OK;HARD;1;OK: Value is 8.000
[1400454000] CURRENT SERVICE STATE: m.flybe.com;MW - Payment Details - NIGHT;OK;HARD;1;OK: Value is 1.000
[1400454000] CURRENT SERVICE STATE: m.flybe.com;MW - Search Page;OK;HARD;1;OK: Value is 5.000
[1400454000] CURRENT SERVICE STATE: m.flybe.com;MW - Search Page - NIGHT;OK;HARD;1;OK: Value is 0.000
[1400454000] CURRENT SERVICE STATE: m.flybe.com;MW - Session Timeouts Per Day;OK;HARD;1;OK: Value is 0.000
[1400454000] CURRENT SERVICE STATE: m.flybe.com;NTP Offset;OK;HARD;1;NTP OK: Offset 0.001410126686 secs
[1400454000] CURRENT SERVICE STATE: m.flybe.com;RBL Check;OK;HARD;1;CHECK_RBL OK - m.flybe.com BLACKLISTED on 0 servers of 41
[1400454000] CURRENT SERVICE STATE: m.flybe.com;SSL Cert;OK;HARD;1;OK: certificate expires in 346 days (Thu Apr 30 16:00:00 2015)
[1400454000] CURRENT SERVICE STATE: m.jumeirah.com;HTTP;OK;HARD;1;HTTP OK - HTTP/1.1 302 Found - 0.261 second response time
[1400454000] CURRENT SERVICE STATE: m.jumeirah.com;HTTPS;OK;HARD;1;HTTP OK - HTTP/1.1 302 Found - 0.688 second response time
[1400454000] CURRENT SERVICE STATE: m.jumeirah.com;MW - Standard Booking;OK;HARD;1;OK : sum:16594 : 16.594 seconds to complete.
[1400454000] CURRENT SERVICE STATE: m.jumeirah.com;MW - Table Reservation;OK;HARD;1;OK : sum:4046 : 4.046 seconds to complete.
[1400454000] CURRENT SERVICE STATE: m.jumeirah.com;RBL Check;OK;HARD;1;CHECK_RBL OK -  (1 server timed out: access.redhawk.org)
[1400454000] CURRENT SERVICE STATE: m.jumeirah.com;SSL Cert;OK;HARD;1;OK: certificate expires in 210 days (Mon Dec 15 12:00:00 2014)
[1400454000] CURRENT SERVICE STATE: m.transavia.com;APPS - Availability Results;OK;HARD;1;OK: Value is 5.000
[1400454000] CURRENT SERVICE STATE: m.transavia.com;APPS - Availability Results - NIGHT;OK;HARD;1;OK: Value is 25.000
[1400454000] CURRENT SERVICE STATE: m.transavia.com;APPS - Bookings per hour;OK;HARD;1;OK: Value is 35.000
[1400454000] CURRENT SERVICE STATE: m.transavia.com;APPS - Payment Details;OK;HARD;1;OK: Value is 949.000
[1400454000] CURRENT SERVICE STATE: m.transavia.com;APPS - Payment Details - NIGHT;OK;HARD;1;OK: Value is 82.000
[1400454000] CURRENT SERVICE STATE: m.transavia.com;Disk /;OK;HARD;1;DISK OK - free space: / 4605 MB (56% inode=92%):
[1400454000] CURRENT SERVICE STATE: m.transavia.com;Disk /var;OK;HARD;1;DISK OK - free space: /var 29019 MB (59% inode=99%):
[1400454000] CURRENT SERVICE STATE: m.transavia.com;HTTP - Apache;OK;HARD;1;HTTP OK - HTTP/1.1 302 Moved Temporarily - 0.258 second response time
[1400454000] CURRENT SERVICE STATE: m.transavia.com;HTTP - Tomcat;OK;HARD;1;HTTP OK HTTP/1.1 200 OK - 2218 bytes in 0.264 seconds
[1400454000] CURRENT SERVICE STATE: m.transavia.com;RBL Check;OK;HARD;1;CHECK_RBL OK - m.transavia.com BLACKLISTED on 0 servers of 41
[1400454000] CURRENT SERVICE STATE: m.transavia.com;SSL Cert;OK;HARD;1;OK: certificate expires in 326 days (Fri Apr 10 00:59:59 2015)
[1400454000] CURRENT SERVICE STATE: mobile.jetstar.com;Disk S1 /;OK;HARD;1;DISK OK - free space: / 3569 MB (35% inode=92%):
[1400454000] CURRENT SERVICE STATE: mobile.jetstar.com;Disk S1 /var;OK;HARD;1;DISK OK - free space: /var 57845 MB (40% inode=99%):
[1400454000] CURRENT SERVICE STATE: mobile.jetstar.com;Disk S2 /;OK;HARD;1;DISK OK - free space: / 3575 MB (35% inode=92%):
[1400454000] CURRENT SERVICE STATE: mobile.jetstar.com;Disk S2 /var;OK;HARD;1;DISK OK - free space: /var 52279 MB (36% inode=99%):
[1400454000] CURRENT SERVICE STATE: mobile.jetstar.com;HTTP - LB - Check App;OK;HARD;1;HTTP OK - HTTP/1.1 302 Moved Temporarily - 10.445 second response time
[1400454000] CURRENT SERVICE STATE: mobile.jetstar.com;HTTP - LB - Check App JP;OK;HARD;1;HTTP OK - HTTP/1.1 302 Moved Temporarily - 10.453 second response time
[1400454000] CURRENT SERVICE STATE: mobile.jetstar.com;HTTP - S1 - Check App;OK;HARD;1;HTTP OK - HTTP/1.1 302 Moved Temporarily - 0.531 second response time
[1400454000] CURRENT SERVICE STATE: mobile.jetstar.com;HTTP - S1 - Check App JP;OK;HARD;1;HTTP OK - HTTP/1.1 302 Moved Temporarily - 0.486 second response time
[1400454000] CURRENT SERVICE STATE: mobile.jetstar.com;HTTP - S2 - Check App;OK;HARD;1;HTTP OK - HTTP/1.1 302 Moved Temporarily - 0.465 second response time
[1400454000] CURRENT SERVICE STATE: mobile.jetstar.com;HTTP - S2 - Check App JP;OK;HARD;1;HTTP OK - HTTP/1.1 302 Moved Temporarily - 5.691 second response time
[1400454000] CURRENT SERVICE STATE: mobile.jetstar.com;MW - Bookings per day JP;OK;HARD;1;OK: Value is 6.000
[1400454000] CURRENT SERVICE STATE: mobile.jetstar.com;MW - Bookings per hour;OK;HARD;1;OK: Value is 53.000
[1400454000] CURRENT SERVICE STATE: mobile.jetstar.com;MW - Checkins per hour;OK;HARD;1;OK: Value is 69.000
[1400454000] CURRENT SERVICE STATE: mobile.jetstar.com;MW - S1 - Flight Status;OK;HARD;1;OK: Value is 21.000
[1400454000] CURRENT SERVICE STATE: mobile.jetstar.com;MW - S1 - Payment Details;OK;HARD;1;OK: Value is 64.000
[1400454000] CURRENT SERVICE STATE: mobile.jetstar.com;MW - S2 - Flight Status;OK;HARD;1;OK: Value is 56.000
[1400454000] CURRENT SERVICE STATE: mobile.jetstar.com;MW - S2 - Payment Details;OK;HARD;1;OK: Value is 4.000
[1400454000] CURRENT SERVICE STATE: mobile.jetstar.com;RBL Check;OK;HARD;1;CHECK_RBL OK - mobile.jetstar.com BLACKLISTED on 0 servers of 41
[1400454000] CURRENT SERVICE STATE: mobile.jetstar.com;SSL Cert;OK;HARD;1;OK: certificate expires in 651 days (Sun Feb 28 23:59:59 2016)
[1400454000] CURRENT SERVICE STATE: security.mttnow.com;Amazon AMI Patch RSS Check;OK;HARD;1;OK: No Matches in last 1 days
[1400454000] CURRENT SERVICE STATE: security.mttnow.com;Samhain File Integrity;CRITICAL;HARD;4;POP3_ACCOUNT CRITICAL - 698 emails for la.samhain@mttnow.com
[1400454000] CURRENT SERVICE STATE: www.mttnow.com;Disk /;OK;HARD;1;DISK OK - free space: /var 1217 MB (25% inode=94%):
[1400454000] CURRENT SERVICE STATE: www.mttnow.com;Disk /var;OK;HARD;1;DISK OK - free space: / 5832 MB (60% inode=76%):
[1400454000] CURRENT SERVICE STATE: www.mttnow.com;HTTP;OK;HARD;1;HTTP OK - HTTP/1.0 301 Moved Permanently - 0.770 second response time
[1400454000] CURRENT SERVICE STATE: www.mttnow.com;RBL Check;OK;HARD;1;CHECK_RBL OK - www.mttnow.com BLACKLISTED on 0 servers of 41
[1400454000] CURRENT SERVICE STATE: www.mttnow.com;Webapp - Deep check;OK;HARD;1;WebInject OK - All tests passed successfully in 2.117 seconds
[1400454007] SERVICE ALERT: mobile.jetstar.com;MW - Bookings per day JP;WARNING;SOFT;1;WARNING: Value is 5.000
[1400454247] SERVICE ALERT: mobile.jetstar.com;MW - Bookings per day JP;WARNING;SOFT;2;WARNING: Value is 5.000
[1400454487] SERVICE ALERT: mobile.jetstar.com;MW - Bookings per day JP;WARNING;SOFT;3;WARNING: Value is 5.000
[1400454727] SERVICE ALERT: mobile.jetstar.com;MW - Bookings per day JP;WARNING;HARD;4;WARNING: Value is 5.000
[1400454727] SERVICE NOTIFICATION: gmcdaid;mobile.jetstar.com;MW - Bookings per day JP;WARNING;notify-service-by-sms;WARNING: Value is 5.000
[1400454727] SERVICE NOTIFICATION: gmcdaid;mobile.jetstar.com;MW - Bookings per day JP;WARNING;notify-service-by-email;WARNING: Value is 5.000
[1400454727] SERVICE NOTIFICATION: abrinyov;mobile.jetstar.com;MW - Bookings per day JP;WARNING;notify-service-by-sms;WARNING: Value is 5.000
[1400454728] SERVICE NOTIFICATION: abrinyov;mobile.jetstar.com;MW - Bookings per day JP;WARNING;notify-service-by-email;WARNING: Value is 5.000
[1400454728] SERVICE NOTIFICATION: mnevzorova;mobile.jetstar.com;MW - Bookings per day JP;WARNING;notify-service-by-sms;WARNING: Value is 5.000
[1400454729] SERVICE NOTIFICATION: mnevzorova;mobile.jetstar.com;MW - Bookings per day JP;WARNING;notify-service-by-email;WARNING: Value is 5.000
[1400454729] SERVICE NOTIFICATION: nagiosadmin;mobile.jetstar.com;MW - Bookings per day JP;WARNING;notify-service-by-email;WARNING: Value is 5.000
[1400455277] Auto-save of retention data completed successfully.
[1400456457] SERVICE ALERT: m.easyjet.com;MW - Server 2 - Payment Details - NIGHT;WARNING;SOFT;1;WARNING: Value is 1716.000
[1400456697] SERVICE ALERT: m.easyjet.com;MW - Server 2 - Payment Details - NIGHT;OK;SOFT;2;OK: Value is 114.000
[1400458327] SERVICE NOTIFICATION: gmcdaid;mobile.jetstar.com;MW - Bookings per day JP;WARNING;notify-service-by-sms;WARNING: Value is 4.000
[1400458327] SERVICE NOTIFICATION: gmcdaid;mobile.jetstar.com;MW - Bookings per day JP;WARNING;notify-service-by-email;WARNING: Value is 4.000
[1400458327] SERVICE NOTIFICATION: abrinyov;mobile.jetstar.com;MW - Bookings per day JP;WARNING;notify-service-by-sms;WARNING: Value is 4.000
[1400458328] SERVICE NOTIFICATION: abrinyov;mobile.jetstar.com;MW - Bookings per day JP;WARNING;notify-service-by-email;WARNING: Value is 4.000
[1400458328] SERVICE NOTIFICATION: mnevzorova;mobile.jetstar.com;MW - Bookings per day JP;WARNING;notify-service-by-sms;WARNING: Value is 4.000
[1400458329] SERVICE NOTIFICATION: mnevzorova;mobile.jetstar.com;MW - Bookings per day JP;WARNING;notify-service-by-email;WARNING: Value is 4.000
[1400458329] SERVICE NOTIFICATION: nagiosadmin;mobile.jetstar.com;MW - Bookings per day JP;WARNING;notify-service-by-email;WARNING: Value is 4.000
[1400458877] Auto-save of retention data completed successfully.
[1400458967] SERVICE ALERT: m.easyjet.com;MW - Server 1 - Flight Status - NIGHT;WARNING;SOFT;1;WARNING: Value is 1366.000
[1400459027] SERVICE ALERT: m.easyjet.com;MW - Server 1 - Flight Status;WARNING;SOFT;1;WARNING: Value is 1419.000
[1400459207] SERVICE ALERT: m.easyjet.com;MW - Server 1 - Flight Status - NIGHT;WARNING;SOFT;2;WARNING: Value is 1606.000
[1400459267] SERVICE ALERT: m.easyjet.com;MW - Server 1 - Flight Status;WARNING;SOFT;2;WARNING: Value is 1659.000
[1400459307] SERVICE ALERT: m.jumeirah.com;MW - Table Reservation;WARNING;SOFT;1;WARNING : sum:99142 : 99.142 seconds to complete. (warning 60)
[1400459447] SERVICE ALERT: m.easyjet.com;MW - Server 1 - Flight Status - NIGHT;WARNING;SOFT;3;WARNING: Value is 1846.000
[1400459457] SERVICE ALERT: m.jumeirah.com;MW - Table Reservation;OK;SOFT;2;OK : sum:4291 : 4.291 seconds to complete.
[1400459507] SERVICE ALERT: m.easyjet.com;MW - Server 1 - Flight Status;WARNING;SOFT;3;WARNING: Value is 1899.000
[1400459687] SERVICE ALERT: m.easyjet.com;MW - Server 1 - Flight Status - NIGHT;WARNING;HARD;4;WARNING: Value is 2086.000
[1400459747] SERVICE ALERT: m.easyjet.com;MW - Server 1 - Flight Status;WARNING;HARD;4;WARNING: Value is 2139.000
[1400460287] SERVICE ALERT: m.easyjet.com;MW - Server 1 - Flight Status - NIGHT;CRITICAL;HARD;4;CRITICAL: Value is 2686.000
[1400460347] SERVICE ALERT: m.easyjet.com;MW - Server 1 - Flight Status;CRITICAL;HARD;4;CRITICAL: Value is 2739.000
[1400460387] SERVICE ALERT: m.easyjet.com;MW - Server 1 - Payment Details - NIGHT;WARNING;SOFT;1;WARNING: Value is 1288.000
[1400460407] SERVICE ALERT: m.easyjet.com;MW - Server 1 - Payment Details;WARNING;SOFT;1;WARNING: Value is 1314.000
[1400460627] SERVICE ALERT: m.easyjet.com;MW - Server 1 - Payment Details - NIGHT;WARNING;SOFT;2;WARNING: Value is 1528.000
[1400460647] SERVICE ALERT: m.easyjet.com;MW - Server 1 - Payment Details;WARNING;SOFT;2;WARNING: Value is 1554.000
[1400460867] SERVICE ALERT: m.easyjet.com;MW - Server 1 - Payment Details - NIGHT;OK;SOFT;3;OK: Value is 39.000
[1400460887] SERVICE ALERT: m.easyjet.com;MW - Server 1 - Payment Details;OK;SOFT;3;OK: Value is 65.000
[1400460937] SERVICE ALERT: m.easyjet.com;MW - Server 2 - Flight Status - NIGHT;WARNING;SOFT;1;WARNING: Value is 1672.000
[1400460947] SERVICE ALERT: m.easyjet.com;MW - Server 2 - Flight Status;WARNING;SOFT;1;WARNING: Value is 1679.000
[1400461177] SERVICE ALERT: m.easyjet.com;MW - Server 2 - Flight Status - NIGHT;WARNING;SOFT;2;WARNING: Value is 1912.000
[1400461187] SERVICE ALERT: m.easyjet.com;MW - Server 2 - Flight Status;WARNING;SOFT;2;WARNING: Value is 1919.000
[1400461417] SERVICE ALERT: m.easyjet.com;MW - Server 2 - Flight Status - NIGHT;OK;SOFT;3;OK: Value is 144.000
[1400461427] SERVICE ALERT: m.easyjet.com;MW - Server 2 - Flight Status;OK;SOFT;3;OK: Value is 151.000
[1400461487] SERVICE ALERT: m.easyjet.com;MW - Server 1 - Flight Status - NIGHT;OK;HARD;4;OK: Value is 221.000
[1400461547] SERVICE ALERT: m.easyjet.com;MW - Server 1 - Flight Status;OK;HARD;4;OK: Value is 274.000
[1400461927] SERVICE NOTIFICATION: gmcdaid;mobile.jetstar.com;MW - Bookings per day JP;WARNING;notify-service-by-sms;WARNING: Value is 5.000
[1400461927] SERVICE NOTIFICATION: gmcdaid;mobile.jetstar.com;MW - Bookings per day JP;WARNING;notify-service-by-email;WARNING: Value is 5.000
[1400461927] SERVICE NOTIFICATION: abrinyov;mobile.jetstar.com;MW - Bookings per day JP;WARNING;notify-service-by-sms;WARNING: Value is 5.000
[1400461928] SERVICE NOTIFICATION: abrinyov;mobile.jetstar.com;MW - Bookings per day JP;WARNING;notify-service-by-email;WARNING: Value is 5.000
[1400461928] SERVICE NOTIFICATION: mnevzorova;mobile.jetstar.com;MW - Bookings per day JP;WARNING;notify-service-by-sms;WARNING: Value is 5.000
[1400461928] SERVICE NOTIFICATION: mnevzorova;mobile.jetstar.com;MW - Bookings per day JP;WARNING;notify-service-by-email;WARNING: Value is 5.000
[1400461928] SERVICE NOTIFICATION: nagiosadmin;mobile.jetstar.com;MW - Bookings per day JP;WARNING;notify-service-by-email;WARNING: Value is 5.000
[1400462477] Auto-save of retention data completed successfully.
[1400462687] SERVICE ALERT: m.easyjet.com;MW - Server 1 - Flight Status - NIGHT;WARNING;SOFT;1;WARNING: Value is 1421.000
[1400462747] SERVICE ALERT: m.easyjet.com;MW - Server 1 - Flight Status;WARNING;SOFT;1;WARNING: Value is 1474.000
[1400462927] SERVICE ALERT: m.easyjet.com;MW - Server 1 - Flight Status - NIGHT;WARNING;SOFT;2;WARNING: Value is 1661.000
[1400462987] SERVICE ALERT: m.easyjet.com;MW - Server 1 - Flight Status;WARNING;SOFT;2;WARNING: Value is 1714.000
[1400463017] SERVICE ALERT: m.jumeirah.com;MW - Standard Booking;WARNING;SOFT;1;WARNING : sum:110957 : 110.957 seconds to complete. (warning 60)
[1400463077] SERVICE ALERT: m.easyjet.com;MW - Server 2 Payment Details;WARNING;SOFT;1;WARNING: Value is 1354.000
[1400463157] SERVICE ALERT: m.jumeirah.com;MW - Standard Booking;OK;SOFT;2;OK : sum:15813 : 15.813 seconds to complete.
[1400463167] SERVICE ALERT: m.easyjet.com;MW - Server 1 - Flight Status - NIGHT;WARNING;SOFT;3;WARNING: Value is 1901.000
[1400463227] SERVICE ALERT: m.easyjet.com;MW - Server 1 - Flight Status;WARNING;SOFT;3;WARNING: Value is 1954.000
[1400463297] SERVICE ALERT: m.easyjet.com;MW - Server 2 - Payment Details - NIGHT;WARNING;SOFT;1;WARNING: Value is 1574.000
[1400463317] SERVICE ALERT: m.easyjet.com;MW - Server 2 Payment Details;WARNING;SOFT;2;WARNING: Value is 1594.000
[1400463407] SERVICE ALERT: m.easyjet.com;MW - Server 1 - Flight Status - NIGHT;WARNING;HARD;4;WARNING: Value is 2141.000
[1400463407] SERVICE FLAPPING ALERT: m.easyjet.com;MW - Server 1 - Flight Status - NIGHT;STARTED; Service appears to have started flapping (23.6% change >= 20.0% threshold)
[1400463467] SERVICE ALERT: m.easyjet.com;MW - Server 1 - Flight Status;WARNING;HARD;4;WARNING: Value is 2194.000
[1400463467] SERVICE FLAPPING ALERT: m.easyjet.com;MW - Server 1 - Flight Status;STARTED; Service appears to have started flapping (23.6% change >= 20.0% threshold)
[1400463537] SERVICE ALERT: m.easyjet.com;MW - Server 2 - Payment Details - NIGHT;WARNING;SOFT;2;WARNING: Value is 1814.000
[1400463557] SERVICE ALERT: m.easyjet.com;MW - Server 2 Payment Details;WARNING;SOFT;3;WARNING: Value is 1834.000
[1400463617] SERVICE ALERT: m.transavia.com;APPS - Payment Details;WARNING;SOFT;1;WARNING: Value is 2868.000
[1400463777] SERVICE ALERT: m.easyjet.com;MW - Server 2 - Payment Details - NIGHT;OK;SOFT;3;OK: Value is 92.000
[1400463797] SERVICE ALERT: m.easyjet.com;MW - Server 2 Payment Details;OK;SOFT;4;OK: Value is 112.000
[1400463857] SERVICE ALERT: m.transavia.com;APPS - Payment Details;WARNING;SOFT;2;WARNING: Value is 3108.000
[1400463867] SERVICE ALERT: m.easyjet.com;MW - Server 1 - Payment Details - NIGHT;WARNING;SOFT;1;WARNING: Value is 1337.000
[1400463887] SERVICE ALERT: m.easyjet.com;MW - Server 1 - Payment Details;WARNING;SOFT;1;WARNING: Value is 1363.000
[1400464007] SERVICE ALERT: m.easyjet.com;MW - Server 1 - Flight Status - NIGHT;CRITICAL;HARD;4;CRITICAL: Value is 2741.000
[1400464067] SERVICE ALERT: m.easyjet.com;MW - Server 1 - Flight Status;CRITICAL;HARD;4;CRITICAL: Value is 2794.000
[1400464097] SERVICE ALERT: m.transavia.com;APPS - Payment Details;WARNING;SOFT;3;WARNING: Value is 3348.000
[1400464107] SERVICE ALERT: m.easyjet.com;MW - Server 1 - Payment Details - NIGHT;WARNING;SOFT;2;WARNING: Value is 1577.000
[1400464127] SERVICE ALERT: m.easyjet.com;MW - Server 1 - Payment Details;WARNING;SOFT;2;WARNING: Value is 1603.000
[1400464337] SERVICE ALERT: m.transavia.com;APPS - Payment Details;WARNING;HARD;4;WARNING: Value is 3588.000
[1400464347] SERVICE ALERT: m.easyjet.com;MW - Server 1 - Payment Details - NIGHT;WARNING;SOFT;3;WARNING: Value is 1817.000
[1400464367] SERVICE ALERT: m.easyjet.com;MW - Server 1 - Payment Details;WARNING;SOFT;3;WARNING: Value is 1843.000
[1400464587] SERVICE ALERT: m.easyjet.com;MW - Server 1 - Payment Details - NIGHT;WARNING;HARD;4;WARNING: Value is 2057.000
[1400464607] SERVICE ALERT: m.easyjet.com;MW - Server 1 - Payment Details;WARNING;HARD;4;WARNING: Value is 2083.000
[1400464607] SERVICE ALERT: m.easyjet.com;MW - Server 1 - Flight Status - NIGHT;OK;HARD;4;OK: Value is 352.000
[1400464667] SERVICE ALERT: m.easyjet.com;MW - Server 1 - Flight Status;OK;HARD;4;OK: Value is 405.000
[1400465187] SERVICE ALERT: m.easyjet.com;MW - Server 1 - Payment Details - NIGHT;CRITICAL;HARD;4;CRITICAL: Value is 2657.000
[1400465207] SERVICE ALERT: m.easyjet.com;MW - Server 1 - Payment Details;CRITICAL;HARD;4;CRITICAL: Value is 2683.000
[1400465527] SERVICE NOTIFICATION: gmcdaid;mobile.jetstar.com;MW - Bookings per day JP;WARNING;notify-service-by-sms;WARNING: Value is 5.000
[1400465527] SERVICE NOTIFICATION: gmcdaid;mobile.jetstar.com;MW - Bookings per day JP;WARNING;notify-service-by-email;WARNING: Value is 5.000
[1400465527] SERVICE NOTIFICATION: abrinyov;mobile.jetstar.com;MW - Bookings per day JP;WARNING;notify-service-by-sms;WARNING: Value is 5.000
[1400465528] SERVICE NOTIFICATION: abrinyov;mobile.jetstar.com;MW - Bookings per day JP;WARNING;notify-service-by-email;WARNING: Value is 5.000
[1400465528] SERVICE NOTIFICATION: mnevzorova;mobile.jetstar.com;MW - Bookings per day JP;WARNING;notify-service-by-sms;WARNING: Value is 5.000
[1400465529] SERVICE NOTIFICATION: mnevzorova;mobile.jetstar.com;MW - Bookings per day JP;WARNING;notify-service-by-email;WARNING: Value is 5.000
[1400465529] SERVICE NOTIFICATION: nagiosadmin;mobile.jetstar.com;MW - Bookings per day JP;WARNING;notify-service-by-email;WARNING: Value is 5.000
[1400465787] SERVICE ALERT: m.easyjet.com;MW - Server 1 - Payment Details - NIGHT;OK;HARD;4;OK: Value is 284.000
[1400465807] SERVICE ALERT: m.easyjet.com;MW - Server 1 - Payment Details;OK;HARD;4;OK: Value is 310.000
[1400466077] Auto-save of retention data completed successfully.
[1400466137] SERVICE ALERT: m.transavia.com;APPS - Payment Details;CRITICAL;HARD;4;CRITICAL: Value is 5388.000
[1400466217] SERVICE ALERT: m.easyjet.com;MW - Server 2 - Flight Status - NIGHT;WARNING;SOFT;1;WARNING: Value is 1650.000
[1400466227] SERVICE ALERT: m.easyjet.com;MW - Server 2 - Flight Status;WARNING;SOFT;1;WARNING: Value is 1657.000
[1400466457] SERVICE ALERT: m.easyjet.com;MW - Server 2 - Flight Status - NIGHT;WARNING;SOFT;2;WARNING: Value is 1890.000
[1400466467] SERVICE ALERT: m.easyjet.com;MW - Server 2 - Flight Status;WARNING;SOFT;2;WARNING: Value is 1897.000
[1400466697] SERVICE ALERT: m.easyjet.com;MW - Server 2 - Flight Status - NIGHT;OK;SOFT;3;OK: Value is 91.000
[1400466707] SERVICE ALERT: m.easyjet.com;MW - Server 2 - Flight Status;OK;SOFT;3;OK: Value is 98.000
[1400466737] SERVICE ALERT: m.transavia.com;APPS - Payment Details;OK;HARD;4;OK: Value is 32.000
[1400466987] SERVICE ALERT: m.easyjet.com;MW - Server 1 - Payment Details - NIGHT;WARNING;SOFT;1;WARNING: Value is 1484.000
[1400467007] SERVICE ALERT: m.flybe.com;MW - Payment Details;WARNING;SOFT;1;WARNING: Value is 2672.000
[1400467007] SERVICE ALERT: m.easyjet.com;MW - Server 1 - Payment Details;WARNING;SOFT;1;WARNING: Value is 1510.000
[1400467007] SERVICE ALERT: m.easyjet.com;MW - Server 1 - Flight Status - NIGHT;WARNING;SOFT;1;WARNING: Value is 1351.000
[1400467067] SERVICE ALERT: m.easyjet.com;MW - Server 1 - Flight Status;WARNING;SOFT;1;WARNING: Value is 1404.000
[1400467227] SERVICE ALERT: m.easyjet.com;MW - Server 1 - Payment Details - NIGHT;WARNING;SOFT;2;WARNING: Value is 1724.000
[1400467247] SERVICE ALERT: m.easyjet.com;MW - Server 1 - Payment Details;WARNING;SOFT;2;WARNING: Value is 1750.000
[1400467247] SERVICE ALERT: m.flybe.com;MW - Payment Details;WARNING;SOFT;2;WARNING: Value is 2912.000
[1400467247] SERVICE ALERT: m.easyjet.com;MW - Server 1 - Flight Status - NIGHT;WARNING;SOFT;2;WARNING: Value is 1591.000
[1400467307] SERVICE ALERT: m.easyjet.com;MW - Server 1 - Flight Status;WARNING;SOFT;2;WARNING: Value is 1644.000
[1400467467] SERVICE ALERT: m.easyjet.com;MW - Server 1 - Payment Details - NIGHT;OK;SOFT;3;OK: Value is 75.000
[1400467487] SERVICE ALERT: m.flybe.com;MW - Payment Details;WARNING;SOFT;3;WARNING: Value is 3152.000
[1400467487] SERVICE ALERT: m.easyjet.com;MW - Server 1 - Payment Details;OK;SOFT;3;OK: Value is 101.000
[1400467487] SERVICE ALERT: m.easyjet.com;MW - Server 1 - Flight Status - NIGHT;WARNING;SOFT;3;WARNING: Value is 1831.000
[1400467547] SERVICE ALERT: m.easyjet.com;MW - Server 1 - Flight Status;WARNING;SOFT;3;WARNING: Value is 1884.000
[1400467727] SERVICE ALERT: m.flybe.com;MW - Payment Details;WARNING;HARD;4;WARNING: Value is 3392.000
[1400467727] SERVICE ALERT: m.easyjet.com;MW - Server 1 - Flight Status - NIGHT;OK;SOFT;4;OK: Value is 100.000
[1400467787] SERVICE ALERT: m.easyjet.com;MW - Server 1 - Flight Status;OK;SOFT;4;OK: Value is 153.000
[1400468577] SERVICE ALERT: m.easyjet.com;MW - Server 2 - Payment Details - NIGHT;WARNING;SOFT;1;WARNING: Value is 1577.000
[1400468597] SERVICE ALERT: m.easyjet.com;MW - Server 2 Payment Details;WARNING;SOFT;1;WARNING: Value is 1597.000
[1400468817] SERVICE ALERT: m.easyjet.com;MW - Server 2 - Payment Details - NIGHT;WARNING;SOFT;2;WARNING: Value is 1817.000
[1400468837] SERVICE ALERT: m.easyjet.com;MW - Server 2 Payment Details;WARNING;SOFT;2;WARNING: Value is 1837.000
[1400469057] SERVICE ALERT: m.easyjet.com;MW - Server 2 - Payment Details - NIGHT;WARNING;SOFT;3;WARNING: Value is 2057.000
[1400469077] SERVICE ALERT: m.easyjet.com;MW - Server 2 Payment Details;WARNING;SOFT;3;WARNING: Value is 2077.000
[1400469127] SERVICE NOTIFICATION: gmcdaid;mobile.jetstar.com;MW - Bookings per day JP;WARNING;notify-service-by-sms;WARNING: Value is 5.000
[1400469127] SERVICE NOTIFICATION: gmcdaid;mobile.jetstar.com;MW - Bookings per day JP;WARNING;notify-service-by-email;WARNING: Value is 5.000
[1400469127] SERVICE NOTIFICATION: abrinyov;mobile.jetstar.com;MW - Bookings per day JP;WARNING;notify-service-by-sms;WARNING: Value is 5.000
[1400469128] SERVICE NOTIFICATION: abrinyov;mobile.jetstar.com;MW - Bookings per day JP;WARNING;notify-service-by-email;WARNING: Value is 5.000
[1400469128] SERVICE NOTIFICATION: mnevzorova;mobile.jetstar.com;MW - Bookings per day JP;WARNING;notify-service-by-sms;WARNING: Value is 5.000
[1400469128] SERVICE NOTIFICATION: mnevzorova;mobile.jetstar.com;MW - Bookings per day JP;WARNING;notify-service-by-email;WARNING: Value is 5.000
[1400469129] SERVICE NOTIFICATION: nagiosadmin;mobile.jetstar.com;MW - Bookings per day JP;WARNING;notify-service-by-email;WARNING: Value is 5.000
[1400469267] SERVICE ALERT: m.easyjet.com;MW - Server 1 - Payment Details - NIGHT;WARNING;SOFT;1;WARNING: Value is 1257.000
[1400469287] SERVICE ALERT: m.easyjet.com;MW - Server 1 - Payment Details;WARNING;SOFT;1;WARNING: Value is 1283.000
[1400469297] SERVICE ALERT: m.easyjet.com;MW - Server 2 - Payment Details - NIGHT;WARNING;HARD;4;WARNING: Value is 2297.000
[1400469317] SERVICE ALERT: m.easyjet.com;MW - Server 2 Payment Details;WARNING;HARD;4;WARNING: Value is 2317.000
[1400469507] SERVICE ALERT: m.easyjet.com;MW - Server 1 - Payment Details - NIGHT;WARNING;SOFT;2;WARNING: Value is 1497.000
[1400469527] SERVICE ALERT: m.flybe.com;MW - Payment Details;OK;HARD;4;OK: Value is 116.000
[1400469527] SERVICE ALERT: m.easyjet.com;MW - Server 1 - Payment Details;WARNING;SOFT;2;WARNING: Value is 1523.000
[1400469527] SERVICE ALERT: m.easyjet.com;MW - Server 1 - Flight Status - NIGHT;WARNING;SOFT;1;WARNING: Value is 1353.000
[1400469587] SERVICE ALERT: m.easyjet.com;MW - Server 1 - Flight Status;WARNING;SOFT;1;WARNING: Value is 1406.000
[1400469677] Auto-save of retention data completed successfully.
[1400469747] SERVICE ALERT: m.easyjet.com;MW - Server 1 - Payment Details - NIGHT;WARNING;SOFT;3;WARNING: Value is 1737.000
[1400469767] SERVICE ALERT: m.easyjet.com;MW - Server 1 - Payment Details;WARNING;SOFT;3;WARNING: Value is 1763.000
[1400469767] SERVICE ALERT: m.easyjet.com;MW - Server 1 - Flight Status - NIGHT;WARNING;SOFT;2;WARNING: Value is 1593.000
[1400469827] SERVICE ALERT: m.easyjet.com;MW - Server 1 - Flight Status;WARNING;SOFT;2;WARNING: Value is 1646.000
[1400469897] SERVICE ALERT: m.easyjet.com;MW - Server 2 - Payment Details - NIGHT;CRITICAL;HARD;4;CRITICAL: Value is 2897.000
[1400469917] SERVICE ALERT: m.easyjet.com;MW - Server 2 Payment Details;CRITICAL;HARD;4;CRITICAL: Value is 2917.000
[1400469987] SERVICE ALERT: m.easyjet.com;MW - Server 1 - Payment Details - NIGHT;WARNING;HARD;4;WARNING: Value is 1977.000
[1400469987] SERVICE FLAPPING ALERT: m.easyjet.com;MW - Server 1 - Payment Details - NIGHT;STARTED; Service appears to have started flapping (22.6% change >= 20.0% threshold)
[1400470007] SERVICE ALERT: m.easyjet.com;MW - Server 1 - Payment Details;WARNING;HARD;4;WARNING: Value is 2003.000
[1400470007] SERVICE FLAPPING ALERT: m.easyjet.com;MW - Server 1 - Payment Details;STARTED; Service appears to have started flapping (22.6% change >= 20.0% threshold)
[1400470007] SERVICE ALERT: m.easyjet.com;MW - Server 1 - Flight Status - NIGHT;WARNING;SOFT;3;WARNING: Value is 1833.000
[1400470067] SERVICE ALERT: m.easyjet.com;MW - Server 1 - Flight Status;WARNING;SOFT;3;WARNING: Value is 1886.000
[1400470247] SERVICE ALERT: m.easyjet.com;MW - Server 1 - Flight Status - NIGHT;WARNING;HARD;4;WARNING: Value is 2073.000
[1400470307] SERVICE ALERT: m.easyjet.com;MW - Server 1 - Flight Status;WARNING;HARD;4;WARNING: Value is 2126.000
[1400470337] SERVICE ALERT: m.transavia.com;APPS - Payment Details;WARNING;SOFT;1;WARNING: Value is 2467.000
[1400470417] SERVICE ALERT: m.jumeirah.com;MW - Standard Booking;WARNING;SOFT;1;WARNING : sum:76331 : 76.331 seconds to complete. (warning 60)
[1400470497] SERVICE ALERT: m.easyjet.com;MW - Server 2 - Payment Details - NIGHT;OK;HARD;4;OK: Value is 245.000
[1400470517] SERVICE ALERT: m.easyjet.com;MW - Server 2 Payment Details;OK;HARD;4;OK: Value is 265.000
[1400470577] SERVICE ALERT: m.transavia.com;APPS - Payment Details;WARNING;SOFT;2;WARNING: Value is 2707.000
[1400470587] SERVICE ALERT: m.easyjet.com;MW - Server 1 - Payment Details - NIGHT;CRITICAL;HARD;4;CRITICAL: Value is 2577.000
[1400470597] SERVICE ALERT: m.jumeirah.com;MW - Standard Booking;OK;SOFT;2;OK : sum:16311 : 16.311 seconds to complete.
[1400470607] SERVICE ALERT: m.easyjet.com;MW - Server 1 - Payment Details;CRITICAL;HARD;4;CRITICAL: Value is 2603.000
[1400470817] SERVICE ALERT: m.transavia.com;APPS - Payment Details;OK;SOFT;3;OK: Value is 109.000
[1400470847] SERVICE ALERT: m.easyjet.com;MW - Server 1 - Flight Status - NIGHT;OK;HARD;4;OK: Value is 169.000
[1400470907] SERVICE ALERT: m.easyjet.com;MW - Server 1 - Flight Status;OK;HARD;4;OK: Value is 24.000
[1400471787] SERVICE ALERT: m.easyjet.com;MW - Server 1 - Payment Details - NIGHT;OK;HARD;4;OK: Value is 93.000
[1400471807] SERVICE ALERT: m.easyjet.com;MW - Server 1 - Payment Details;OK;HARD;4;OK: Value is 119.000
[1400472297] SERVICE ALERT: m.easyjet.com;MW - Server 2 - Payment Details - NIGHT;WARNING;SOFT;1;WARNING: Value is 1604.000
[1400472317] SERVICE ALERT: m.easyjet.com;MW - Server 2 Payment Details;WARNING;SOFT;1;WARNING: Value is 1624.000
[1400472537] SERVICE ALERT: m.easyjet.com;MW - Server 2 - Payment Details - NIGHT;WARNING;SOFT;2;WARNING: Value is 1844.000
[1400472557] SERVICE ALERT: m.easyjet.com;MW - Server 2 Payment Details;WARNING;SOFT;2;WARNING: Value is 1864.000
[1400472727] SERVICE NOTIFICATION: gmcdaid;mobile.jetstar.com;MW - Bookings per day JP;WARNING;notify-service-by-sms;WARNING: Value is 4.000
[1400472727] SERVICE NOTIFICATION: gmcdaid;mobile.jetstar.com;MW - Bookings per day JP;WARNING;notify-service-by-email;WARNING: Value is 4.000
[1400472727] SERVICE NOTIFICATION: abrinyov;mobile.jetstar.com;MW - Bookings per day JP;WARNING;notify-service-by-sms;WARNING: Value is 4.000
[1400472728] SERVICE NOTIFICATION: abrinyov;mobile.jetstar.com;MW - Bookings per day JP;WARNING;notify-service-by-email;WARNING: Value is 4.000
[1400472728] SERVICE NOTIFICATION: mnevzorova;mobile.jetstar.com;MW - Bookings per day JP;WARNING;notify-service-by-sms;WARNING: Value is 4.000
[1400472729] SERVICE NOTIFICATION: mnevzorova;mobile.jetstar.com;MW - Bookings per day JP;WARNING;notify-service-by-email;WARNING: Value is 4.000
[1400472729] SERVICE NOTIFICATION: nagiosadmin;mobile.jetstar.com;MW - Bookings per day JP;WARNING;notify-service-by-email;WARNING: Value is 4.000
[1400472777] SERVICE ALERT: m.easyjet.com;MW - Server 2 - Payment Details - NIGHT;OK;SOFT;3;OK: Value is 126.000
[1400472797] SERVICE ALERT: m.easyjet.com;MW - Server 2 Payment Details;OK;SOFT;3;OK: Value is 146.000
[1400473277] Auto-save of retention data completed successfully.
[1400473587] SERVICE ALERT: m.easyjet.com;MW - Server 1 - Payment Details - NIGHT;WARNING;SOFT;1;WARNING: Value is 1482.000
[1400473607] SERVICE ALERT: m.easyjet.com;MW - Server 1 - Payment Details;WARNING;SOFT;1;WARNING: Value is 1508.000
[1400473827] SERVICE ALERT: m.easyjet.com;MW - Server 1 - Payment Details - NIGHT;WARNING;SOFT;2;WARNING: Value is 1722.000
[1400473847] SERVICE ALERT: m.easyjet.com;MW - Server 1 - Payment Details;WARNING;SOFT;2;WARNING: Value is 1748.000
[1400474067] SERVICE ALERT: m.easyjet.com;MW - Server 1 - Payment Details - NIGHT;WARNING;SOFT;3;WARNING: Value is 1962.000
[1400474087] SERVICE ALERT: m.easyjet.com;MW - Server 1 - Payment Details;WARNING;SOFT;3;WARNING: Value is 1988.000
[1400474307] SERVICE ALERT: m.easyjet.com;MW - Server 1 - Payment Details - NIGHT;WARNING;HARD;4;WARNING: Value is 2202.000
[1400474327] SERVICE ALERT: m.easyjet.com;MW - Server 1 - Payment Details;WARNING;HARD;4;WARNING: Value is 2228.000
[1400474907] SERVICE ALERT: m.easyjet.com;MW - Server 1 - Payment Details - NIGHT;CRITICAL;HARD;4;CRITICAL: Value is 2802.000
[1400474927] SERVICE ALERT: m.flybe.com;MW - Payment Details;WARNING;SOFT;1;WARNING: Value is 2716.000
[1400474927] SERVICE ALERT: m.easyjet.com;MW - Server 1 - Payment Details;CRITICAL;HARD;4;CRITICAL: Value is 2828.000
[1400475167] SERVICE ALERT: m.flybe.com;MW - Payment Details;WARNING;SOFT;2;WARNING: Value is 2956.000
[1400475407] SERVICE ALERT: m.flybe.com;MW - Payment Details;WARNING;SOFT;3;WARNING: Value is 3196.000
[1400475647] SERVICE ALERT: m.flybe.com;MW - Payment Details;WARNING;HARD;4;WARNING: Value is 3436.000
[1400476247] SERVICE ALERT: m.flybe.com;MW - Payment Details;OK;HARD;4;OK: Value is 285.000
[1400476247] SERVICE FLAPPING ALERT: m.flybe.com;MW - Payment Details;STARTED; Service appears to have started flapping (21.8% change >= 20.0% threshold)
[1400476327] SERVICE NOTIFICATION: gmcdaid;mobile.jetstar.com;MW - Bookings per day JP;WARNING;notify-service-by-sms;WARNING: Value is 3.000
[1400476327] SERVICE NOTIFICATION: gmcdaid;mobile.jetstar.com;MW - Bookings per day JP;WARNING;notify-service-by-email;WARNING: Value is 3.000
[1400476327] SERVICE NOTIFICATION: abrinyov;mobile.jetstar.com;MW - Bookings per day JP;WARNING;notify-service-by-sms;WARNING: Value is 3.000
[1400476328] SERVICE NOTIFICATION: abrinyov;mobile.jetstar.com;MW - Bookings per day JP;WARNING;notify-service-by-email;WARNING: Value is 3.000
[1400476328] SERVICE NOTIFICATION: mnevzorova;mobile.jetstar.com;MW - Bookings per day JP;WARNING;notify-service-by-sms;WARNING: Value is 3.000
[1400476329] SERVICE NOTIFICATION: mnevzorova;mobile.jetstar.com;MW - Bookings per day JP;WARNING;notify-service-by-email;WARNING: Value is 3.000
[1400476329] SERVICE NOTIFICATION: nagiosadmin;mobile.jetstar.com;MW - Bookings per day JP;WARNING;notify-service-by-email;WARNING: Value is 3.000
[1400476877] Auto-save of retention data completed successfully.
[1400476977] SERVICE ALERT: m.easyjet.com;MW - Server 2 - Payment Details - NIGHT;WARNING;SOFT;1;WARNING: Value is 1548.000
[1400476997] SERVICE ALERT: m.easyjet.com;MW - Server 2 Payment Details;WARNING;SOFT;1;WARNING: Value is 1568.000
[1400477217] SERVICE ALERT: m.easyjet.com;MW - Server 2 - Payment Details - NIGHT;WARNING;SOFT;2;WARNING: Value is 1788.000
[1400477237] SERVICE ALERT: m.easyjet.com;MW - Server 2 Payment Details;WARNING;SOFT;2;WARNING: Value is 1808.000
[1400477457] SERVICE ALERT: m.easyjet.com;MW - Server 2 - Payment Details - NIGHT;WARNING;SOFT;3;WARNING: Value is 2028.000
[1400477477] SERVICE ALERT: m.easyjet.com;MW - Server 2 Payment Details;WARNING;SOFT;3;WARNING: Value is 2048.000
[1400477697] SERVICE ALERT: m.easyjet.com;MW - Server 2 - Payment Details - NIGHT;OK;SOFT;4;OK: Value is 156.000
[1400477717] SERVICE ALERT: m.easyjet.com;MW - Server 2 Payment Details;OK;SOFT;4;OK: Value is 1.000
[1400477907] SERVICE ALERT: m.easyjet.com;MW - Server 1 - Payment Details - NIGHT;OK;HARD;4;OK: Value is 105.000
[1400477927] SERVICE ALERT: m.easyjet.com;MW - Server 1 - Payment Details;OK;HARD;4;OK: Value is 0.000
[1400478017] SERVICE ALERT: m.transavia.com;APPS - Payment Details;WARNING;SOFT;1;WARNING: Value is 2522.000
[1400478257] SERVICE ALERT: m.transavia.com;APPS - Payment Details;WARNING;SOFT;2;WARNING: Value is 2762.000
[1400478497] SERVICE ALERT: m.transavia.com;APPS - Payment Details;WARNING;SOFT;3;WARNING: Value is 3002.000
[1400478737] SERVICE ALERT: m.transavia.com;APPS - Payment Details;WARNING;HARD;4;WARNING: Value is 3242.000
[1400479267] SERVICE ALERT: m.transavia.com;APPS - Bookings per hour;WARNING;SOFT;1;WARNING: Value is 2.000
[1400479337] SERVICE NOTIFICATION: gmcdaid;m.transavia.com;APPS - Payment Details;WARNING;notify-service-by-sms;WARNING: Value is 3842.000
[1400479337] SERVICE NOTIFICATION: gmcdaid;m.transavia.com;APPS - Payment Details;WARNING;notify-service-by-email;WARNING: Value is 3842.000
[1400479337] SERVICE NOTIFICATION: abrinyov;m.transavia.com;APPS - Payment Details;WARNING;notify-service-by-sms;WARNING: Value is 3842.000
[1400479338] SERVICE NOTIFICATION: abrinyov;m.transavia.com;APPS - Payment Details;WARNING;notify-service-by-email;WARNING: Value is 3842.000
[1400479338] SERVICE NOTIFICATION: mnevzorova;m.transavia.com;APPS - Payment Details;WARNING;notify-service-by-sms;WARNING: Value is 3842.000
[1400479339] SERVICE NOTIFICATION: mnevzorova;m.transavia.com;APPS - Payment Details;WARNING;notify-service-by-email;WARNING: Value is 3842.000
[1400479339] SERVICE NOTIFICATION: nagiosadmin;m.transavia.com;APPS - Payment Details;WARNING;notify-service-by-email;WARNING: Value is 3842.000
[1400479339] SERVICE NOTIFICATION: ctwomey;m.transavia.com;APPS - Payment Details;WARNING;notify-service-by-email;WARNING: Value is 3842.000
[1400479507] SERVICE ALERT: m.transavia.com;APPS - Bookings per hour;WARNING;SOFT;2;WARNING: Value is 2.000
[1400479747] SERVICE ALERT: m.transavia.com;APPS - Bookings per hour;WARNING;SOFT;3;WARNING: Value is 2.000
[1400479927] SERVICE NOTIFICATION: gmcdaid;mobile.jetstar.com;MW - Bookings per day JP;WARNING;notify-service-by-sms;WARNING: Value is 2.000
[1400479927] SERVICE NOTIFICATION: gmcdaid;mobile.jetstar.com;MW - Bookings per day JP;WARNING;notify-service-by-email;WARNING: Value is 2.000
[1400479927] SERVICE NOTIFICATION: abrinyov;mobile.jetstar.com;MW - Bookings per day JP;WARNING;notify-service-by-sms;WARNING: Value is 2.000
[1400479928] SERVICE NOTIFICATION: abrinyov;mobile.jetstar.com;MW - Bookings per day JP;WARNING;notify-service-by-email;WARNING: Value is 2.000
[1400479928] SERVICE NOTIFICATION: mnevzorova;mobile.jetstar.com;MW - Bookings per day JP;WARNING;notify-service-by-sms;WARNING: Value is 2.000
[1400479929] SERVICE NOTIFICATION: mnevzorova;mobile.jetstar.com;MW - Bookings per day JP;WARNING;notify-service-by-email;WARNING: Value is 2.000
[1400479929] SERVICE NOTIFICATION: nagiosadmin;mobile.jetstar.com;MW - Bookings per day JP;WARNING;notify-service-by-email;WARNING: Value is 2.000
[1400479987] SERVICE ALERT: m.transavia.com;APPS - Bookings per hour;WARNING;HARD;4;WARNING: Value is 2.000
[1400479987] SERVICE NOTIFICATION: gmcdaid;m.transavia.com;APPS - Bookings per hour;WARNING;notify-service-by-sms;WARNING: Value is 2.000
[1400479987] SERVICE NOTIFICATION: gmcdaid;m.transavia.com;APPS - Bookings per hour;WARNING;notify-service-by-email;WARNING: Value is 2.000
[1400479987] SERVICE NOTIFICATION: abrinyov;m.transavia.com;APPS - Bookings per hour;WARNING;notify-service-by-sms;WARNING: Value is 2.000
[1400479988] SERVICE NOTIFICATION: abrinyov;m.transavia.com;APPS - Bookings per hour;WARNING;notify-service-by-email;WARNING: Value is 2.000
[1400479988] SERVICE NOTIFICATION: mnevzorova;m.transavia.com;APPS - Bookings per hour;WARNING;notify-service-by-sms;WARNING: Value is 2.000
[1400479989] SERVICE NOTIFICATION: mnevzorova;m.transavia.com;APPS - Bookings per hour;WARNING;notify-service-by-email;WARNING: Value is 2.000
[1400479989] SERVICE NOTIFICATION: nagiosadmin;m.transavia.com;APPS - Bookings per hour;WARNING;notify-service-by-email;WARNING: Value is 2.000
[1400479989] SERVICE NOTIFICATION: ctwomey;m.transavia.com;APPS - Bookings per hour;WARNING;notify-service-by-email;WARNING: Value is 2.000
[1400480477] Auto-save of retention data completed successfully.
[1400480537] SERVICE ALERT: m.transavia.com;APPS - Payment Details;OK;HARD;4;OK: Value is 3.000
[1400480537] SERVICE NOTIFICATION: gmcdaid;m.transavia.com;APPS - Payment Details;OK;notify-service-by-sms;OK: Value is 3.000
[1400480537] SERVICE NOTIFICATION: gmcdaid;m.transavia.com;APPS - Payment Details;OK;notify-service-by-email;OK: Value is 3.000
[1400480537] SERVICE NOTIFICATION: abrinyov;m.transavia.com;APPS - Payment Details;OK;notify-service-by-sms;OK: Value is 3.000
[1400480538] SERVICE NOTIFICATION: abrinyov;m.transavia.com;APPS - Payment Details;OK;notify-service-by-email;OK: Value is 3.000
[1400480538] SERVICE NOTIFICATION: mnevzorova;m.transavia.com;APPS - Payment Details;OK;notify-service-by-sms;OK: Value is 3.000
[1400480539] SERVICE NOTIFICATION: mnevzorova;m.transavia.com;APPS - Payment Details;OK;notify-service-by-email;OK: Value is 3.000
[1400480539] SERVICE NOTIFICATION: nagiosadmin;m.transavia.com;APPS - Payment Details;OK;notify-service-by-email;OK: Value is 3.000
[1400480539] SERVICE NOTIFICATION: ctwomey;m.transavia.com;APPS - Payment Details;OK;notify-service-by-email;OK: Value is 3.000
[1400481787] SERVICE ALERT: m.transavia.com;APPS - Bookings per hour;CRITICAL;HARD;4;CRITICAL: Value is 1.000
[1400481787] SERVICE NOTIFICATION: gmcdaid;m.transavia.com;APPS - Bookings per hour;CRITICAL;notify-service-by-sms;CRITICAL: Value is 1.000
[1400481787] SERVICE NOTIFICATION: gmcdaid;m.transavia.com;APPS - Bookings per hour;CRITICAL;notify-service-by-email;CRITICAL: Value is 1.000
[1400481787] SERVICE NOTIFICATION: abrinyov;m.transavia.com;APPS - Bookings per hour;CRITICAL;notify-service-by-sms;CRITICAL: Value is 1.000
[1400481788] SERVICE NOTIFICATION: abrinyov;m.transavia.com;APPS - Bookings per hour;CRITICAL;notify-service-by-email;CRITICAL: Value is 1.000
[1400481788] SERVICE NOTIFICATION: mnevzorova;m.transavia.com;APPS - Bookings per hour;CRITICAL;notify-service-by-sms;CRITICAL: Value is 1.000
[1400481789] SERVICE NOTIFICATION: mnevzorova;m.transavia.com;APPS - Bookings per hour;CRITICAL;notify-service-by-email;CRITICAL: Value is 1.000
[1400481789] SERVICE NOTIFICATION: nagiosadmin;m.transavia.com;APPS - Bookings per hour;CRITICAL;notify-service-by-email;CRITICAL: Value is 1.000
[1400481789] SERVICE NOTIFICATION: ctwomey;m.transavia.com;APPS - Bookings per hour;CRITICAL;notify-service-by-email;CRITICAL: Value is 1.000
[1400482247] SERVICE FLAPPING ALERT: m.easyjet.com;MW - Server 1 - Flight Status - NIGHT;STOPPED; Service appears to have stopped flapping (3.8% change < 5.0% threshold)
[1400482307] SERVICE FLAPPING ALERT: m.easyjet.com;MW - Server 1 - Flight Status;STOPPED; Service appears to have stopped flapping (3.8% change < 5.0% threshold)
[1400482387] SERVICE ALERT: m.transavia.com;APPS - Bookings per hour;WARNING;HARD;4;WARNING: Value is 2.000
[1400482387] SERVICE NOTIFICATION: gmcdaid;m.transavia.com;APPS - Bookings per hour;WARNING;notify-service-by-sms;WARNING: Value is 2.000
[1400482387] SERVICE NOTIFICATION: gmcdaid;m.transavia.com;APPS - Bookings per hour;WARNING;notify-service-by-email;WARNING: Value is 2.000
[1400482387] SERVICE NOTIFICATION: abrinyov;m.transavia.com;APPS - Bookings per hour;WARNING;notify-service-by-sms;WARNING: Value is 2.000
[1400482388] SERVICE NOTIFICATION: abrinyov;m.transavia.com;APPS - Bookings per hour;WARNING;notify-service-by-email;WARNING: Value is 2.000
[1400482388] SERVICE NOTIFICATION: mnevzorova;m.transavia.com;APPS - Bookings per hour;WARNING;notify-service-by-sms;WARNING: Value is 2.000
[1400482389] SERVICE NOTIFICATION: mnevzorova;m.transavia.com;APPS - Bookings per hour;WARNING;notify-service-by-email;WARNING: Value is 2.000
[1400482389] SERVICE NOTIFICATION: nagiosadmin;m.transavia.com;APPS - Bookings per hour;WARNING;notify-service-by-email;WARNING: Value is 2.000
[1400482389] SERVICE NOTIFICATION: ctwomey;m.transavia.com;APPS - Bookings per hour;WARNING;notify-service-by-email;WARNING: Value is 2.000
[1400483527] SERVICE NOTIFICATION: gmcdaid;mobile.jetstar.com;MW - Bookings per day JP;WARNING;notify-service-by-sms;WARNING: Value is 3.000
[1400483527] SERVICE NOTIFICATION: gmcdaid;mobile.jetstar.com;MW - Bookings per day JP;WARNING;notify-service-by-email;WARNING: Value is 3.000
[1400483527] SERVICE NOTIFICATION: abrinyov;mobile.jetstar.com;MW - Bookings per day JP;WARNING;notify-service-by-sms;WARNING: Value is 3.000
[1400483528] SERVICE NOTIFICATION: abrinyov;mobile.jetstar.com;MW - Bookings per day JP;WARNING;notify-service-by-email;WARNING: Value is 3.000
[1400483528] SERVICE NOTIFICATION: mnevzorova;mobile.jetstar.com;MW - Bookings per day JP;WARNING;notify-service-by-sms;WARNING: Value is 3.000
[1400483529] SERVICE NOTIFICATION: mnevzorova;mobile.jetstar.com;MW - Bookings per day JP;WARNING;notify-service-by-email;WARNING: Value is 3.000
[1400483529] SERVICE NOTIFICATION: nagiosadmin;mobile.jetstar.com;MW - Bookings per day JP;WARNING;notify-service-by-email;WARNING: Value is 3.000
[1400484077] Auto-save of retention data completed successfully.
[1400485387] SERVICE ALERT: m.transavia.com;APPS - Bookings per hour;OK;HARD;4;OK: Value is 5.000
[1400485387] SERVICE FLAPPING ALERT: m.transavia.com;APPS - Bookings per hour;STARTED; Service appears to have started flapping (22.4% change >= 20.0% threshold)
[1400486347] SERVICE ALERT: asterisk.int.mttnow.com;Asterisk Trunk Reg Failure;WARNING;SOFT;1;TCP WARNING - Unexpected response from host/socket on port 7080
[1400486407] SERVICE ALERT: asterisk.int.mttnow.com;Asterisk Trunk Reg Failure;OK;SOFT;2;TCP OK - 0.791 second response time on port 7080
[1400486907] SERVICE FLAPPING ALERT: m.easyjet.com;MW - Server 1 - Payment Details - NIGHT;STOPPED; Service appears to have stopped flapping (4.3% change < 5.0% threshold)
[1400486927] SERVICE FLAPPING ALERT: m.easyjet.com;MW - Server 1 - Payment Details;STOPPED; Service appears to have stopped flapping (4.3% change < 5.0% threshold)
[1400487127] SERVICE NOTIFICATION: gmcdaid;mobile.jetstar.com;MW - Bookings per day JP;WARNING;notify-service-by-sms;WARNING: Value is 3.000
[1400487127] SERVICE NOTIFICATION: gmcdaid;mobile.jetstar.com;MW - Bookings per day JP;WARNING;notify-service-by-email;WARNING: Value is 3.000
[1400487127] SERVICE NOTIFICATION: abrinyov;mobile.jetstar.com;MW - Bookings per day JP;WARNING;notify-service-by-sms;WARNING: Value is 3.000
[1400487128] SERVICE NOTIFICATION: abrinyov;mobile.jetstar.com;MW - Bookings per day JP;WARNING;notify-service-by-email;WARNING: Value is 3.000
[1400487128] SERVICE NOTIFICATION: mnevzorova;mobile.jetstar.com;MW - Bookings per day JP;WARNING;notify-service-by-sms;WARNING: Value is 3.000
[1400487128] SERVICE NOTIFICATION: mnevzorova;mobile.jetstar.com;MW - Bookings per day JP;WARNING;notify-service-by-email;WARNING: Value is 3.000
[1400487128] SERVICE NOTIFICATION: nagiosadmin;mobile.jetstar.com;MW - Bookings per day JP;WARNING;notify-service-by-email;WARNING: Value is 3.000
[1400487647] SERVICE FLAPPING ALERT: m.flybe.com;MW - Payment Details;STOPPED; Service appears to have stopped flapping (3.8% change < 5.0% threshold)
[1400487677] Auto-save of retention data completed successfully.
[1400488917] SERVICE ALERT: m.jumeirah.com;MW - Table Reservation;WARNING;SOFT;1;WARNING : sum:68342 : 68.342 seconds to complete. (warning 60)
[1400489097] SERVICE ALERT: m.jumeirah.com;MW - Table Reservation;OK;SOFT;2;OK : sum:4133 : 4.133 seconds to complete.
[1400490727] SERVICE NOTIFICATION: gmcdaid;mobile.jetstar.com;MW - Bookings per day JP;WARNING;notify-service-by-sms;WARNING: Value is 4.000
[1400490727] SERVICE NOTIFICATION: gmcdaid;mobile.jetstar.com;MW - Bookings per day JP;WARNING;notify-service-by-email;WARNING: Value is 4.000
[1400490727] SERVICE NOTIFICATION: abrinyov;mobile.jetstar.com;MW - Bookings per day JP;WARNING;notify-service-by-sms;WARNING: Value is 4.000
[1400490728] SERVICE NOTIFICATION: abrinyov;mobile.jetstar.com;MW - Bookings per day JP;WARNING;notify-service-by-email;WARNING: Value is 4.000
[1400490728] SERVICE NOTIFICATION: mnevzorova;mobile.jetstar.com;MW - Bookings per day JP;WARNING;notify-service-by-sms;WARNING: Value is 4.000
[1400490729] SERVICE NOTIFICATION: mnevzorova;mobile.jetstar.com;MW - Bookings per day JP;WARNING;notify-service-by-email;WARNING: Value is 4.000
[1400490729] SERVICE NOTIFICATION: nagiosadmin;mobile.jetstar.com;MW - Bookings per day JP;WARNING;notify-service-by-email;WARNING: Value is 4.000
[1400491277] Auto-save of retention data completed successfully.
[1400494327] SERVICE NOTIFICATION: gmcdaid;mobile.jetstar.com;MW - Bookings per day JP;WARNING;notify-service-by-sms;WARNING: Value is 5.000
[1400494327] SERVICE NOTIFICATION: gmcdaid;mobile.jetstar.com;MW - Bookings per day JP;WARNING;notify-service-by-email;WARNING: Value is 5.000
[1400494328] SERVICE NOTIFICATION: abrinyov;mobile.jetstar.com;MW - Bookings per day JP;WARNING;notify-service-by-sms;WARNING: Value is 5.000
[1400494328] SERVICE NOTIFICATION: abrinyov;mobile.jetstar.com;MW - Bookings per day JP;WARNING;notify-service-by-email;WARNING: Value is 5.000
[1400494328] SERVICE NOTIFICATION: mnevzorova;mobile.jetstar.com;MW - Bookings per day JP;WARNING;notify-service-by-sms;WARNING: Value is 5.000
[1400494329] SERVICE NOTIFICATION: mnevzorova;mobile.jetstar.com;MW - Bookings per day JP;WARNING;notify-service-by-email;WARNING: Value is 5.000
[1400494329] SERVICE NOTIFICATION: nagiosadmin;mobile.jetstar.com;MW - Bookings per day JP;WARNING;notify-service-by-email;WARNING: Value is 5.000
[1400494387] SERVICE FLAPPING ALERT: m.transavia.com;APPS - Bookings per hour;STOPPED; Service appears to have stopped flapping (4.3% change < 5.0% threshold)
[1400494877] Auto-save of retention data completed successfully.
[1400495527] SERVICE ALERT: mobile.jetstar.com;MW - Checkins per hour;WARNING;SOFT;1;WARNING: Value is 5.000
[1400495767] SERVICE ALERT: mobile.jetstar.com;MW - Checkins per hour;WARNING;SOFT;2;WARNING: Value is 5.000
[1400496007] SERVICE ALERT: mobile.jetstar.com;MW - Checkins per hour;WARNING;SOFT;3;WARNING: Value is 4.000
[1400496247] SERVICE ALERT: mobile.jetstar.com;MW - Checkins per hour;WARNING;HARD;4;WARNING: Value is 2.000
[1400496247] SERVICE NOTIFICATION: gmcdaid;mobile.jetstar.com;MW - Checkins per hour;WARNING;notify-service-by-sms;WARNING: Value is 2.000
[1400496247] SERVICE NOTIFICATION: gmcdaid;mobile.jetstar.com;MW - Checkins per hour;WARNING;notify-service-by-email;WARNING: Value is 2.000
[1400496247] SERVICE NOTIFICATION: abrinyov;mobile.jetstar.com;MW - Checkins per hour;WARNING;notify-service-by-sms;WARNING: Value is 2.000
[1400496248] SERVICE NOTIFICATION: abrinyov;mobile.jetstar.com;MW - Checkins per hour;WARNING;notify-service-by-email;WARNING: Value is 2.000
[1400496248] SERVICE NOTIFICATION: mnevzorova;mobile.jetstar.com;MW - Checkins per hour;WARNING;notify-service-by-sms;WARNING: Value is 2.000
[1400496249] SERVICE NOTIFICATION: mnevzorova;mobile.jetstar.com;MW - Checkins per hour;WARNING;notify-service-by-email;WARNING: Value is 2.000
[1400496249] SERVICE NOTIFICATION: nagiosadmin;mobile.jetstar.com;MW - Checkins per hour;WARNING;notify-service-by-email;WARNING: Value is 2.000
[1400497827] SERVICE ALERT: m.atlantisthepalm.com;MW - Dolphin Bay;CRITICAL;SOFT;1;WebInject CRITICAL - Couldn't display Time Slots
[1400497927] SERVICE NOTIFICATION: gmcdaid;mobile.jetstar.com;MW - Bookings per day JP;WARNING;notify-service-by-sms;WARNING: Value is 5.000
[1400497927] SERVICE NOTIFICATION: gmcdaid;mobile.jetstar.com;MW - Bookings per day JP;WARNING;notify-service-by-email;WARNING: Value is 5.000
[1400497928] SERVICE NOTIFICATION: abrinyov;mobile.jetstar.com;MW - Bookings per day JP;WARNING;notify-service-by-sms;WARNING: Value is 5.000
[1400497929] SERVICE NOTIFICATION: abrinyov;mobile.jetstar.com;MW - Bookings per day JP;WARNING;notify-service-by-email;WARNING: Value is 5.000
[1400497929] SERVICE NOTIFICATION: mnevzorova;mobile.jetstar.com;MW - Bookings per day JP;WARNING;notify-service-by-sms;WARNING: Value is 5.000
[1400497930] SERVICE NOTIFICATION: mnevzorova;mobile.jetstar.com;MW - Bookings per day JP;WARNING;notify-service-by-email;WARNING: Value is 5.000
[1400497930] SERVICE NOTIFICATION: nagiosadmin;mobile.jetstar.com;MW - Bookings per day JP;WARNING;notify-service-by-email;WARNING: Value is 5.000
[1400498057] SERVICE ALERT: m.atlantisthepalm.com;MW - Dolphin Bay;OK;SOFT;2;WebInject OK - All tests passed successfully in 12.973 seconds
[1400498477] Auto-save of retention data completed successfully.
[1400499847] SERVICE NOTIFICATION: gmcdaid;mobile.jetstar.com;MW - Checkins per hour;WARNING;notify-service-by-sms;WARNING: Value is 6.000
[1400499848] SERVICE NOTIFICATION: gmcdaid;mobile.jetstar.com;MW - Checkins per hour;WARNING;notify-service-by-email;WARNING: Value is 6.000
[1400499848] SERVICE NOTIFICATION: abrinyov;mobile.jetstar.com;MW - Checkins per hour;WARNING;notify-service-by-sms;WARNING: Value is 6.000
[1400499848] SERVICE NOTIFICATION: abrinyov;mobile.jetstar.com;MW - Checkins per hour;WARNING;notify-service-by-email;WARNING: Value is 6.000
[1400499848] SERVICE NOTIFICATION: mnevzorova;mobile.jetstar.com;MW - Checkins per hour;WARNING;notify-service-by-sms;WARNING: Value is 6.000
[1400499849] SERVICE NOTIFICATION: mnevzorova;mobile.jetstar.com;MW - Checkins per hour;WARNING;notify-service-by-email;WARNING: Value is 6.000
[1400499849] SERVICE NOTIFICATION: nagiosadmin;mobile.jetstar.com;MW - Checkins per hour;WARNING;notify-service-by-email;WARNING: Value is 6.000
[1400501527] SERVICE NOTIFICATION: gmcdaid;mobile.jetstar.com;MW - Bookings per day JP;WARNING;notify-service-by-sms;WARNING: Value is 5.000
[1400501527] SERVICE NOTIFICATION: gmcdaid;mobile.jetstar.com;MW - Bookings per day JP;WARNING;notify-service-by-email;WARNING: Value is 5.000
[1400501527] SERVICE NOTIFICATION: abrinyov;mobile.jetstar.com;MW - Bookings per day JP;WARNING;notify-service-by-sms;WARNING: Value is 5.000
[1400501528] SERVICE NOTIFICATION: abrinyov;mobile.jetstar.com;MW - Bookings per day JP;WARNING;notify-service-by-email;WARNING: Value is 5.000
[1400501528] SERVICE NOTIFICATION: mnevzorova;mobile.jetstar.com;MW - Bookings per day JP;WARNING;notify-service-by-sms;WARNING: Value is 5.000
[1400501529] SERVICE NOTIFICATION: mnevzorova;mobile.jetstar.com;MW - Bookings per day JP;WARNING;notify-service-by-email;WARNING: Value is 5.000
[1400501529] SERVICE NOTIFICATION: nagiosadmin;mobile.jetstar.com;MW - Bookings per day JP;WARNING;notify-service-by-email;WARNING: Value is 5.000
[1400502077] Auto-save of retention data completed successfully.
[1400505127] SERVICE NOTIFICATION: gmcdaid;mobile.jetstar.com;MW - Bookings per day JP;WARNING;notify-service-by-sms;WARNING: Value is 5.000
[1400505127] SERVICE NOTIFICATION: gmcdaid;mobile.jetstar.com;MW - Bookings per day JP;WARNING;notify-service-by-email;WARNING: Value is 5.000
[1400505127] SERVICE NOTIFICATION: abrinyov;mobile.jetstar.com;MW - Bookings per day JP;WARNING;notify-service-by-sms;WARNING: Value is 5.000
[1400505128] SERVICE NOTIFICATION: abrinyov;mobile.jetstar.com;MW - Bookings per day JP;WARNING;notify-service-by-email;WARNING: Value is 5.000
[1400505128] SERVICE NOTIFICATION: mnevzorova;mobile.jetstar.com;MW - Bookings per day JP;WARNING;notify-service-by-sms;WARNING: Value is 5.000
[1400505129] SERVICE NOTIFICATION: mnevzorova;mobile.jetstar.com;MW - Bookings per day JP;WARNING;notify-service-by-email;WARNING: Value is 5.000
[1400505129] SERVICE NOTIFICATION: nagiosadmin;mobile.jetstar.com;MW - Bookings per day JP;WARNING;notify-service-by-email;WARNING: Value is 5.000
[1400505677] Auto-save of retention data completed successfully.
[1400506327] SERVICE ALERT: mobile.jetstar.com;MW - Bookings per day JP;OK;HARD;4;OK: Value is 6.000
[1400506327] SERVICE NOTIFICATION: gmcdaid;mobile.jetstar.com;MW - Bookings per day JP;OK;notify-service-by-sms;OK: Value is 6.000
[1400506327] SERVICE NOTIFICATION: gmcdaid;mobile.jetstar.com;MW - Bookings per day JP;OK;notify-service-by-email;OK: Value is 6.000
[1400506327] SERVICE NOTIFICATION: abrinyov;mobile.jetstar.com;MW - Bookings per day JP;OK;notify-service-by-sms;OK: Value is 6.000
[1400506328] SERVICE NOTIFICATION: abrinyov;mobile.jetstar.com;MW - Bookings per day JP;OK;notify-service-by-email;OK: Value is 6.000
[1400506328] SERVICE NOTIFICATION: mnevzorova;mobile.jetstar.com;MW - Bookings per day JP;OK;notify-service-by-sms;OK: Value is 6.000
[1400506329] SERVICE NOTIFICATION: mnevzorova;mobile.jetstar.com;MW - Bookings per day JP;OK;notify-service-by-email;OK: Value is 6.000
[1400506329] SERVICE NOTIFICATION: nagiosadmin;mobile.jetstar.com;MW - Bookings per day JP;OK;notify-service-by-email;OK: Value is 6.000
[1400509277] Auto-save of retention data completed successfully.
[1400512877] Auto-save of retention data completed successfully.
[1400515457] SERVICE ALERT: m.atlantisthepalm.com;MW - Dolphin Bay;CRITICAL;SOFT;1;WebInject CRITICAL - Couldn't display Time Slots
[1400515697] SERVICE ALERT: m.atlantisthepalm.com;MW - Dolphin Bay;OK;SOFT;2;WebInject OK - All tests passed successfully in 12.117 seconds
[1400516477] Auto-save of retention data completed successfully.
[1400518807] SERVICE ALERT: mobile.jetstar.com;MW - Checkins per hour;OK;HARD;4;OK: Value is 13.000
[1400518807] SERVICE NOTIFICATION: gmcdaid;mobile.jetstar.com;MW - Checkins per hour;OK;notify-service-by-sms;OK: Value is 13.000
[1400518807] SERVICE NOTIFICATION: gmcdaid;mobile.jetstar.com;MW - Checkins per hour;OK;notify-service-by-email;OK: Value is 13.000
[1400518807] SERVICE NOTIFICATION: abrinyov;mobile.jetstar.com;MW - Checkins per hour;OK;notify-service-by-sms;OK: Value is 13.000
[1400518808] SERVICE NOTIFICATION: abrinyov;mobile.jetstar.com;MW - Checkins per hour;OK;notify-service-by-email;OK: Value is 13.000
[1400518808] SERVICE NOTIFICATION: mnevzorova;mobile.jetstar.com;MW - Checkins per hour;OK;notify-service-by-sms;OK: Value is 13.000
[1400518809] SERVICE NOTIFICATION: mnevzorova;mobile.jetstar.com;MW - Checkins per hour;OK;notify-service-by-email;OK: Value is 13.000
[1400518809] SERVICE NOTIFICATION: nagiosadmin;mobile.jetstar.com;MW - Checkins per hour;OK;notify-service-by-email;OK: Value is 13.000
[1400520077] Auto-save of retention data completed successfully.
[1400520607] SERVICE ALERT: mobile.jetstar.com;MW - Checkins per hour;WARNING;SOFT;1;WARNING: Value is 9.000
[1400520847] SERVICE ALERT: mobile.jetstar.com;MW - Checkins per hour;OK;SOFT;2;OK: Value is 11.000
[1400522247] SERVICE ALERT: m.jumeirah.com;MW - Standard Booking;WARNING;SOFT;1;WARNING : sum:68407 : 68.407 seconds to complete. (warning 60)
[1400522437] SERVICE ALERT: m.jumeirah.com;MW - Standard Booking;OK;SOFT;2;OK : sum:16290 : 16.29 seconds to complete.
[1400522647] SERVICE ALERT: mobile.jetstar.com;MW - Checkins per hour;WARNING;SOFT;1;WARNING: Value is 8.000
[1400522887] SERVICE ALERT: mobile.jetstar.com;MW - Checkins per hour;OK;SOFT;2;OK: Value is 10.000
[1400523677] Auto-save of retention data completed successfully.
[1400523687] SERVICE ALERT: m.easyjet.com;HTTPS;CRITICAL;SOFT;1;CRITICAL - Socket timeout after 10 seconds
[1400523737] SERVICE ALERT: m.easyjet.com;HTTPS;OK;SOFT;2;HTTP OK - HTTP/1.1 302 Found - 0.572 second response time
[1400527277] Auto-save of retention data completed successfully.
[1400529317] SERVICE ALERT: m.jumeirah.com;MW - Table Reservation;CRITICAL;SOFT;1;CRITICAL:STEP:/s/restaurantBooking,Internal Server Error,Test failed: text expected to contain /Enter your details/
[1400529537] SERVICE ALERT: m.jumeirah.com;MW - Table Reservation;OK;SOFT;2;OK : sum:3770 : 3.77 seconds to complete.
[1400529997] SERVICE ALERT: latam.mttnow.com;NTP Offset - s1-sc1-b-usw;WARNING;SOFT;1;NTP WARNING: Offset 0.05450499058 secs
[1400530117] SERVICE ALERT: latam.mttnow.com;NTP Offset - s1-sc1-b-usw;WARNING;SOFT;2;NTP WARNING: Offset 0.05315506458 secs
[1400530237] SERVICE ALERT: latam.mttnow.com;NTP Offset - s1-sc1-b-usw;OK;SOFT;3;NTP OK: Offset 0.0005223751068 secs
[1400530877] Auto-save of retention data completed successfully.
[1400531257] SERVICE ALERT: mobile.jetstar.com;MW - Bookings per hour;WARNING;SOFT;1;WARNING: Value is 8.000
[1400531497] SERVICE ALERT: mobile.jetstar.com;MW - Bookings per hour;WARNING;SOFT;2;WARNING: Value is 7.000
[1400531737] SERVICE ALERT: mobile.jetstar.com;MW - Bookings per hour;WARNING;SOFT;3;WARNING: Value is 8.000
[1400531977] SERVICE ALERT: mobile.jetstar.com;MW - Bookings per hour;WARNING;HARD;4;WARNING: Value is 8.000
[1400531977] SERVICE NOTIFICATION: gmcdaid;mobile.jetstar.com;MW - Bookings per hour;WARNING;notify-service-by-sms;WARNING: Value is 8.000
[1400531977] SERVICE NOTIFICATION: gmcdaid;mobile.jetstar.com;MW - Bookings per hour;WARNING;notify-service-by-email;WARNING: Value is 8.000
[1400531977] SERVICE NOTIFICATION: abrinyov;mobile.jetstar.com;MW - Bookings per hour;WARNING;notify-service-by-sms;WARNING: Value is 8.000
[1400531978] SERVICE NOTIFICATION: abrinyov;mobile.jetstar.com;MW - Bookings per hour;WARNING;notify-service-by-email;WARNING: Value is 8.000
[1400531978] SERVICE NOTIFICATION: mnevzorova;mobile.jetstar.com;MW - Bookings per hour;WARNING;notify-service-by-sms;WARNING: Value is 8.000
[1400531978] SERVICE NOTIFICATION: mnevzorova;mobile.jetstar.com;MW - Bookings per hour;WARNING;notify-service-by-email;WARNING: Value is 8.000
[1400531978] SERVICE NOTIFICATION: nagiosadmin;mobile.jetstar.com;MW - Bookings per hour;WARNING;notify-service-by-email;WARNING: Value is 8.000
[1400532577] SERVICE ALERT: mobile.jetstar.com;MW - Bookings per hour;OK;HARD;4;OK: Value is 18.000
[1400532577] SERVICE NOTIFICATION: gmcdaid;mobile.jetstar.com;MW - Bookings per hour;OK;notify-service-by-sms;OK: Value is 18.000
[1400532577] SERVICE NOTIFICATION: gmcdaid;mobile.jetstar.com;MW - Bookings per hour;OK;notify-service-by-email;OK: Value is 18.000
[1400532577] SERVICE NOTIFICATION: abrinyov;mobile.jetstar.com;MW - Bookings per hour;OK;notify-service-by-sms;OK: Value is 18.000
[1400532578] SERVICE NOTIFICATION: abrinyov;mobile.jetstar.com;MW - Bookings per hour;OK;notify-service-by-email;OK: Value is 18.000
[1400532578] SERVICE NOTIFICATION: mnevzorova;mobile.jetstar.com;MW - Bookings per hour;OK;notify-service-by-sms;OK: Value is 18.000
[1400532579] SERVICE NOTIFICATION: mnevzorova;mobile.jetstar.com;MW - Bookings per hour;OK;notify-service-by-email;OK: Value is 18.000
[1400532579] SERVICE NOTIFICATION: nagiosadmin;mobile.jetstar.com;MW - Bookings per hour;OK;notify-service-by-email;OK: Value is 18.000
[1400533347] SERVICE ALERT: m.jumeirah.com;MW - Standard Booking;CRITICAL;SOFT;1;CRITICAL : sum:126619 : 126.619 seconds to complete. (critical 120)
[1400533477] SERVICE ALERT: m.jumeirah.com;MW - Standard Booking;OK;SOFT;2;OK : sum:16774 : 16.774 seconds to complete.
[1400534477] Auto-save of retention data completed successfully.
[1400538077] Auto-save of retention data completed successfully.
