[1400194800] LOG ROTATION: DAILY
[1400194800] LOG VERSION: 2.0
[1400194800] CURRENT HOST STATE: 84.203.208.42;UP;HARD;1;
[1400194800] CURRENT HOST STATE: 84.203.208.43;UP;HARD;1;
[1400194800] CURRENT HOST STATE: api.clickatell.com;UP;HARD;1;
[1400194800] CURRENT HOST STATE: asterisk.int.mttnow.com;UP;HARD;1;
[1400194800] CURRENT HOST STATE: b2b.easyjet.com;UP;HARD;1;HTTP WARNING: HTTP/1.1 400 Bad Request
[1400194800] CURRENT HOST STATE: bcd.mttnow.com;UP;HARD;1;
[1400194800] CURRENT HOST STATE: eleventh-hour.com;UP;HARD;1;
[1400194800] CURRENT HOST STATE: helpdesk.mttnow.com;UP;HARD;1;
[1400194800] CURRENT HOST STATE: latam.mttnow.com;UP;HARD;1;
[1400194800] CURRENT HOST STATE: localhost;UP;HARD;1;PING OK - Packet loss = 0%, RTA = 1.62 ms
[1400194800] CURRENT HOST STATE: m.abacus.com.sg;UP;HARD;1;
[1400194800] CURRENT HOST STATE: m.atlantisthepalm.com;UP;HARD;1;
[1400194800] CURRENT HOST STATE: m.easyjet.com;UP;HARD;1;HTTP OK - HTTP/1.1 302 Found - 0.259 second response time
[1400194800] CURRENT HOST STATE: m.flybe.com;UP;HARD;1;
[1400194800] CURRENT HOST STATE: m.jumeirah.com;UP;HARD;1;
[1400194800] CURRENT HOST STATE: m.transavia.com;UP;HARD;1;
[1400194800] CURRENT HOST STATE: mobile.jetstar.com;UP;HARD;1;PING OK - Packet loss = 0%, RTA = 197.26 ms
[1400194800] CURRENT HOST STATE: s1-sc5-b-euw;UP;HARD;1;
[1400194800] CURRENT HOST STATE: s1.jq.mttnow.com;UP;HARD;1;
[1400194800] CURRENT HOST STATE: s2-sc5-c-euw;UP;HARD;1;
[1400194800] CURRENT HOST STATE: s2.jq.mttnow.com;UP;HARD;1;
[1400194800] CURRENT HOST STATE: security.mttnow.com;UP;HARD;1;
[1400194800] CURRENT HOST STATE: www.mttnow.com;UP;HARD;1;
[1400194800] CURRENT SERVICE STATE: 84.203.208.42;RBL Check;OK;HARD;1;CHECK_RBL OK -  (1 server timed out: access.redhawk.org)
[1400194800] CURRENT SERVICE STATE: 84.203.208.43;RBL Check;OK;HARD;1;CHECK_RBL OK -  (1 server timed out: access.redhawk.org)
[1400194800] CURRENT SERVICE STATE: api.clickatell.com;HTTPS;OK;HARD;1;HTTP OK HTTP/1.1 200 OK - 147 bytes in 1.273 seconds
[1400194800] CURRENT SERVICE STATE: asterisk.int.mttnow.com;Asterisk Trunk Reg Failure;OK;HARD;1;TCP OK - 0.769 second response time on port 7080
[1400194800] CURRENT SERVICE STATE: b2b.easyjet.com;HTTP;OK;HARD;1;WebInject OK - All tests passed successfully in 0.379 seconds
[1400194800] CURRENT SERVICE STATE: b2b.easyjet.com;HTTPS;OK;HARD;1;HTTP OK HTTP/1.1 200 OK - 3328 bytes in 0.622 seconds
[1400194800] CURRENT SERVICE STATE: b2b.easyjet.com;Login Request;OK;HARD;1;WebInject OK - All tests passed successfully in 0.686 seconds
[1400194800] CURRENT SERVICE STATE: b2b.easyjet.com;SSL Cert;OK;HARD;1;OK: certificate expires in 843 days (Mon Sep  5 00:59:59 2016)
[1400194800] CURRENT SERVICE STATE: bcd.mttnow.com;APP - Component Check - ELB;OK;HARD;1;WebInject OK - All tests passed successfully in 1.31 seconds
[1400194800] CURRENT SERVICE STATE: bcd.mttnow.com;APP - Component Check - s1-sc1-c-use;OK;HARD;1;WebInject OK - All tests passed successfully in 1.266 seconds
[1400194800] CURRENT SERVICE STATE: bcd.mttnow.com;APP - Component Check - s2-sc2-d-use;OK;HARD;1;WebInject OK - All tests passed successfully in 1.282 seconds
[1400194800] CURRENT SERVICE STATE: bcd.mttnow.com;APP - Elasticsearch Status;OK;HARD;1;OK: status is green
[1400194800] CURRENT SERVICE STATE: bcd.mttnow.com;APP - Last Registration - s1-sc1-c-use;OK;HARD;1;OK: Value is 25.000
[1400194800] CURRENT SERVICE STATE: bcd.mttnow.com;APP - Last Registration - s2-sc2-d-use;OK;HARD;1;OK: Value is 373.000
[1400194800] CURRENT SERVICE STATE: bcd.mttnow.com;APP - Registrations per hour - ELB;OK;HARD;1;OK: Value is 167.000
[1400194800] CURRENT SERVICE STATE: bcd.mttnow.com;Disk / - adb1-c-use;OK;HARD;1;DISK OK - free space: / 6145 MB (76% inode=92%):
[1400194800] CURRENT SERVICE STATE: bcd.mttnow.com;Disk / - adb2-d-use;OK;HARD;1;DISK OK - free space: / 6145 MB (76% inode=92%):
[1400194800] CURRENT SERVICE STATE: bcd.mttnow.com;Disk / - pms-a-use;OK;HARD;1;DISK OK - free space: / 5693 MB (71% inode=91%):
[1400194800] CURRENT SERVICE STATE: bcd.mttnow.com;Disk / - s1-sc1-c-use;OK;HARD;1;DISK OK - free space: / 4063 MB (50% inode=75%):
[1400194800] CURRENT SERVICE STATE: bcd.mttnow.com;Disk / - s2-sc2-d-use;OK;HARD;1;DISK OK - free space: / 4096 MB (51% inode=75%):
[1400194800] CURRENT SERVICE STATE: bcd.mttnow.com;Disk / - sms1-c-use;OK;HARD;1;DISK OK - free space: / 5698 MB (71% inode=91%):
[1400194800] CURRENT SERVICE STATE: bcd.mttnow.com;Disk / - sms2-d-use;OK;HARD;1;DISK OK - free space: / 5698 MB (71% inode=91%):
[1400194800] CURRENT SERVICE STATE: bcd.mttnow.com;Disk /var - adb1-c-use;OK;HARD;1;DISK OK - free space: /var 278926 MB (97% inode=99%):
[1400194800] CURRENT SERVICE STATE: bcd.mttnow.com;Disk /var - adb2-d-use;OK;HARD;1;DISK OK - free space: /var 278913 MB (97% inode=99%):
[1400194800] CURRENT SERVICE STATE: bcd.mttnow.com;Disk /var - pms-a-use;OK;HARD;1;DISK OK - free space: /var 227813 MB (79% inode=99%):
[1400194800] CURRENT SERVICE STATE: bcd.mttnow.com;Disk /var - s1-sc1-c-use;OK;HARD;1;DISK OK - free space: /var 223559 MB (77% inode=99%):
[1400194800] CURRENT SERVICE STATE: bcd.mttnow.com;Disk /var - s2-sc2-d-use;OK;HARD;1;DISK OK - free space: /var 223684 MB (77% inode=99%):
[1400194800] CURRENT SERVICE STATE: bcd.mttnow.com;Disk /var - sms1-c-use;OK;HARD;1;DISK OK - free space: /var 239658 MB (83% inode=99%):
[1400194800] CURRENT SERVICE STATE: bcd.mttnow.com;Disk /var - sms2-d-use;OK;HARD;1;DISK OK - free space: /var 239597 MB (83% inode=99%):
[1400194800] CURRENT SERVICE STATE: bcd.mttnow.com;NTP Offset - adb1-c-use;OK;HARD;1;NTP OK: Offset -0.002759456635 secs
[1400194800] CURRENT SERVICE STATE: bcd.mttnow.com;NTP Offset - adb2-d-use;OK;HARD;1;NTP OK: Offset -0.001192092896 secs
[1400194800] CURRENT SERVICE STATE: bcd.mttnow.com;NTP Offset - pms-a-use;OK;HARD;1;NTP OK: Offset -0.003244996071 secs
[1400194800] CURRENT SERVICE STATE: bcd.mttnow.com;NTP Offset - s1-sc1-c-use;OK;HARD;1;NTP OK: Offset -0.005892038345 secs
[1400194800] CURRENT SERVICE STATE: bcd.mttnow.com;NTP Offset - s2-sc2-d-use;OK;HARD;1;NTP OK: Offset 0.004829406738 secs
[1400194800] CURRENT SERVICE STATE: bcd.mttnow.com;NTP Offset - sms1-c-use;OK;HARD;1;NTP OK: Offset -0.001157879829 secs
[1400194800] CURRENT SERVICE STATE: bcd.mttnow.com;NTP Offset - sms2-d-use;OK;HARD;1;NTP OK: Offset -0.001970887184 secs
[1400194800] CURRENT SERVICE STATE: bcd.mttnow.com;TripSource www site;OK;HARD;1;HTTP OK - HTTP/1.0 301 Moved Permanently - 0.875 second response time
[1400194800] CURRENT SERVICE STATE: eleventh-hour.com;APP - API Status;OK;HARD;1;WebInject OK - All tests passed successfully in 0.718 seconds
[1400194800] CURRENT SERVICE STATE: eleventh-hour.com;Email Errors S1 EUR;OK;HARD;1;OK: Value is 0.000
[1400194800] CURRENT SERVICE STATE: eleventh-hour.com;HTTP - Admin Europe;OK;HARD;1;HTTP OK HTTP/1.1 200 OK - 14568 bytes in 0.715 seconds
[1400194800] CURRENT SERVICE STATE: eleventh-hour.com;Server 1 - Disk /;OK;HARD;1;DISK OK - free space: / 5207 MB (65% inode=87%):
[1400194800] CURRENT SERVICE STATE: eleventh-hour.com;Server 1 - Disk /var;OK;HARD;1;DISK OK - free space: /var 9591 MB (33% inode=98%):
[1400194800] CURRENT SERVICE STATE: eleventh-hour.com;Server 1 - NTP Offset;OK;HARD;1;NTP OK: Offset -0.0003216266632 secs
[1400194800] CURRENT SERVICE STATE: eleventh-hour.com;Tomcat Memory S1 EUR;OK;HARD;1;OK: Value is 962956.000
[1400194800] CURRENT SERVICE STATE: helpdesk.mttnow.com;Eleventh Hour POP3;OK;HARD;1;POP3_ACCOUNT OK - 4 emails for helpdesk@eleventh-hour.com
[1400194800] CURRENT SERVICE STATE: helpdesk.mttnow.com;General POP3;OK;HARD;1;POP3_ACCOUNT OK - 0 emails for helpdesk@mttnow.com
[1400194800] CURRENT SERVICE STATE: helpdesk.mttnow.com;HTTP;OK;HARD;1;HTTP OK - HTTP/1.1 302 Found - 0.306 second response time
[1400194800] CURRENT SERVICE STATE: helpdesk.mttnow.com;Helpdesk Ansaback queue checking;OK;HARD;1;OK: Value is 0.000
[1400194800] CURRENT SERVICE STATE: helpdesk.mttnow.com;Helpdesk Ops Support queue checking;OK;HARD;1;OK: Value is 0.000
[1400194800] CURRENT SERVICE STATE: latam.mttnow.com;APP - Elasticsearch Status;OK;HARD;1;OK: status is green
[1400194800] CURRENT SERVICE STATE: latam.mttnow.com;APP - Email Send Check - elb1-usw;OK;HARD;1;OK : sum:3012 : 3.012 seconds to complete.
[1400194800] CURRENT SERVICE STATE: latam.mttnow.com;APP - Flight Data Check - elb1-usw;OK;HARD;1;WebInject OK - All tests passed successfully in 0.644 seconds
[1400194800] CURRENT SERVICE STATE: latam.mttnow.com;APP - Flight Data Check - s1-sc1-b-usw;OK;HARD;1;WebInject OK - All tests passed successfully in 0.484 seconds
[1400194800] CURRENT SERVICE STATE: latam.mttnow.com;APP - Flight Data Check - s2-sc1-c-usw;OK;HARD;1;WebInject OK - All tests passed successfully in 0.428 seconds
[1400194800] CURRENT SERVICE STATE: latam.mttnow.com;Disk / - s1-sc1-b-usw;OK;HARD;1;DISK OK - free space: / 6045 MB (75% inode=89%):
[1400194800] CURRENT SERVICE STATE: latam.mttnow.com;Disk / - s2-sc1-c-usw;OK;HARD;1;DISK OK - free space: / 6045 MB (75% inode=89%):
[1400194800] CURRENT SERVICE STATE: latam.mttnow.com;Disk /var - s1-sc1-b-usw;OK;HARD;1;DISK OK - free space: /var 25990 MB (54% inode=99%):
[1400194800] CURRENT SERVICE STATE: latam.mttnow.com;Disk /var - s2-sc1-c-usw;OK;HARD;1;DISK OK - free space: /var 30063 MB (62% inode=99%):
[1400194800] CURRENT SERVICE STATE: latam.mttnow.com;Endpoint HTTPS Status - elb1-usw;OK;HARD;1;HTTP OK HTTP/1.1 200 OK - 171 bytes in 0.402 seconds
[1400194800] CURRENT SERVICE STATE: latam.mttnow.com;NTP Offset - s1-sc1-b-usw;OK;HARD;1;NTP OK: Offset -0.001653552055 secs
[1400194800] CURRENT SERVICE STATE: latam.mttnow.com;NTP Offset - s2-sc1-c-usw;OK;HARD;1;NTP OK: Offset 0.0009828805923 secs
[1400194800] CURRENT SERVICE STATE: localhost;Current Load;OK;HARD;1;OK - load average: 0.03, 0.08, 0.08
[1400194800] CURRENT SERVICE STATE: localhost;Current Users;OK;HARD;1;USERS OK - 0 users currently logged in
[1400194800] CURRENT SERVICE STATE: localhost;PING;OK;HARD;1;PING OK - Packet loss = 0%, RTA = 0.06 ms
[1400194800] CURRENT SERVICE STATE: localhost;Root Partition;OK;HARD;1;DISK OK - free space: / 4021 MB (41% inode=96%):
[1400194800] CURRENT SERVICE STATE: localhost;SSH;OK;HARD;1;SSH OK - OpenSSH_4.3 (protocol 2.0)
[1400194800] CURRENT SERVICE STATE: localhost;Swap Usage;OK;HARD;1;SWAP OK - 100% free (255 MB out of 255 MB)
[1400194800] CURRENT SERVICE STATE: localhost;Total Processes;OK;HARD;1;PROCS OK: 39 processes with STATE = RSZDT
[1400194800] CURRENT SERVICE STATE: m.abacus.com.sg;Disk /;OK;HARD;1;DISK OK - free space: / 4859 MB (60% inode=91%):
[1400194800] CURRENT SERVICE STATE: m.abacus.com.sg;Disk /var;OK;HARD;1;DISK OK - free space: /var 27795 MB (57% inode=99%):
[1400194800] CURRENT SERVICE STATE: m.abacus.com.sg;FOX Check;OK;HARD;1;WebInject OK - All tests passed successfully in 5.44 seconds
[1400194800] CURRENT SERVICE STATE: m.abacus.com.sg;HTTP;OK;HARD;1;HTTP OK - HTTP/1.1 302 Found - 0.468 second response time
[1400194800] CURRENT SERVICE STATE: m.abacus.com.sg;HTTPS;OK;HARD;1;HTTP OK - HTTP/1.1 302 Found - 0.870 second response time
[1400194800] CURRENT SERVICE STATE: m.abacus.com.sg;RBL Check;OK;HARD;1;CHECK_RBL OK -  (1 server timed out: access.redhawk.org)
[1400194800] CURRENT SERVICE STATE: m.abacus.com.sg;SSL Cert;OK;HARD;1;OK: certificate expires in 519 days (Sat Oct 17 03:59:05 2015)
[1400194800] CURRENT SERVICE STATE: m.atlantisthepalm.com;Disk /;OK;HARD;1;DISK OK - free space: / 5624 MB (69% inode=92%):
[1400194800] CURRENT SERVICE STATE: m.atlantisthepalm.com;Disk /var;OK;HARD;1;DISK OK - free space: /var 22829 MB (47% inode=99%):
[1400194800] CURRENT SERVICE STATE: m.atlantisthepalm.com;HTTP;OK;HARD;1;HTTP OK - HTTP/1.1 302 Found - 0.266 second response time
[1400194800] CURRENT SERVICE STATE: m.atlantisthepalm.com;HTTPS;OK;HARD;1;HTTP OK - HTTP/1.1 302 Found - 0.539 second response time
[1400194800] CURRENT SERVICE STATE: m.atlantisthepalm.com;MW - Bookings per week;OK;HARD;1;OK: Value is 295.000
[1400194800] CURRENT SERVICE STATE: m.atlantisthepalm.com;MW - Dolphin Bay;OK;HARD;1;WebInject OK - All tests passed successfully in 14.02 seconds
[1400194800] CURRENT SERVICE STATE: m.atlantisthepalm.com;MW - Payment Details;OK;HARD;1;OK: Value is 1681.000
[1400194800] CURRENT SERVICE STATE: m.atlantisthepalm.com;MW - Payment Details - NIGHT;OK;HARD;1;OK: Value is 2181.000
[1400194800] CURRENT SERVICE STATE: m.atlantisthepalm.com;MW - Redirect check;OK;HARD;1;Script requires fix
[1400194800] CURRENT SERVICE STATE: m.atlantisthepalm.com;MW - Special Offers;OK;HARD;1;WebInject OK - All tests passed successfully in 0.514 seconds
[1400194800] CURRENT SERVICE STATE: m.atlantisthepalm.com;MW - Waterpark;OK;HARD;1;OK: Value is 1857.000
[1400194800] CURRENT SERVICE STATE: m.atlantisthepalm.com;RBL Check;OK;HARD;1;CHECK_RBL OK - m.atlantisthepalm.com BLACKLISTED on 0 servers of 41
[1400194800] CURRENT SERVICE STATE: m.atlantisthepalm.com;SSL Cert;OK;HARD;1;OK: certificate expires in 696 days (Mon Apr 11 00:59:59 2016)
[1400194800] CURRENT SERVICE STATE: m.easyjet.com;APP - Elasticsearch Status;OK;HARD;1;OK: status is green
[1400194800] CURRENT SERVICE STATE: m.easyjet.com;Apps - Booking excl payment;OK;HARD;1;OK : sum:3949 : 3.949 seconds to complete.
[1400194800] CURRENT SERVICE STATE: m.easyjet.com;Apps - HTTP;OK;HARD;1;HTTP OK - HTTP/1.1 302 Found - 0.269 second response time
[1400194800] CURRENT SERVICE STATE: m.easyjet.com;Apps - HTTPS;OK;HARD;1;HTTP OK - HTTP/1.1 302 Found - 0.599 second response time
[1400194800] CURRENT SERVICE STATE: m.easyjet.com;Apps - Server1 - Booking excl payment;OK;HARD;1;OK : sum:7479 : 7.479 seconds to complete.
[1400194800] CURRENT SERVICE STATE: m.easyjet.com;Apps - Server2 - Booking excl payment;OK;HARD;1;OK : sum:6106 : 6.106 seconds to complete.
[1400194800] CURRENT SERVICE STATE: m.easyjet.com;Apps - User Login;OK;HARD;1;OK : sum:1046 : 1.046 seconds to complete.
[1400194800] CURRENT SERVICE STATE: m.easyjet.com;Bookings Per Hour;OK;HARD;1;OK: Value is 171.000
[1400194800] CURRENT SERVICE STATE: m.easyjet.com;Disk / pms-a-euw;OK;HARD;1;DISK OK - free space: / 5558 MB (69% inode=82%):
[1400194800] CURRENT SERVICE STATE: m.easyjet.com;Disk / s1-sc1-b-euw;OK;HARD;1;DISK OK - free space: / 5060 MB (63% inode=81%):
[1400194800] CURRENT SERVICE STATE: m.easyjet.com;Disk / s1-sc2-b-euw;OK;HARD;1;DISK OK - free space: / 5060 MB (63% inode=81%):
[1400194800] CURRENT SERVICE STATE: m.easyjet.com;Disk / s1-sc3-b-euw;OK;HARD;1;DISK OK - free space: / 5059 MB (63% inode=81%):
[1400194800] CURRENT SERVICE STATE: m.easyjet.com;Disk / s1-sc4-b-euw;OK;HARD;1;DISK OK - free space: / 3353 MB (42% inode=81%):
[1400194800] CURRENT SERVICE STATE: m.easyjet.com;Disk / s1-sc5-b-euw;OK;HARD;1;DISK OK - free space: / 5162 MB (64% inode=81%):
[1400194800] CURRENT SERVICE STATE: m.easyjet.com;Disk / s1-sc6-b-euw;OK;HARD;1;DISK OK - free space: / 5059 MB (63% inode=81%):
[1400194800] CURRENT SERVICE STATE: m.easyjet.com;Disk / s1-sc7-b-euw;OK;HARD;1;DISK OK - free space: / 5060 MB (63% inode=81%):
[1400194800] CURRENT SERVICE STATE: m.easyjet.com;Disk / s2-sc1-c-euw;OK;HARD;1;DISK OK - free space: / 5060 MB (63% inode=81%):
[1400194800] CURRENT SERVICE STATE: m.easyjet.com;Disk / s2-sc2-c-euw;OK;HARD;1;DISK OK - free space: / 5060 MB (63% inode=81%):
[1400194800] CURRENT SERVICE STATE: m.easyjet.com;Disk / s2-sc3-c-euw;OK;HARD;1;DISK OK - free space: / 5060 MB (63% inode=81%):
[1400194800] CURRENT SERVICE STATE: m.easyjet.com;Disk / s2-sc4-c-euw;OK;HARD;1;DISK OK - free space: / 3684 MB (46% inode=81%):
[1400194800] CURRENT SERVICE STATE: m.easyjet.com;Disk / s2-sc5-c-euw;OK;HARD;1;DISK OK - free space: / 5162 MB (64% inode=81%):
[1400194800] CURRENT SERVICE STATE: m.easyjet.com;Disk / s2-sc6-c-euw;OK;HARD;1;DISK OK - free space: / 5059 MB (63% inode=81%):
[1400194800] CURRENT SERVICE STATE: m.easyjet.com;Disk / s2-sc7-c-euw;OK;HARD;1;DISK OK - free space: / 5058 MB (63% inode=81%):
[1400194800] CURRENT SERVICE STATE: m.easyjet.com;Disk / sms1-b-euw;OK;HARD;1;DISK OK - free space: / 5558 MB (69% inode=82%):
[1400194800] CURRENT SERVICE STATE: m.easyjet.com;Disk / sms2-c-euw;OK;HARD;1;DISK OK - free space: / 5558 MB (69% inode=82%):
[1400194800] CURRENT SERVICE STATE: m.easyjet.com;Disk /var pms-a-euw;OK;HARD;1;DISK OK - free space: /var 244260 MB (84% inode=99%):
[1400194800] CURRENT SERVICE STATE: m.easyjet.com;Disk /var s1-sc1-b-euw;OK;HARD;1;DISK OK - free space: /var 30999 MB (64% inode=99%):
[1400194800] CURRENT SERVICE STATE: m.easyjet.com;Disk /var s1-sc2-b-euw;OK;HARD;1;DISK OK - free space: /var 27680 MB (57% inode=99%):
[1400194800] CURRENT SERVICE STATE: m.easyjet.com;Disk /var s1-sc3-b-euw;OK;HARD;1;DISK OK - free space: /var 15068 MB (31% inode=99%):
[1400194800] CURRENT SERVICE STATE: m.easyjet.com;Disk /var s1-sc4-b-euw;OK;HARD;1;DISK OK - free space: /var 28730 MB (60% inode=99%):
[1400194800] CURRENT SERVICE STATE: m.easyjet.com;Disk /var s1-sc5-b-euw;OK;HARD;1;DISK OK - free space: /var 181033 MB (62% inode=99%):
[1400194800] CURRENT SERVICE STATE: m.easyjet.com;Disk /var s1-sc6-b-euw;OK;HARD;1;DISK OK - free space: /var 30606 MB (63% inode=99%):
[1400194800] CURRENT SERVICE STATE: m.easyjet.com;Disk /var s1-sc7-b-euw;OK;HARD;1;DISK OK - free space: /var 25691 MB (53% inode=99%):
[1400194800] CURRENT SERVICE STATE: m.easyjet.com;Disk /var s2-sc1-c-euw;OK;HARD;1;DISK OK - free space: /var 30988 MB (64% inode=99%):
[1400194800] CURRENT SERVICE STATE: m.easyjet.com;Disk /var s2-sc2-c-euw;OK;HARD;1;DISK OK - free space: /var 27578 MB (57% inode=99%):
[1400194800] CURRENT SERVICE STATE: m.easyjet.com;Disk /var s2-sc3-c-euw;OK;HARD;1;DISK OK - free space: /var 14983 MB (31% inode=99%):
[1400194800] CURRENT SERVICE STATE: m.easyjet.com;Disk /var s2-sc4-c-euw;OK;HARD;1;DISK OK - free space: /var 28746 MB (60% inode=99%):
[1400194800] CURRENT SERVICE STATE: m.easyjet.com;Disk /var s2-sc5-c-euw;OK;HARD;1;DISK OK - free space: /var 179428 MB (61% inode=99%):
[1400194800] CURRENT SERVICE STATE: m.easyjet.com;Disk /var s2-sc6-c-euw;OK;HARD;1;DISK OK - free space: /var 30568 MB (63% inode=99%):
[1400194800] CURRENT SERVICE STATE: m.easyjet.com;Disk /var s2-sc7-c-euw;OK;HARD;1;DISK OK - free space: /var 25466 MB (53% inode=99%):
[1400194800] CURRENT SERVICE STATE: m.easyjet.com;Disk /var sms1-b-euw;OK;HARD;1;DISK OK - free space: /var 249389 MB (86% inode=99%):
[1400194800] CURRENT SERVICE STATE: m.easyjet.com;Disk /var sms2-c-euw;OK;HARD;1;DISK OK - free space: /var 249392 MB (86% inode=99%):
[1400194800] CURRENT SERVICE STATE: m.easyjet.com;HTTP;OK;HARD;1;HTTP OK - HTTP/1.1 302 Found - 0.373 second response time
[1400194800] CURRENT SERVICE STATE: m.easyjet.com;HTTP - V2.4.0 check;OK;HARD;1;HTTP OK HTTP/1.1 200 OK - 5455 bytes in 0.289 seconds
[1400194800] CURRENT SERVICE STATE: m.easyjet.com;HTTP - deep check;OK;HARD;1;HTTP OK HTTP/1.1 200 OK - 6261 bytes in 0.484 seconds
[1400194800] CURRENT SERVICE STATE: m.easyjet.com;HTTPS;OK;HARD;1;HTTP OK - HTTP/1.1 302 Found - 5.735 second response time
[1400194800] CURRENT SERVICE STATE: m.easyjet.com;MW - ELB - MYSQL connections Booking;OK;HARD;1;OK: Value is 46.000
[1400194800] CURRENT SERVICE STATE: m.easyjet.com;MW - ELB - MYSQL connections Mediator;OK;HARD;1;OK: Value is 17.000
[1400194800] CURRENT SERVICE STATE: m.easyjet.com;MW - Server 1 - Flight Status;OK;HARD;1;OK: Value is 29.000
[1400194800] CURRENT SERVICE STATE: m.easyjet.com;MW - Server 1 - Flight Status - NIGHT;OK;HARD;1;OK: Value is 101.000
[1400194800] CURRENT SERVICE STATE: m.easyjet.com;MW - Server 1 - Payment Details;OK;HARD;1;OK: Value is 102.000
[1400194800] CURRENT SERVICE STATE: m.easyjet.com;MW - Server 1 - Payment Details - NIGHT;OK;HARD;1;OK: Value is 268.000
[1400194800] CURRENT SERVICE STATE: m.easyjet.com;MW - Server 1 - Session Timeouts Per Day;OK;HARD;1;OK: Value is 1.000
[1400194800] CURRENT SERVICE STATE: m.easyjet.com;MW - Server 2 - Flight Status;OK;HARD;1;OK: Value is 155.000
[1400194800] CURRENT SERVICE STATE: m.easyjet.com;MW - Server 2 - Flight Status - NIGHT;OK;HARD;1;OK: Value is 148.000
[1400194800] CURRENT SERVICE STATE: m.easyjet.com;MW - Server 2 - Payment Details - NIGHT;OK;HARD;1;OK: Value is 31.000
[1400194800] CURRENT SERVICE STATE: m.easyjet.com;MW - Server 2 - Session Timeouts Per Day;OK;HARD;1;OK: Value is 0.000
[1400194800] CURRENT SERVICE STATE: m.easyjet.com;MW - Server 2 Payment Details;OK;HARD;1;OK: Value is 51.000
[1400194800] CURRENT SERVICE STATE: m.easyjet.com;NTP Offset pms-a-euw;OK;HARD;1;NTP OK: Offset 0.00752055645 secs
[1400194800] CURRENT SERVICE STATE: m.easyjet.com;NTP Offset s1-sc1-b-euw;OK;HARD;1;NTP OK: Offset 0.006434082985 secs
[1400194800] CURRENT SERVICE STATE: m.easyjet.com;NTP Offset s1-sc2-b-euw;OK;HARD;1;NTP OK: Offset 0.001502990723 secs
[1400194800] CURRENT SERVICE STATE: m.easyjet.com;NTP Offset s1-sc3-b-euw;OK;HARD;1;NTP OK: Offset 0.002033352852 secs
[1400194800] CURRENT SERVICE STATE: m.easyjet.com;NTP Offset s1-sc4-b-euw;OK;HARD;1;NTP OK: Offset -0.0008138418198 secs
[1400194800] CURRENT SERVICE STATE: m.easyjet.com;NTP Offset s1-sc5-b-euw;OK;HARD;1;NTP OK: Offset 0.008211493492 secs
[1400194800] CURRENT SERVICE STATE: m.easyjet.com;NTP Offset s1-sc6-b-euw;OK;HARD;1;NTP OK: Offset 0.00172829628 secs
[1400194800] CURRENT SERVICE STATE: m.easyjet.com;NTP Offset s1-sc7-b-euw;OK;HARD;1;NTP OK: Offset 0.001019477844 secs
[1400194800] CURRENT SERVICE STATE: m.easyjet.com;NTP Offset s2-sc1-c-euw;OK;HARD;1;NTP OK: Offset 0.0008765459061 secs
[1400194800] CURRENT SERVICE STATE: m.easyjet.com;NTP Offset s2-sc2-c-euw;OK;HARD;1;NTP OK: Offset -0.0005764961243 secs
[1400194800] CURRENT SERVICE STATE: m.easyjet.com;NTP Offset s2-sc3-c-euw;OK;HARD;1;NTP OK: Offset 0.005915045738 secs
[1400194800] CURRENT SERVICE STATE: m.easyjet.com;NTP Offset s2-sc4-c-euw;OK;HARD;1;NTP OK: Offset 0.01172053814 secs
[1400194800] CURRENT SERVICE STATE: m.easyjet.com;NTP Offset s2-sc5-c-euw;OK;HARD;1;NTP OK: Offset -4.434585571e-05 secs
[1400194800] CURRENT SERVICE STATE: m.easyjet.com;NTP Offset s2-sc6-c-euw;OK;HARD;1;NTP OK: Offset 0.0007077455521 secs
[1400194800] CURRENT SERVICE STATE: m.easyjet.com;NTP Offset s2-sc7-c-euw;OK;HARD;1;NTP OK: Offset -0.004295229912 secs
[1400194800] CURRENT SERVICE STATE: m.easyjet.com;NTP Offset sms1-b-euw;OK;HARD;1;NTP OK: Offset 0.005532622337 secs
[1400194800] CURRENT SERVICE STATE: m.easyjet.com;NTP Offset sms2-c-euw;OK;HARD;1;NTP OK: Offset 0.008123874664 secs
[1400194800] CURRENT SERVICE STATE: m.easyjet.com;SSL Cert;OK;HARD;1;OK: certificate expires in 1059 days (Sun Apr  9 00:59:59 2017)
[1400194800] CURRENT SERVICE STATE: m.easyjet.com;Server 1 - Last Checkin;OK;HARD;1;OK: Value is 2.000
[1400194800] CURRENT SERVICE STATE: m.easyjet.com;Server 2 - Last Checkin;OK;HARD;1;OK: Value is 0.000
[1400194800] CURRENT SERVICE STATE: m.flybe.com;Disk /;OK;HARD;1;DISK OK - free space: / 4977 MB (62% inode=90%):
[1400194800] CURRENT SERVICE STATE: m.flybe.com;Disk /var;OK;HARD;1;DISK OK - free space: /var 26754 MB (55% inode=99%):
[1400194800] CURRENT SERVICE STATE: m.flybe.com;HTTP - Apache;OK;HARD;1;HTTP OK - HTTP/1.1 302 Found - 0.437 second response time
[1400194800] CURRENT SERVICE STATE: m.flybe.com;HTTP - Tomcat;OK;HARD;1;HTTP OK - HTTP/1.1 302 Moved Temporarily - 0.297 second response time
[1400194800] CURRENT SERVICE STATE: m.flybe.com;MW - Availability Results;OK;HARD;1;OK: Value is 0.000
[1400194800] CURRENT SERVICE STATE: m.flybe.com;MW - Availability Results - NIGHT;OK;HARD;1;OK: Value is 2.000
[1400194800] CURRENT SERVICE STATE: m.flybe.com;MW - Bookings per hour;OK;HARD;1;OK: Value is 48.000
[1400194800] CURRENT SERVICE STATE: m.flybe.com;MW - Payment Details;OK;HARD;1;OK: Value is 309.000
[1400194800] CURRENT SERVICE STATE: m.flybe.com;MW - Payment Details - NIGHT;OK;HARD;1;OK: Value is 17.000
[1400194800] CURRENT SERVICE STATE: m.flybe.com;MW - Search Page;OK;HARD;1;OK: Value is 3.000
[1400194800] CURRENT SERVICE STATE: m.flybe.com;MW - Search Page - NIGHT;OK;HARD;1;OK: Value is 8.000
[1400194800] CURRENT SERVICE STATE: m.flybe.com;MW - Session Timeouts Per Day;OK;HARD;1;OK: Value is 0.000
[1400194800] CURRENT SERVICE STATE: m.flybe.com;NTP Offset;OK;HARD;1;NTP OK: Offset -0.0005030632019 secs
[1400194800] CURRENT SERVICE STATE: m.flybe.com;RBL Check;OK;HARD;1;CHECK_RBL OK - m.flybe.com BLACKLISTED on 0 servers of 41
[1400194800] CURRENT SERVICE STATE: m.flybe.com;SSL Cert;OK;HARD;1;OK: certificate expires in 349 days (Thu Apr 30 16:00:00 2015)
[1400194800] CURRENT SERVICE STATE: m.jumeirah.com;HTTP;OK;HARD;1;HTTP OK - HTTP/1.1 302 Found - 0.265 second response time
[1400194800] CURRENT SERVICE STATE: m.jumeirah.com;HTTPS;OK;HARD;1;HTTP OK - HTTP/1.1 302 Found - 0.744 second response time
[1400194800] CURRENT SERVICE STATE: m.jumeirah.com;MW - Standard Booking;OK;HARD;1;OK : sum:15904 : 15.904 seconds to complete.
[1400194800] CURRENT SERVICE STATE: m.jumeirah.com;MW - Table Reservation;OK;HARD;1;OK : sum:4511 : 4.511 seconds to complete.
[1400194800] CURRENT SERVICE STATE: m.jumeirah.com;RBL Check;OK;HARD;1;CHECK_RBL OK -  (1 server timed out: access.redhawk.org)
[1400194800] CURRENT SERVICE STATE: m.jumeirah.com;SSL Cert;OK;HARD;1;OK: certificate expires in 213 days (Mon Dec 15 12:00:00 2014)
[1400194800] CURRENT SERVICE STATE: m.transavia.com;APPS - Availability Results;OK;HARD;1;OK: Value is 2.000
[1400194800] CURRENT SERVICE STATE: m.transavia.com;APPS - Availability Results - NIGHT;OK;HARD;1;OK: Value is 7.000
[1400194800] CURRENT SERVICE STATE: m.transavia.com;APPS - Bookings per hour;OK;HARD;1;OK: Value is 32.000
[1400194800] CURRENT SERVICE STATE: m.transavia.com;APPS - Payment Details;OK;HARD;1;OK: Value is 331.000
[1400194800] CURRENT SERVICE STATE: m.transavia.com;APPS - Payment Details - NIGHT;OK;HARD;1;OK: Value is 1021.000
[1400194800] CURRENT SERVICE STATE: m.transavia.com;Disk /;OK;HARD;1;DISK OK - free space: / 4602 MB (56% inode=92%):
[1400194800] CURRENT SERVICE STATE: m.transavia.com;Disk /var;OK;HARD;1;DISK OK - free space: /var 29025 MB (59% inode=99%):
[1400194800] CURRENT SERVICE STATE: m.transavia.com;HTTP - Apache;OK;HARD;1;HTTP OK - HTTP/1.1 302 Moved Temporarily - 0.270 second response time
[1400194800] CURRENT SERVICE STATE: m.transavia.com;HTTP - Tomcat;OK;HARD;1;HTTP OK HTTP/1.1 200 OK - 2218 bytes in 0.253 seconds
[1400194800] CURRENT SERVICE STATE: m.transavia.com;RBL Check;OK;HARD;1;CHECK_RBL OK - m.transavia.com BLACKLISTED on 0 servers of 41
[1400194800] CURRENT SERVICE STATE: m.transavia.com;SSL Cert;OK;HARD;1;OK: certificate expires in 329 days (Fri Apr 10 00:59:59 2015)
[1400194800] CURRENT SERVICE STATE: mobile.jetstar.com;Disk S1 /;OK;HARD;1;DISK OK - free space: / 3564 MB (35% inode=92%):
[1400194800] CURRENT SERVICE STATE: mobile.jetstar.com;Disk S1 /var;OK;HARD;1;DISK OK - free space: /var 63592 MB (44% inode=99%):
[1400194800] CURRENT SERVICE STATE: mobile.jetstar.com;Disk S2 /;OK;HARD;1;DISK OK - free space: / 3577 MB (35% inode=92%):
[1400194800] CURRENT SERVICE STATE: mobile.jetstar.com;Disk S2 /var;OK;HARD;1;DISK OK - free space: /var 58237 MB (40% inode=99%):
[1400194800] CURRENT SERVICE STATE: mobile.jetstar.com;HTTP - LB - Check App;OK;HARD;1;HTTP OK - HTTP/1.1 302 Moved Temporarily - 0.476 second response time
[1400194800] CURRENT SERVICE STATE: mobile.jetstar.com;HTTP - LB - Check App JP;OK;HARD;1;HTTP OK - HTTP/1.1 302 Moved Temporarily - 0.454 second response time
[1400194800] CURRENT SERVICE STATE: mobile.jetstar.com;HTTP - S1 - Check App;OK;HARD;1;HTTP OK - HTTP/1.1 302 Moved Temporarily - 0.498 second response time
[1400194800] CURRENT SERVICE STATE: mobile.jetstar.com;HTTP - S1 - Check App JP;OK;HARD;1;HTTP OK - HTTP/1.1 302 Moved Temporarily - 0.449 second response time
[1400194800] CURRENT SERVICE STATE: mobile.jetstar.com;HTTP - S2 - Check App;OK;HARD;1;HTTP OK - HTTP/1.1 302 Moved Temporarily - 0.443 second response time
[1400194800] CURRENT SERVICE STATE: mobile.jetstar.com;HTTP - S2 - Check App JP;OK;HARD;1;HTTP OK - HTTP/1.1 302 Moved Temporarily - 0.464 second response time
[1400194800] CURRENT SERVICE STATE: mobile.jetstar.com;MW - Bookings per day JP;WARNING;HARD;4;WARNING: Value is 5.000
[1400194800] CURRENT SERVICE STATE: mobile.jetstar.com;MW - Bookings per hour;OK;HARD;1;OK: Value is 81.000
[1400194800] CURRENT SERVICE STATE: mobile.jetstar.com;MW - Checkins per hour;OK;HARD;1;OK: Value is 100.000
[1400194800] CURRENT SERVICE STATE: mobile.jetstar.com;MW - S1 - Flight Status;OK;HARD;1;OK: Value is 27.000
[1400194800] CURRENT SERVICE STATE: mobile.jetstar.com;MW - S1 - Payment Details;OK;HARD;1;OK: Value is 8.000
[1400194800] CURRENT SERVICE STATE: mobile.jetstar.com;MW - S2 - Flight Status;OK;HARD;1;OK: Value is 5.000
[1400194800] CURRENT SERVICE STATE: mobile.jetstar.com;MW - S2 - Payment Details;OK;HARD;1;OK: Value is 1.000
[1400194800] CURRENT SERVICE STATE: mobile.jetstar.com;RBL Check;OK;HARD;1;CHECK_RBL OK - mobile.jetstar.com BLACKLISTED on 0 servers of 41
[1400194800] CURRENT SERVICE STATE: mobile.jetstar.com;SSL Cert;OK;HARD;1;OK: certificate expires in 654 days (Sun Feb 28 23:59:59 2016)
[1400194800] CURRENT SERVICE STATE: security.mttnow.com;Amazon AMI Patch RSS Check;OK;HARD;1;OK: No Matches in last 1 days
[1400194800] CURRENT SERVICE STATE: security.mttnow.com;Samhain File Integrity;CRITICAL;HARD;4;POP3_ACCOUNT CRITICAL - 624 emails for la.samhain@mttnow.com
[1400194800] CURRENT SERVICE STATE: www.mttnow.com;Disk /;OK;HARD;1;DISK OK - free space: /var 1230 MB (25% inode=94%):
[1400194800] CURRENT SERVICE STATE: www.mttnow.com;Disk /var;OK;HARD;1;DISK OK - free space: / 5832 MB (60% inode=76%):
[1400194800] CURRENT SERVICE STATE: www.mttnow.com;HTTP;OK;HARD;1;HTTP OK - HTTP/1.0 301 Moved Permanently - 0.693 second response time
[1400194800] CURRENT SERVICE STATE: www.mttnow.com;RBL Check;OK;HARD;1;CHECK_RBL OK -  (1 server timed out: access.redhawk.org)
[1400194800] CURRENT SERVICE STATE: www.mttnow.com;Webapp - Deep check;OK;HARD;1;WebInject OK - All tests passed successfully in 2.192 seconds
[1400195527] SERVICE NOTIFICATION: gmcdaid;mobile.jetstar.com;MW - Bookings per day JP;WARNING;notify-service-by-sms;WARNING: Value is 5.000
[1400195527] SERVICE NOTIFICATION: gmcdaid;mobile.jetstar.com;MW - Bookings per day JP;WARNING;notify-service-by-email;WARNING: Value is 5.000
[1400195527] SERVICE NOTIFICATION: abrinyov;mobile.jetstar.com;MW - Bookings per day JP;WARNING;notify-service-by-sms;WARNING: Value is 5.000
[1400195528] SERVICE NOTIFICATION: abrinyov;mobile.jetstar.com;MW - Bookings per day JP;WARNING;notify-service-by-email;WARNING: Value is 5.000
[1400195528] SERVICE NOTIFICATION: mnevzorova;mobile.jetstar.com;MW - Bookings per day JP;WARNING;notify-service-by-sms;WARNING: Value is 5.000
[1400195528] SERVICE NOTIFICATION: mnevzorova;mobile.jetstar.com;MW - Bookings per day JP;WARNING;notify-service-by-email;WARNING: Value is 5.000
[1400195528] SERVICE NOTIFICATION: nagiosadmin;mobile.jetstar.com;MW - Bookings per day JP;WARNING;notify-service-by-email;WARNING: Value is 5.000
[1400196077] Auto-save of retention data completed successfully.
[1400196757] EXTERNAL COMMAND: ACKNOWLEDGE_SVC_PROBLEM;mobile.jetstar.com;MW - Bookings per day JP;2;0;0;admin;ок
[1400199677] Auto-save of retention data completed successfully.
[1400201207] SERVICE ALERT: m.flybe.com;MW - Payment Details;WARNING;SOFT;1;WARNING: Value is 2804.000
[1400201447] SERVICE ALERT: m.flybe.com;MW - Payment Details;WARNING;SOFT;2;WARNING: Value is 3044.000
[1400201577] SERVICE ALERT: m.easyjet.com;MW - Server 2 - Payment Details - NIGHT;WARNING;SOFT;1;WARNING: Value is 1634.000
[1400201597] SERVICE ALERT: m.easyjet.com;MW - Server 2 Payment Details;WARNING;SOFT;1;WARNING: Value is 1654.000
[1400201687] SERVICE ALERT: m.flybe.com;MW - Payment Details;WARNING;SOFT;3;WARNING: Value is 3284.000
[1400201817] SERVICE ALERT: m.easyjet.com;MW - Server 2 - Payment Details - NIGHT;WARNING;SOFT;2;WARNING: Value is 1874.000
[1400201837] SERVICE ALERT: m.easyjet.com;MW - Server 2 Payment Details;WARNING;SOFT;2;WARNING: Value is 1894.000
[1400201927] SERVICE ALERT: m.flybe.com;MW - Payment Details;WARNING;HARD;4;WARNING: Value is 3524.000
[1400202057] SERVICE ALERT: m.easyjet.com;MW - Server 2 - Payment Details - NIGHT;WARNING;SOFT;3;WARNING: Value is 2114.000
[1400202077] SERVICE ALERT: m.easyjet.com;MW - Server 2 Payment Details;WARNING;SOFT;3;WARNING: Value is 2134.000
[1400202297] SERVICE ALERT: m.easyjet.com;MW - Server 2 - Payment Details - NIGHT;WARNING;HARD;4;WARNING: Value is 2354.000
[1400202317] SERVICE ALERT: m.easyjet.com;MW - Server 2 Payment Details;WARNING;HARD;4;WARNING: Value is 2374.000
[1400202377] SERVICE ALERT: m.transavia.com;APPS - Payment Details;WARNING;SOFT;1;WARNING: Value is 2791.000
[1400202527] SERVICE ALERT: m.flybe.com;MW - Payment Details;OK;HARD;4;OK: Value is 82.000
[1400202617] SERVICE ALERT: m.transavia.com;APPS - Payment Details;OK;SOFT;2;OK: Value is 173.000
[1400202897] SERVICE ALERT: m.easyjet.com;MW - Server 2 - Payment Details - NIGHT;CRITICAL;HARD;4;CRITICAL: Value is 2954.000
[1400202917] SERVICE ALERT: m.easyjet.com;MW - Server 2 Payment Details;CRITICAL;HARD;4;CRITICAL: Value is 2974.000
[1400203277] Auto-save of retention data completed successfully.
[1400204017] SERVICE ALERT: m.jumeirah.com;MW - Standard Booking;WARNING;SOFT;1;WARNING : sum:73815 : 73.815 seconds to complete. (warning 60)
[1400204097] SERVICE ALERT: m.easyjet.com;MW - Server 2 - Payment Details - NIGHT;OK;HARD;4;OK: Value is 162.000
[1400204117] SERVICE ALERT: m.easyjet.com;MW - Server 2 Payment Details;OK;HARD;4;OK: Value is 182.000
[1400204197] SERVICE ALERT: m.jumeirah.com;MW - Standard Booking;OK;SOFT;2;OK : sum:16230 : 16.23 seconds to complete.
[1400204547] SERVICE ALERT: m.easyjet.com;MW - Server 1 - Payment Details - NIGHT;WARNING;SOFT;1;WARNING: Value is 1204.000
[1400204787] SERVICE ALERT: m.easyjet.com;MW - Server 1 - Payment Details - NIGHT;WARNING;SOFT;2;WARNING: Value is 1444.000
[1400204807] SERVICE ALERT: m.easyjet.com;MW - Server 1 - Payment Details;WARNING;SOFT;1;WARNING: Value is 1470.000
[1400205027] SERVICE ALERT: m.easyjet.com;MW - Server 1 - Payment Details - NIGHT;OK;SOFT;3;OK: Value is 128.000
[1400205047] SERVICE ALERT: m.easyjet.com;MW - Server 1 - Payment Details;OK;SOFT;2;OK: Value is 154.000
[1400206727] SERVICE ALERT: m.flybe.com;MW - Payment Details;WARNING;SOFT;1;WARNING: Value is 2934.000
[1400206827] SERVICE ALERT: m.easyjet.com;MW - Server 1 - Payment Details - NIGHT;WARNING;SOFT;1;WARNING: Value is 1368.000
[1400206847] SERVICE ALERT: m.easyjet.com;MW - Server 1 - Payment Details;WARNING;SOFT;1;WARNING: Value is 1394.000
[1400206877] Auto-save of retention data completed successfully.
[1400206967] SERVICE ALERT: m.flybe.com;MW - Payment Details;WARNING;SOFT;2;WARNING: Value is 3174.000
[1400207067] SERVICE ALERT: m.easyjet.com;MW - Server 1 - Payment Details - NIGHT;WARNING;SOFT;2;WARNING: Value is 1608.000
[1400207087] SERVICE ALERT: m.easyjet.com;MW - Server 1 - Payment Details;WARNING;SOFT;2;WARNING: Value is 1634.000
[1400207097] SERVICE ALERT: m.easyjet.com;MW - Server 2 - Payment Details - NIGHT;WARNING;SOFT;1;WARNING: Value is 1475.000
[1400207117] SERVICE ALERT: m.easyjet.com;MW - Server 2 Payment Details;WARNING;SOFT;1;WARNING: Value is 1495.000
[1400207207] SERVICE ALERT: m.flybe.com;MW - Payment Details;OK;SOFT;3;OK: Value is 22.000
[1400207307] SERVICE ALERT: m.easyjet.com;MW - Server 1 - Payment Details - NIGHT;WARNING;SOFT;3;WARNING: Value is 1848.000
[1400207327] SERVICE ALERT: m.easyjet.com;MW - Server 1 - Payment Details;WARNING;SOFT;3;WARNING: Value is 1874.000
[1400207337] SERVICE ALERT: m.easyjet.com;MW - Server 2 - Payment Details - NIGHT;WARNING;SOFT;2;WARNING: Value is 1715.000
[1400207357] SERVICE ALERT: m.easyjet.com;MW - Server 2 Payment Details;WARNING;SOFT;2;WARNING: Value is 1735.000
[1400207547] SERVICE ALERT: m.easyjet.com;MW - Server 1 - Payment Details - NIGHT;WARNING;HARD;4;WARNING: Value is 2088.000
[1400207567] SERVICE ALERT: m.easyjet.com;MW - Server 1 - Payment Details;WARNING;HARD;4;WARNING: Value is 2114.000
[1400207577] SERVICE ALERT: m.easyjet.com;MW - Server 2 - Payment Details - NIGHT;WARNING;SOFT;3;WARNING: Value is 1955.000
[1400207597] SERVICE ALERT: m.easyjet.com;MW - Server 2 Payment Details;WARNING;SOFT;3;WARNING: Value is 1975.000
[1400207817] SERVICE ALERT: m.easyjet.com;MW - Server 2 - Payment Details - NIGHT;WARNING;HARD;4;WARNING: Value is 2195.000
[1400207817] SERVICE FLAPPING ALERT: m.easyjet.com;MW - Server 2 - Payment Details - NIGHT;STARTED; Service appears to have started flapping (22.4% change >= 20.0% threshold)
[1400207837] SERVICE ALERT: m.easyjet.com;MW - Server 2 Payment Details;WARNING;HARD;4;WARNING: Value is 2215.000
[1400207837] SERVICE FLAPPING ALERT: m.easyjet.com;MW - Server 2 Payment Details;STARTED; Service appears to have started flapping (22.4% change >= 20.0% threshold)
[1400208147] SERVICE ALERT: m.easyjet.com;MW - Server 1 - Payment Details - NIGHT;CRITICAL;HARD;4;CRITICAL: Value is 2688.000
[1400208167] SERVICE ALERT: m.easyjet.com;MW - Server 1 - Payment Details;CRITICAL;HARD;4;CRITICAL: Value is 2714.000
[1400208417] SERVICE ALERT: m.easyjet.com;MW - Server 2 - Payment Details - NIGHT;OK;HARD;4;OK: Value is 34.000
[1400208437] SERVICE ALERT: m.easyjet.com;MW - Server 2 Payment Details;OK;HARD;4;OK: Value is 54.000
[1400208747] SERVICE ALERT: m.easyjet.com;MW - Server 1 - Payment Details - NIGHT;OK;HARD;4;OK: Value is 7.000
[1400208767] SERVICE ALERT: m.easyjet.com;MW - Server 1 - Payment Details;OK;HARD;4;OK: Value is 7.000
[1400209217] SERVICE ALERT: m.transavia.com;APPS - Payment Details;WARNING;SOFT;1;WARNING: Value is 2474.000
[1400209457] SERVICE ALERT: m.transavia.com;APPS - Payment Details;WARNING;SOFT;2;WARNING: Value is 2714.000
[1400209607] SERVICE ALERT: m.flybe.com;MW - Payment Details;WARNING;SOFT;1;WARNING: Value is 2422.000
[1400209697] SERVICE ALERT: m.transavia.com;APPS - Payment Details;WARNING;SOFT;3;WARNING: Value is 2954.000
[1400209847] SERVICE ALERT: m.flybe.com;MW - Payment Details;WARNING;SOFT;2;WARNING: Value is 2662.000
[1400209937] SERVICE ALERT: m.transavia.com;APPS - Payment Details;OK;SOFT;4;OK: Value is 238.000
[1400210087] SERVICE ALERT: m.flybe.com;MW - Payment Details;WARNING;SOFT;3;WARNING: Value is 2902.000
[1400210327] SERVICE ALERT: m.flybe.com;MW - Payment Details;WARNING;HARD;4;WARNING: Value is 3142.000
[1400210477] Auto-save of retention data completed successfully.
[1400210927] SERVICE ALERT: m.flybe.com;MW - Payment Details;OK;HARD;4;OK: Value is 128.000
[1400210927] SERVICE FLAPPING ALERT: m.flybe.com;MW - Payment Details;STARTED; Service appears to have started flapping (21.6% change >= 20.0% threshold)
[1400211437] SERVICE ALERT: m.easyjet.com;MW - Server 2 Payment Details;WARNING;SOFT;1;WARNING: Value is 1205.000
[1400211447] SERVICE ALERT: m.jumeirah.com;MW - Standard Booking;WARNING;SOFT;1;WARNING : sum:60796 : 60.796 seconds to complete. (warning 60)
[1400211637] SERVICE ALERT: m.jumeirah.com;MW - Standard Booking;OK;SOFT;2;OK : sum:15679 : 15.679 seconds to complete.
[1400211677] SERVICE ALERT: m.easyjet.com;MW - Server 2 Payment Details;WARNING;SOFT;2;WARNING: Value is 1445.000
[1400211747] SERVICE ALERT: m.easyjet.com;MW - Server 1 - Payment Details - NIGHT;WARNING;SOFT;1;WARNING: Value is 1597.000
[1400211767] SERVICE ALERT: m.easyjet.com;MW - Server 1 - Payment Details;WARNING;SOFT;1;WARNING: Value is 1623.000
[1400211917] SERVICE ALERT: m.easyjet.com;MW - Server 2 Payment Details;OK;SOFT;3;OK: Value is 11.000
[1400211987] SERVICE ALERT: m.easyjet.com;MW - Server 1 - Payment Details - NIGHT;WARNING;SOFT;2;WARNING: Value is 1837.000
[1400212007] SERVICE ALERT: m.easyjet.com;MW - Server 1 - Payment Details;WARNING;SOFT;2;WARNING: Value is 1863.000
[1400212227] SERVICE ALERT: m.easyjet.com;MW - Server 1 - Payment Details - NIGHT;WARNING;SOFT;3;WARNING: Value is 2077.000
[1400212247] SERVICE ALERT: m.easyjet.com;MW - Server 1 - Payment Details;WARNING;SOFT;3;WARNING: Value is 2103.000
[1400212467] SERVICE ALERT: m.easyjet.com;MW - Server 1 - Payment Details - NIGHT;WARNING;HARD;4;WARNING: Value is 2317.000
[1400212467] SERVICE FLAPPING ALERT: m.easyjet.com;MW - Server 1 - Payment Details - NIGHT;STARTED; Service appears to have started flapping (22.6% change >= 20.0% threshold)
[1400212487] SERVICE ALERT: m.easyjet.com;MW - Server 1 - Payment Details;WARNING;HARD;4;WARNING: Value is 2343.000
[1400212487] SERVICE FLAPPING ALERT: m.easyjet.com;MW - Server 1 - Payment Details;STARTED; Service appears to have started flapping (22.6% change >= 20.0% threshold)
[1400212927] SERVICE ALERT: mobile.jetstar.com;MW - Bookings per day JP;CRITICAL;HARD;4;CRITICAL: Value is 1.000
[1400213067] SERVICE ALERT: m.easyjet.com;MW - Server 1 - Payment Details - NIGHT;OK;HARD;4;OK: Value is 466.000
[1400213087] SERVICE ALERT: m.easyjet.com;MW - Server 1 - Payment Details;OK;HARD;4;OK: Value is 492.000
[1400213327] SERVICE ALERT: m.flybe.com;MW - Payment Details;WARNING;SOFT;1;WARNING: Value is 2528.000
[1400213567] SERVICE ALERT: m.flybe.com;MW - Payment Details;WARNING;SOFT;2;WARNING: Value is 2768.000
[1400213717] SERVICE ALERT: m.easyjet.com;MW - Server 2 Payment Details;WARNING;SOFT;1;WARNING: Value is 1265.000
[1400213807] SERVICE ALERT: m.flybe.com;MW - Payment Details;OK;SOFT;3;OK: Value is 19.000
[1400213817] SERVICE ALERT: m.easyjet.com;MW - Server 2 - Payment Details - NIGHT;WARNING;SOFT;1;WARNING: Value is 1365.000
[1400213957] SERVICE ALERT: m.easyjet.com;MW - Server 2 Payment Details;WARNING;SOFT;2;WARNING: Value is 1505.000
[1400214057] SERVICE ALERT: m.easyjet.com;MW - Server 2 - Payment Details - NIGHT;WARNING;SOFT;2;WARNING: Value is 1605.000
[1400214077] Auto-save of retention data completed successfully.
[1400214137] SERVICE ALERT: m.transavia.com;APPS - Payment Details;WARNING;SOFT;1;WARNING: Value is 2408.000
[1400214197] SERVICE ALERT: m.easyjet.com;MW - Server 2 Payment Details;OK;SOFT;3;OK: Value is 90.000
[1400214297] SERVICE ALERT: m.easyjet.com;MW - Server 2 - Payment Details - NIGHT;OK;SOFT;3;OK: Value is 190.000
[1400214377] SERVICE ALERT: m.transavia.com;APPS - Payment Details;WARNING;SOFT;2;WARNING: Value is 2648.000
[1400214617] SERVICE ALERT: m.transavia.com;APPS - Payment Details;WARNING;SOFT;3;WARNING: Value is 2888.000
[1400214857] SERVICE ALERT: m.transavia.com;APPS - Payment Details;WARNING;HARD;4;WARNING: Value is 3128.000
[1400215397] SERVICE ALERT: m.easyjet.com;MW - Server 2 Payment Details;WARNING;SOFT;1;WARNING: Value is 1290.000
[1400215457] SERVICE ALERT: m.transavia.com;APPS - Payment Details;OK;HARD;4;OK: Value is 375.000
[1400215497] SERVICE ALERT: m.easyjet.com;MW - Server 2 - Payment Details - NIGHT;WARNING;SOFT;1;WARNING: Value is 1390.000
[1400215637] SERVICE ALERT: m.easyjet.com;MW - Server 2 Payment Details;WARNING;SOFT;2;WARNING: Value is 1530.000
[1400215737] SERVICE ALERT: m.easyjet.com;MW - Server 2 - Payment Details - NIGHT;OK;SOFT;2;OK: Value is 70.000
[1400215877] SERVICE ALERT: m.easyjet.com;MW - Server 2 Payment Details;OK;SOFT;3;OK: Value is 96.000
[1400216527] SERVICE ALERT: mobile.jetstar.com;MW - Bookings per day JP;WARNING;HARD;4;WARNING: Value is 2.000
[1400217677] Auto-save of retention data completed successfully.
[1400218467] SERVICE ALERT: m.easyjet.com;MW - Server 1 - Payment Details - NIGHT;WARNING;SOFT;1;WARNING: Value is 1398.000
[1400218487] SERVICE ALERT: m.easyjet.com;MW - Server 1 - Payment Details;WARNING;SOFT;1;WARNING: Value is 1424.000
[1400218707] SERVICE ALERT: m.easyjet.com;MW - Server 1 - Payment Details - NIGHT;WARNING;SOFT;2;WARNING: Value is 1638.000
[1400218727] SERVICE ALERT: m.easyjet.com;MW - Server 1 - Payment Details;WARNING;SOFT;2;WARNING: Value is 1664.000
[1400218947] SERVICE ALERT: m.easyjet.com;MW - Server 1 - Payment Details - NIGHT;OK;SOFT;3;OK: Value is 189.000
[1400218967] SERVICE ALERT: m.easyjet.com;MW - Server 1 - Payment Details;OK;SOFT;3;OK: Value is 215.000
[1400220127] SERVICE ALERT: m.easyjet.com;Apps - HTTP;CRITICAL;SOFT;1;CRITICAL - Socket timeout after 10 seconds
[1400220127] SERVICE ALERT: helpdesk.mttnow.com;HTTP;CRITICAL;SOFT;1;CRITICAL - Socket timeout after 10 seconds
[1400220137] SERVICE ALERT: asterisk.int.mttnow.com;Asterisk Trunk Reg Failure;CRITICAL;SOFT;1;CRITICAL - Socket timeout after 10 seconds
[1400220147] SERVICE ALERT: mobile.jetstar.com;MW - Bookings per day JP;CRITICAL;HARD;4;CRITICAL: 500 read timeout
[1400220177] SERVICE ALERT: m.easyjet.com;Disk /var s2-sc1-c-euw;CRITICAL;SOFT;1;CHECK_NRPE: Socket timeout after 10 seconds.
[1400220177] SERVICE ALERT: m.easyjet.com;Disk / s1-sc3-b-euw;CRITICAL;SOFT;1;CHECK_NRPE: Socket timeout after 10 seconds.
[1400220177] SERVICE ALERT: m.easyjet.com;Disk / s1-sc6-b-euw;CRITICAL;SOFT;1;CHECK_NRPE: Socket timeout after 10 seconds.
[1400220187] SERVICE ALERT: asterisk.int.mttnow.com;Asterisk Trunk Reg Failure;OK;SOFT;2;TCP OK - 1.847 second response time on port 7080
[1400220187] SERVICE ALERT: m.easyjet.com;Apps - HTTP;CRITICAL;SOFT;2;CRITICAL - Socket timeout after 10 seconds
[1400220187] SERVICE ALERT: helpdesk.mttnow.com;HTTP;CRITICAL;SOFT;2;CRITICAL - Socket timeout after 10 seconds
[1400220207] SERVICE ALERT: api.clickatell.com;HTTPS;CRITICAL;SOFT;1;CRITICAL - Socket timeout after 10 seconds
[1400220227] SERVICE ALERT: m.easyjet.com;Disk / s1-sc4-b-euw;CRITICAL;SOFT;1;CHECK_NRPE: Socket timeout after 10 seconds.
[1400220227] SERVICE ALERT: m.atlantisthepalm.com;Disk /;CRITICAL;SOFT;1;CHECK_NRPE: Socket timeout after 10 seconds.
[1400220227] SERVICE ALERT: m.easyjet.com;Disk /var s1-sc5-b-euw;CRITICAL;SOFT;1;CHECK_NRPE: Socket timeout after 10 seconds.
[1400220227] SERVICE ALERT: eleventh-hour.com;Server 1 - Disk /var;CRITICAL;SOFT;1;CHECK_NRPE: Socket timeout after 10 seconds.
[1400220227] SERVICE ALERT: m.easyjet.com;Disk /var s2-sc2-c-euw;CRITICAL;SOFT;1;CHECK_NRPE: Socket timeout after 10 seconds.
[1400220227] SERVICE ALERT: m.flybe.com;NTP Offset;CRITICAL;SOFT;1;CHECK_NRPE: Socket timeout after 10 seconds.
[1400220227] SERVICE ALERT: mobile.jetstar.com;Disk S1 /;CRITICAL;SOFT;1;CHECK_NRPE: Socket timeout after 10 seconds.
[1400220227] SERVICE ALERT: m.abacus.com.sg;Disk /var;CRITICAL;SOFT;1;CHECK_NRPE: Socket timeout after 10 seconds.
[1400220227] SERVICE ALERT: m.flybe.com;MW - Availability Results;CRITICAL;SOFT;1;CRITICAL: 500 Can't connect to m.flybe.com:80 (connect: timeout)
[1400220227] SERVICE ALERT: bcd.mttnow.com;NTP Offset - adb1-c-use;CRITICAL;SOFT;1;CHECK_NRPE: Socket timeout after 10 seconds.
[1400220237] SERVICE ALERT: bcd.mttnow.com;NTP Offset - s1-sc1-c-use;CRITICAL;SOFT;1;CHECK_NRPE: Socket timeout after 10 seconds.
[1400220237] SERVICE ALERT: helpdesk.mttnow.com;Helpdesk Ansaback queue checking;CRITICAL;SOFT;1;CRITICAL: 500 Can't connect to helpdesk.mttnow.com:80 (connect: timeout)
[1400220237] SERVICE ALERT: m.easyjet.com;Apps - HTTP;OK;SOFT;3;HTTP OK - HTTP/1.1 302 Found - 0.287 second response time
[1400220237] SERVICE ALERT: m.flybe.com;MW - Session Timeouts Per Day;CRITICAL;SOFT;1;CRITICAL: 500 read timeout
[1400220237] SERVICE ALERT: helpdesk.mttnow.com;HTTP;OK;SOFT;3;HTTP OK - HTTP/1.1 302 Found - 0.308 second response time
[1400220247] SERVICE ALERT: www.mttnow.com;Webapp - Deep check;CRITICAL;SOFT;1;WebInject CRITICAL - Unable to open Home Page
[1400220257] SERVICE ALERT: api.clickatell.com;HTTPS;OK;SOFT;2;HTTP OK HTTP/1.1 200 OK - 147 bytes in 1.103 seconds
[1400220287] SERVICE ALERT: helpdesk.mttnow.com;Helpdesk Ansaback queue checking;OK;SOFT;2;OK: Value is 0.000
[1400220287] SERVICE ALERT: www.mttnow.com;Webapp - Deep check;OK;SOFT;2;WebInject OK - All tests passed successfully in 2.317 seconds
[1400220287] SERVICE ALERT: m.easyjet.com;Disk / s1-sc3-b-euw;OK;SOFT;2;DISK OK - free space: / 5059 MB (63% inode=81%):
[1400220287] SERVICE ALERT: m.easyjet.com;Disk / s1-sc6-b-euw;OK;SOFT;2;DISK OK - free space: / 5059 MB (63% inode=81%):
[1400220287] SERVICE ALERT: m.easyjet.com;Disk /var s2-sc1-c-euw;OK;SOFT;2;DISK OK - free space: /var 30985 MB (64% inode=99%):
[1400220337] SERVICE ALERT: m.easyjet.com;Disk /var s1-sc5-b-euw;OK;SOFT;2;DISK OK - free space: /var 180669 MB (62% inode=99%):
[1400220337] SERVICE ALERT: eleventh-hour.com;Server 1 - Disk /var;OK;SOFT;2;DISK OK - free space: /var 9581 MB (33% inode=98%):
[1400220337] SERVICE ALERT: m.atlantisthepalm.com;Disk /;OK;SOFT;2;DISK OK - free space: / 5624 MB (69% inode=92%):
[1400220337] SERVICE ALERT: m.easyjet.com;Disk /var s2-sc2-c-euw;OK;SOFT;2;DISK OK - free space: /var 27565 MB (57% inode=99%):
[1400220337] SERVICE ALERT: m.easyjet.com;Disk / s1-sc4-b-euw;OK;SOFT;2;DISK OK - free space: / 3353 MB (42% inode=81%):
[1400220337] SERVICE ALERT: m.abacus.com.sg;Disk /var;OK;SOFT;2;DISK OK - free space: /var 27776 MB (57% inode=99%):
[1400220337] SERVICE ALERT: mobile.jetstar.com;Disk S1 /;OK;SOFT;2;DISK OK - free space: / 3533 MB (35% inode=92%):
[1400220337] SERVICE ALERT: m.flybe.com;NTP Offset;OK;SOFT;2;NTP OK: Offset 0.002479553223 secs
[1400220347] SERVICE ALERT: bcd.mttnow.com;NTP Offset - adb1-c-use;OK;SOFT;2;NTP OK: Offset 0.001379847527 secs
[1400220347] SERVICE ALERT: bcd.mttnow.com;NTP Offset - s1-sc1-c-use;OK;SOFT;2;NTP OK: Offset -0.001106142998 secs
[1400220457] SERVICE ALERT: m.flybe.com;MW - Availability Results;OK;SOFT;2;OK: Value is 1.000
[1400220457] SERVICE ALERT: m.flybe.com;MW - Session Timeouts Per Day;OK;SOFT;2;OK: Value is 0.000
[1400220537] SERVICE FLAPPING ALERT: m.easyjet.com;MW - Server 2 - Payment Details - NIGHT;STOPPED; Service appears to have stopped flapping (3.8% change < 5.0% threshold)
[1400220727] SERVICE ALERT: mobile.jetstar.com;MW - Bookings per day JP;WARNING;HARD;4;WARNING: Value is 3.000
[1400220727] SERVICE FLAPPING ALERT: mobile.jetstar.com;MW - Bookings per day JP;STARTED; Service appears to have started flapping (22.2% change >= 20.0% threshold)
[1400221277] Auto-save of retention data completed successfully.
[1400221277] SERVICE FLAPPING ALERT: m.easyjet.com;MW - Server 2 Payment Details;STOPPED; Service appears to have stopped flapping (3.8% change < 5.0% threshold)
[1400222807] SERVICE FLAPPING ALERT: m.flybe.com;MW - Payment Details;STOPPED; Service appears to have stopped flapping (3.8% change < 5.0% threshold)
[1400224877] Auto-save of retention data completed successfully.
[1400224947] SERVICE FLAPPING ALERT: m.easyjet.com;MW - Server 1 - Payment Details - NIGHT;STOPPED; Service appears to have stopped flapping (3.8% change < 5.0% threshold)
[1400224967] SERVICE FLAPPING ALERT: m.easyjet.com;MW - Server 1 - Payment Details;STOPPED; Service appears to have stopped flapping (3.8% change < 5.0% threshold)
[1400228477] Auto-save of retention data completed successfully.
[1400230957] SERVICE ALERT: latam.mttnow.com;APP - Email Send Check - elb1-usw;CRITICAL;SOFT;1;CRITICAL: Timeout 180 sec expired.
[1400230967] SERVICE ALERT: latam.mttnow.com;APP - Email Send Check - elb1-usw;OK;SOFT;2;OK : sum:3229 : 3.229 seconds to complete.
[1400232077] Auto-save of retention data completed successfully.
[1400232127] SERVICE FLAPPING ALERT: mobile.jetstar.com;MW - Bookings per day JP;STOPPED; Service appears to have stopped flapping (3.8% change < 5.0% threshold)
[1400235677] Auto-save of retention data completed successfully.
[1400238027] SERVICE ALERT: m.atlantisthepalm.com;MW - Dolphin Bay;CRITICAL;SOFT;1;WebInject CRITICAL - Couldn't display Time Slots
[1400238257] SERVICE ALERT: m.atlantisthepalm.com;MW - Dolphin Bay;OK;SOFT;2;WebInject OK - All tests passed successfully in 11.552 seconds
[1400239277] Auto-save of retention data completed successfully.
[1400240417] SERVICE ALERT: latam.mttnow.com;NTP Offset - s2-sc1-c-usw;WARNING;SOFT;1;NTP WARNING: Offset 0.1515965462 secs
[1400240537] SERVICE ALERT: latam.mttnow.com;NTP Offset - s2-sc1-c-usw;OK;SOFT;2;NTP OK: Offset -0.01611995697 secs
[1400242877] Auto-save of retention data completed successfully.
[1400244947] SERVICE ALERT: m.flybe.com;NTP Offset;CRITICAL;SOFT;1;NTP CRITICAL: Offset -1.951141953 secs
[1400245067] SERVICE ALERT: m.flybe.com;NTP Offset;CRITICAL;SOFT;2;NTP CRITICAL: Offset -1.95150888 secs
[1400245177] SERVICE ALERT: m.flybe.com;NTP Offset;OK;SOFT;3;NTP OK: Offset 0.001408934593 secs
[1400246427] SERVICE ALERT: bcd.mttnow.com;NTP Offset - sms2-d-use;CRITICAL;SOFT;1;NTP CRITICAL: Offset -1.526054025 secs
[1400246477] Auto-save of retention data completed successfully.
[1400246547] SERVICE ALERT: bcd.mttnow.com;NTP Offset - sms2-d-use;OK;SOFT;2;NTP OK: Offset -0.002859950066 secs
[1400247487] SERVICE ALERT: asterisk.int.mttnow.com;Asterisk Trunk Reg Failure;WARNING;SOFT;1;TCP WARNING - Unexpected response from host/socket on port 7080
[1400247547] SERVICE ALERT: asterisk.int.mttnow.com;Asterisk Trunk Reg Failure;OK;SOFT;2;TCP OK - 0.821 second response time on port 7080
[1400249667] SERVICE ALERT: bcd.mttnow.com;NTP Offset - pms-a-use;WARNING;SOFT;1;NTP WARNING: Offset 0.2081719637 secs
[1400249787] SERVICE ALERT: bcd.mttnow.com;NTP Offset - pms-a-use;OK;SOFT;2;NTP OK: Offset 0.004417419434 secs
[1400250077] Auto-save of retention data completed successfully.
[1400250737] SERVICE ALERT: latam.mttnow.com;NTP Offset - s2-sc1-c-usw;WARNING;SOFT;1;NTP WARNING: Offset -0.05083525181 secs
[1400250857] SERVICE ALERT: latam.mttnow.com;NTP Offset - s2-sc1-c-usw;OK;SOFT;2;NTP OK: Offset 0.002322077751 secs
[1400253677] Auto-save of retention data completed successfully.
[1400257277] Auto-save of retention data completed successfully.
[1400257857] SERVICE ALERT: m.flybe.com;HTTP - Tomcat;CRITICAL;SOFT;1;HTTP CRITICAL: HTTP/1.1 503 Service Temporarily Unavailable
[1400257927] SERVICE ALERT: m.flybe.com;HTTP - Tomcat;CRITICAL;SOFT;2;HTTP CRITICAL: HTTP/1.1 503 Service Temporarily Unavailable
[1400257997] SERVICE ALERT: m.flybe.com;HTTP - Tomcat;CRITICAL;SOFT;3;HTTP CRITICAL: HTTP/1.1 503 Service Temporarily Unavailable
[1400258017] SERVICE ALERT: m.flybe.com;HTTP - Tomcat;OK;SOFT;4;HTTP OK - HTTP/1.1 302 Moved Temporarily - 13.570 second response time
[1400260877] Auto-save of retention data completed successfully.
[1400264477] Auto-save of retention data completed successfully.
[1400268077] Auto-save of retention data completed successfully.
[1400271677] Auto-save of retention data completed successfully.
[1400271947] SERVICE ALERT: m.easyjet.com;Apps - User Login;CRITICAL;SOFT;1;CRITICAL: Timeout 180 sec expired.
[1400272007] SERVICE ALERT: m.easyjet.com;Apps - User Login;OK;SOFT;2;OK : sum:1398 : 1.398 seconds to complete.
[1400275277] Auto-save of retention data completed successfully.
[1400278077] SERVICE ALERT: m.jumeirah.com;MW - Table Reservation;WARNING;SOFT;1;WARNING : sum:66188 : 66.188 seconds to complete. (warning 60)
[1400278257] SERVICE ALERT: m.jumeirah.com;MW - Table Reservation;OK;SOFT;2;OK : sum:3970 : 3.97 seconds to complete.
[1400278877] Auto-save of retention data completed successfully.
